{"C:\\repo\\wihy_ui\\client\\src\\App.tsx": {"path":"C:\\repo\\wihy_ui\\client\\src\\App.tsx","statementMap":{"0":{"start":{"line":15,"column":21},"end":{"line":15,"column":62}},"1":{"start":{"line":17,"column":34},"end":{"line":40,"column":1}},"2":{"start":{"line":18,"column":2},"end":{"line":39,"column":3}},"3":{"start":{"line":19,"column":4},"end":{"line":19,"column":57}},"4":{"start":{"line":21,"column":21},"end":{"line":26,"column":6}},"5":{"start":{"line":28,"column":4},"end":{"line":30,"column":5}},"6":{"start":{"line":29,"column":6},"end":{"line":29,"column":64}},"7":{"start":{"line":32,"column":17},"end":{"line":32,"column":38}},"8":{"start":{"line":33,"column":4},"end":{"line":33,"column":44}},"9":{"start":{"line":35,"column":4},"end":{"line":35,"column":16}},"10":{"start":{"line":37,"column":4},"end":{"line":37,"column":53}},"11":{"start":{"line":38,"column":4},"end":{"line":38,"column":16}},"12":{"start":{"line":42,"column":23},"end":{"line":44,"column":1}},"13":{"start":{"line":47,"column":23},"end":{"line":51,"column":1}},"14":{"start":{"line":55,"column":30},"end":{"line":300,"column":1}},"15":{"start":{"line":56,"column":25},"end":{"line":56,"column":42}},"16":{"start":{"line":57,"column":19},"end":{"line":57,"column":32}},"17":{"start":{"line":58,"column":16},"end":{"line":58,"column":43}},"18":{"start":{"line":59,"column":23},"end":{"line":59,"column":65}},"19":{"start":{"line":60,"column":19},"end":{"line":60,"column":56}},"20":{"start":{"line":62,"column":36},"end":{"line":62,"column":51}},"21":{"start":{"line":63,"column":32},"end":{"line":63,"column":52}},"22":{"start":{"line":64,"column":38},"end":{"line":64,"column":74}},"23":{"start":{"line":65,"column":36},"end":{"line":65,"column":58}},"24":{"start":{"line":66,"column":48},"end":{"line":66,"column":70}},"25":{"start":{"line":67,"column":38},"end":{"line":67,"column":58}},"26":{"start":{"line":70,"column":44},"end":{"line":70,"column":58}},"27":{"start":{"line":73,"column":29},"end":{"line":73,"column":47}},"28":{"start":{"line":74,"column":23},"end":{"line":74,"column":45}},"29":{"start":{"line":77,"column":30},"end":{"line":80,"column":3}},"30":{"start":{"line":78,"column":23},"end":{"line":78,"column":89}},"31":{"start":{"line":79,"column":4},"end":{"line":79,"column":47}},"32":{"start":{"line":83,"column":2},"end":{"line":250,"column":38}},"33":{"start":{"line":84,"column":25},"end":{"line":193,"column":5}},"34":{"start":{"line":85,"column":6},"end":{"line":88,"column":7}},"35":{"start":{"line":86,"column":8},"end":{"line":86,"column":28}},"36":{"start":{"line":87,"column":8},"end":{"line":87,"column":15}},"37":{"start":{"line":91,"column":23},"end":{"line":91,"column":71}},"38":{"start":{"line":94,"column":6},"end":{"line":97,"column":7}},"39":{"start":{"line":95,"column":8},"end":{"line":95,"column":59}},"40":{"start":{"line":96,"column":8},"end":{"line":96,"column":15}},"41":{"start":{"line":99,"column":6},"end":{"line":99,"column":53}},"42":{"start":{"line":100,"column":6},"end":{"line":100,"column":44}},"43":{"start":{"line":101,"column":6},"end":{"line":101,"column":34}},"44":{"start":{"line":103,"column":6},"end":{"line":103,"column":51}},"45":{"start":{"line":104,"column":6},"end":{"line":104,"column":67}},"46":{"start":{"line":107,"column":27},"end":{"line":107,"column":64}},"47":{"start":{"line":108,"column":6},"end":{"line":119,"column":7}},"48":{"start":{"line":109,"column":8},"end":{"line":109,"column":59}},"49":{"start":{"line":110,"column":8},"end":{"line":110,"column":33}},"50":{"start":{"line":111,"column":8},"end":{"line":111,"column":31}},"51":{"start":{"line":112,"column":8},"end":{"line":112,"column":28}},"52":{"start":{"line":113,"column":8},"end":{"line":113,"column":25}},"53":{"start":{"line":114,"column":8},"end":{"line":114,"column":31}},"54":{"start":{"line":115,"column":8},"end":{"line":115,"column":26}},"55":{"start":{"line":116,"column":8},"end":{"line":116,"column":32}},"56":{"start":{"line":117,"column":8},"end":{"line":117,"column":37}},"57":{"start":{"line":118,"column":8},"end":{"line":118,"column":15}},"58":{"start":{"line":122,"column":6},"end":{"line":127,"column":7}},"59":{"start":{"line":123,"column":8},"end":{"line":123,"column":89}},"60":{"start":{"line":124,"column":8},"end":{"line":124,"column":37}},"61":{"start":{"line":125,"column":8},"end":{"line":125,"column":22}},"62":{"start":{"line":126,"column":8},"end":{"line":126,"column":15}},"63":{"start":{"line":130,"column":6},"end":{"line":130,"column":25}},"64":{"start":{"line":132,"column":6},"end":{"line":192,"column":7}},"65":{"start":{"line":134,"column":8},"end":{"line":134,"column":95}},"66":{"start":{"line":138,"column":8},"end":{"line":147,"column":9}},"67":{"start":{"line":140,"column":10},"end":{"line":140,"column":62}},"68":{"start":{"line":141,"column":29},"end":{"line":141,"column":65}},"69":{"start":{"line":142,"column":10},"end":{"line":142,"column":66}},"70":{"start":{"line":145,"column":10},"end":{"line":145,"column":64}},"71":{"start":{"line":146,"column":10},"end":{"line":146,"column":57}},"72":{"start":{"line":149,"column":8},"end":{"line":149,"column":61}},"73":{"start":{"line":151,"column":8},"end":{"line":171,"column":9}},"74":{"start":{"line":152,"column":34},"end":{"line":152,"column":72}},"75":{"start":{"line":153,"column":10},"end":{"line":153,"column":38}},"76":{"start":{"line":154,"column":10},"end":{"line":154,"column":32}},"77":{"start":{"line":157,"column":10},"end":{"line":157,"column":87}},"78":{"start":{"line":159,"column":10},"end":{"line":159,"column":61}},"79":{"start":{"line":160,"column":10},"end":{"line":160,"column":73}},"80":{"start":{"line":162,"column":10},"end":{"line":166,"column":11}},"81":{"start":{"line":163,"column":12},"end":{"line":163,"column":122}},"82":{"start":{"line":165,"column":12},"end":{"line":165,"column":162}},"83":{"start":{"line":169,"column":10},"end":{"line":169,"column":69}},"84":{"start":{"line":170,"column":10},"end":{"line":170,"column":37}},"85":{"start":{"line":174,"column":8},"end":{"line":174,"column":48}},"86":{"start":{"line":176,"column":8},"end":{"line":187,"column":9}},"87":{"start":{"line":177,"column":10},"end":{"line":177,"column":37}},"88":{"start":{"line":179,"column":10},"end":{"line":179,"column":59}},"89":{"start":{"line":180,"column":31},"end":{"line":180,"column":83}},"90":{"start":{"line":181,"column":10},"end":{"line":181,"column":35}},"91":{"start":{"line":182,"column":10},"end":{"line":182,"column":33}},"92":{"start":{"line":184,"column":10},"end":{"line":184,"column":27}},"93":{"start":{"line":185,"column":10},"end":{"line":185,"column":33}},"94":{"start":{"line":186,"column":10},"end":{"line":186,"column":28}},"95":{"start":{"line":189,"column":8},"end":{"line":189,"column":28}},"96":{"start":{"line":190,"column":8},"end":{"line":190,"column":32}},"97":{"start":{"line":191,"column":8},"end":{"line":191,"column":37}},"98":{"start":{"line":196,"column":31},"end":{"line":247,"column":5}},"99":{"start":{"line":197,"column":6},"end":{"line":246,"column":7}},"100":{"start":{"line":198,"column":8},"end":{"line":198,"column":73}},"101":{"start":{"line":199,"column":33},"end":{"line":199,"column":67}},"102":{"start":{"line":201,"column":8},"end":{"line":217,"column":9}},"103":{"start":{"line":202,"column":10},"end":{"line":202,"column":58}},"104":{"start":{"line":205,"column":32},"end":{"line":205,"column":77}},"105":{"start":{"line":207,"column":10},"end":{"line":207,"column":36}},"106":{"start":{"line":208,"column":10},"end":{"line":208,"column":34}},"107":{"start":{"line":211,"column":26},"end":{"line":211,"column":51}},"108":{"start":{"line":212,"column":10},"end":{"line":212,"column":84}},"109":{"start":{"line":214,"column":10},"end":{"line":214,"column":115}},"110":{"start":{"line":216,"column":10},"end":{"line":216,"column":85}},"111":{"start":{"line":220,"column":8},"end":{"line":243,"column":9}},"112":{"start":{"line":221,"column":10},"end":{"line":221,"column":64}},"113":{"start":{"line":222,"column":10},"end":{"line":222,"column":100}},"114":{"start":{"line":224,"column":36},"end":{"line":224,"column":113}},"115":{"start":{"line":226,"column":10},"end":{"line":240,"column":11}},"116":{"start":{"line":227,"column":34},"end":{"line":227,"column":64}},"117":{"start":{"line":228,"column":12},"end":{"line":228,"column":66}},"118":{"start":{"line":230,"column":12},"end":{"line":239,"column":13}},"119":{"start":{"line":231,"column":14},"end":{"line":231,"column":76}},"120":{"start":{"line":232,"column":35},"end":{"line":232,"column":64}},"121":{"start":{"line":233,"column":14},"end":{"line":233,"column":39}},"122":{"start":{"line":234,"column":14},"end":{"line":234,"column":42}},"123":{"start":{"line":237,"column":14},"end":{"line":237,"column":85}},"124":{"start":{"line":238,"column":14},"end":{"line":238,"column":21}},"125":{"start":{"line":242,"column":10},"end":{"line":242,"column":68}},"126":{"start":{"line":245,"column":8},"end":{"line":245,"column":52}},"127":{"start":{"line":249,"column":4},"end":{"line":249,"column":19}},"128":{"start":{"line":253,"column":29},"end":{"line":273,"column":3}},"129":{"start":{"line":254,"column":20},"end":{"line":254,"column":46}},"130":{"start":{"line":256,"column":4},"end":{"line":270,"column":7}},"131":{"start":{"line":257,"column":6},"end":{"line":257,"column":45}},"132":{"start":{"line":258,"column":6},"end":{"line":258,"column":73}},"133":{"start":{"line":259,"column":6},"end":{"line":259,"column":57}},"134":{"start":{"line":260,"column":6},"end":{"line":260,"column":94}},"135":{"start":{"line":261,"column":6},"end":{"line":261,"column":85}},"136":{"start":{"line":262,"column":6},"end":{"line":262,"column":44}},"137":{"start":{"line":264,"column":6},"end":{"line":266,"column":7}},"138":{"start":{"line":265,"column":8},"end":{"line":265,"column":64}},"139":{"start":{"line":268,"column":6},"end":{"line":268,"column":61}},"140":{"start":{"line":269,"column":6},"end":{"line":269,"column":29}},"141":{"start":{"line":272,"column":4},"end":{"line":272,"column":21}},"142":{"start":{"line":275,"column":29},"end":{"line":277,"column":3}},"143":{"start":{"line":276,"column":4},"end":{"line":276,"column":18}},"144":{"start":{"line":279,"column":26},"end":{"line":285,"column":3}},"145":{"start":{"line":280,"column":4},"end":{"line":284,"column":5}},"146":{"start":{"line":282,"column":6},"end":{"line":282,"column":29}},"147":{"start":{"line":283,"column":6},"end":{"line":283,"column":61}},"148":{"start":{"line":287,"column":2},"end":{"line":299,"column":4}},"149":{"start":{"line":302,"column":22},"end":{"line":313,"column":1}},"150":{"start":{"line":303,"column":2},"end":{"line":303,"column":40}},"151":{"start":{"line":305,"column":2},"end":{"line":312,"column":4}}},"fnMap":{"0":{"name":"(anonymous_0)","decl":{"start":{"line":17,"column":34},"end":{"line":17,"column":35}},"loc":{"start":{"line":17,"column":59},"end":{"line":40,"column":1}},"line":17},"1":{"name":"(anonymous_1)","decl":{"start":{"line":55,"column":30},"end":{"line":55,"column":31}},"loc":{"start":{"line":55,"column":36},"end":{"line":300,"column":1}},"line":55},"2":{"name":"(anonymous_2)","decl":{"start":{"line":77,"column":30},"end":{"line":77,"column":31}},"loc":{"start":{"line":77,"column":36},"end":{"line":80,"column":3}},"line":77},"3":{"name":"(anonymous_3)","decl":{"start":{"line":83,"column":12},"end":{"line":83,"column":13}},"loc":{"start":{"line":83,"column":18},"end":{"line":250,"column":3}},"line":83},"4":{"name":"(anonymous_4)","decl":{"start":{"line":84,"column":25},"end":{"line":84,"column":26}},"loc":{"start":{"line":84,"column":37},"end":{"line":193,"column":5}},"line":84},"5":{"name":"(anonymous_5)","decl":{"start":{"line":196,"column":31},"end":{"line":196,"column":32}},"loc":{"start":{"line":196,"column":43},"end":{"line":247,"column":5}},"line":196},"6":{"name":"(anonymous_6)","decl":{"start":{"line":253,"column":29},"end":{"line":253,"column":30}},"loc":{"start":{"line":253,"column":58},"end":{"line":273,"column":3}},"line":253},"7":{"name":"(anonymous_7)","decl":{"start":{"line":256,"column":21},"end":{"line":256,"column":22}},"loc":{"start":{"line":256,"column":41},"end":{"line":270,"column":5}},"line":256},"8":{"name":"(anonymous_8)","decl":{"start":{"line":275,"column":29},"end":{"line":275,"column":30}},"loc":{"start":{"line":275,"column":35},"end":{"line":277,"column":3}},"line":275},"9":{"name":"(anonymous_9)","decl":{"start":{"line":279,"column":26},"end":{"line":279,"column":27}},"loc":{"start":{"line":279,"column":48},"end":{"line":285,"column":3}},"line":279},"10":{"name":"(anonymous_10)","decl":{"start":{"line":302,"column":22},"end":{"line":302,"column":23}},"loc":{"start":{"line":302,"column":28},"end":{"line":313,"column":1}},"line":302}},"branchMap":{"0":{"loc":{"start":{"line":28,"column":4},"end":{"line":30,"column":5}},"type":"if","locations":[{"start":{"line":28,"column":4},"end":{"line":30,"column":5}},{"start":{},"end":{}}],"line":28},"1":{"loc":{"start":{"line":58,"column":16},"end":{"line":58,"column":43}},"type":"binary-expr","locations":[{"start":{"line":58,"column":16},"end":{"line":58,"column":37}},{"start":{"line":58,"column":41},"end":{"line":58,"column":43}}],"line":58},"2":{"loc":{"start":{"line":60,"column":19},"end":{"line":60,"column":56}},"type":"binary-expr","locations":[{"start":{"line":60,"column":19},"end":{"line":60,"column":47}},{"start":{"line":60,"column":51},"end":{"line":60,"column":56}}],"line":60},"3":{"loc":{"start":{"line":85,"column":6},"end":{"line":88,"column":7}},"type":"if","locations":[{"start":{"line":85,"column":6},"end":{"line":88,"column":7}},{"start":{},"end":{}}],"line":85},"4":{"loc":{"start":{"line":85,"column":10},"end":{"line":85,"column":33}},"type":"binary-expr","locations":[{"start":{"line":85,"column":10},"end":{"line":85,"column":16}},{"start":{"line":85,"column":20},"end":{"line":85,"column":33}}],"line":85},"5":{"loc":{"start":{"line":91,"column":23},"end":{"line":91,"column":71}},"type":"cond-expr","locations":[{"start":{"line":91,"column":38},"end":{"line":91,"column":63}},{"start":{"line":91,"column":66},"end":{"line":91,"column":71}}],"line":91},"6":{"loc":{"start":{"line":94,"column":6},"end":{"line":97,"column":7}},"type":"if","locations":[{"start":{"line":94,"column":6},"end":{"line":97,"column":7}},{"start":{},"end":{}}],"line":94},"7":{"loc":{"start":{"line":94,"column":10},"end":{"line":94,"column":73}},"type":"binary-expr","locations":[{"start":{"line":94,"column":10},"end":{"line":94,"column":30}},{"start":{"line":94,"column":34},"end":{"line":94,"column":73}}],"line":94},"8":{"loc":{"start":{"line":108,"column":6},"end":{"line":119,"column":7}},"type":"if","locations":[{"start":{"line":108,"column":6},"end":{"line":119,"column":7}},{"start":{},"end":{}}],"line":108},"9":{"loc":{"start":{"line":122,"column":6},"end":{"line":127,"column":7}},"type":"if","locations":[{"start":{"line":122,"column":6},"end":{"line":127,"column":7}},{"start":{},"end":{}}],"line":122},"10":{"loc":{"start":{"line":122,"column":10},"end":{"line":122,"column":49}},"type":"binary-expr","locations":[{"start":{"line":122,"column":10},"end":{"line":122,"column":31}},{"start":{"line":122,"column":35},"end":{"line":122,"column":49}}],"line":122},"11":{"loc":{"start":{"line":134,"column":57},"end":{"line":134,"column":93}},"type":"binary-expr","locations":[{"start":{"line":134,"column":57},"end":{"line":134,"column":62}},{"start":{"line":134,"column":66},"end":{"line":134,"column":93}}],"line":134},"12":{"loc":{"start":{"line":138,"column":8},"end":{"line":147,"column":9}},"type":"if","locations":[{"start":{"line":138,"column":8},"end":{"line":147,"column":9}},{"start":{"line":143,"column":15},"end":{"line":147,"column":9}}],"line":138},"13":{"loc":{"start":{"line":141,"column":29},"end":{"line":141,"column":65}},"type":"cond-expr","locations":[{"start":{"line":141,"column":50},"end":{"line":141,"column":52}},{"start":{"line":141,"column":55},"end":{"line":141,"column":65}}],"line":141},"14":{"loc":{"start":{"line":151,"column":8},"end":{"line":171,"column":9}},"type":"if","locations":[{"start":{"line":151,"column":8},"end":{"line":171,"column":9}},{"start":{"line":167,"column":15},"end":{"line":171,"column":9}}],"line":151},"15":{"loc":{"start":{"line":162,"column":10},"end":{"line":166,"column":11}},"type":"if","locations":[{"start":{"line":162,"column":10},"end":{"line":166,"column":11}},{"start":{"line":164,"column":17},"end":{"line":166,"column":11}}],"line":162},"16":{"loc":{"start":{"line":197,"column":6},"end":{"line":246,"column":7}},"type":"if","locations":[{"start":{"line":197,"column":6},"end":{"line":246,"column":7}},{"start":{"line":218,"column":13},"end":{"line":246,"column":7}}],"line":197},"17":{"loc":{"start":{"line":201,"column":8},"end":{"line":217,"column":9}},"type":"if","locations":[{"start":{"line":201,"column":8},"end":{"line":217,"column":9}},{"start":{"line":215,"column":15},"end":{"line":217,"column":9}}],"line":201},"18":{"loc":{"start":{"line":201,"column":12},"end":{"line":201,"column":65}},"type":"binary-expr","locations":[{"start":{"line":201,"column":12},"end":{"line":201,"column":36}},{"start":{"line":201,"column":40},"end":{"line":201,"column":65}}],"line":201},"19":{"loc":{"start":{"line":216,"column":26},"end":{"line":216,"column":83}},"type":"binary-expr","locations":[{"start":{"line":216,"column":26},"end":{"line":216,"column":50}},{"start":{"line":216,"column":54},"end":{"line":216,"column":83}}],"line":216},"20":{"loc":{"start":{"line":226,"column":10},"end":{"line":240,"column":11}},"type":"if","locations":[{"start":{"line":226,"column":10},"end":{"line":240,"column":11}},{"start":{},"end":{}}],"line":226},"21":{"loc":{"start":{"line":230,"column":12},"end":{"line":239,"column":13}},"type":"if","locations":[{"start":{"line":230,"column":12},"end":{"line":239,"column":13}},{"start":{},"end":{}}],"line":230},"22":{"loc":{"start":{"line":230,"column":16},"end":{"line":230,"column":61}},"type":"binary-expr","locations":[{"start":{"line":230,"column":16},"end":{"line":230,"column":29}},{"start":{"line":230,"column":33},"end":{"line":230,"column":61}}],"line":230},"23":{"loc":{"start":{"line":264,"column":6},"end":{"line":266,"column":7}},"type":"if","locations":[{"start":{"line":264,"column":6},"end":{"line":266,"column":7}},{"start":{},"end":{}}],"line":264},"24":{"loc":{"start":{"line":264,"column":10},"end":{"line":264,"column":49}},"type":"binary-expr","locations":[{"start":{"line":264,"column":10},"end":{"line":264,"column":22}},{"start":{"line":264,"column":26},"end":{"line":264,"column":49}}],"line":264},"25":{"loc":{"start":{"line":280,"column":4},"end":{"line":284,"column":5}},"type":"if","locations":[{"start":{"line":280,"column":4},"end":{"line":284,"column":5}},{"start":{},"end":{}}],"line":280},"26":{"loc":{"start":{"line":289,"column":13},"end":{"line":289,"column":56}},"type":"cond-expr","locations":[{"start":{"line":289,"column":28},"end":{"line":289,"column":48}},{"start":{"line":289,"column":51},"end":{"line":289,"column":56}}],"line":289}},"s":{"0":0,"1":0,"2":0,"3":0,"4":0,"5":0,"6":0,"7":0,"8":0,"9":0,"10":0,"11":0,"12":0,"13":0,"14":0,"15":0,"16":0,"17":0,"18":0,"19":0,"20":0,"21":0,"22":0,"23":0,"24":0,"25":0,"26":0,"27":0,"28":0,"29":0,"30":0,"31":0,"32":0,"33":0,"34":0,"35":0,"36":0,"37":0,"38":0,"39":0,"40":0,"41":0,"42":0,"43":0,"44":0,"45":0,"46":0,"47":0,"48":0,"49":0,"50":0,"51":0,"52":0,"53":0,"54":0,"55":0,"56":0,"57":0,"58":0,"59":0,"60":0,"61":0,"62":0,"63":0,"64":0,"65":0,"66":0,"67":0,"68":0,"69":0,"70":0,"71":0,"72":0,"73":0,"74":0,"75":0,"76":0,"77":0,"78":0,"79":0,"80":0,"81":0,"82":0,"83":0,"84":0,"85":0,"86":0,"87":0,"88":0,"89":0,"90":0,"91":0,"92":0,"93":0,"94":0,"95":0,"96":0,"97":0,"98":0,"99":0,"100":0,"101":0,"102":0,"103":0,"104":0,"105":0,"106":0,"107":0,"108":0,"109":0,"110":0,"111":0,"112":0,"113":0,"114":0,"115":0,"116":0,"117":0,"118":0,"119":0,"120":0,"121":0,"122":0,"123":0,"124":0,"125":0,"126":0,"127":0,"128":0,"129":0,"130":0,"131":0,"132":0,"133":0,"134":0,"135":0,"136":0,"137":0,"138":0,"139":0,"140":0,"141":0,"142":0,"143":0,"144":0,"145":0,"146":0,"147":0,"148":0,"149":0,"150":0,"151":0},"f":{"0":0,"1":0,"2":0,"3":0,"4":0,"5":0,"6":0,"7":0,"8":0,"9":0,"10":0},"b":{"0":[0,0],"1":[0,0],"2":[0,0],"3":[0,0],"4":[0,0],"5":[0,0],"6":[0,0],"7":[0,0],"8":[0,0],"9":[0,0],"10":[0,0],"11":[0,0],"12":[0,0],"13":[0,0],"14":[0,0],"15":[0,0],"16":[0,0],"17":[0,0],"18":[0,0],"19":[0,0],"20":[0,0],"21":[0,0],"22":[0,0],"23":[0,0],"24":[0,0],"25":[0,0],"26":[0,0]}}
,"C:\\repo\\wihy_ui\\client\\src\\SearchResults.tsx": {"path":"C:\\repo\\wihy_ui\\client\\src\\SearchResults.tsx","statementMap":{"0":{"start":{"line":16,"column":29},"end":{"line":23,"column":1}},"1":{"start":{"line":25,"column":25},"end":{"line":29,"column":1}},"2":{"start":{"line":32,"column":22},"end":{"line":58,"column":1}},"3":{"start":{"line":74,"column":32},"end":{"line":122,"column":1}},"4":{"start":{"line":76,"column":2},"end":{"line":76,"column":25}},"5":{"start":{"line":76,"column":13},"end":{"line":76,"column":25}},"6":{"start":{"line":79,"column":2},"end":{"line":97,"column":3}},"7":{"start":{"line":81,"column":4},"end":{"line":96,"column":5}},"8":{"start":{"line":83,"column":6},"end":{"line":92,"column":7}},"9":{"start":{"line":84,"column":8},"end":{"line":84,"column":28}},"10":{"start":{"line":85,"column":13},"end":{"line":92,"column":7}},"11":{"start":{"line":86,"column":8},"end":{"line":86,"column":28}},"12":{"start":{"line":87,"column":13},"end":{"line":92,"column":7}},"13":{"start":{"line":88,"column":8},"end":{"line":88,"column":28}},"14":{"start":{"line":91,"column":8},"end":{"line":91,"column":36}},"15":{"start":{"line":95,"column":6},"end":{"line":95,"column":26}},"16":{"start":{"line":100,"column":19},"end":{"line":100,"column":41}},"17":{"start":{"line":101,"column":16},"end":{"line":101,"column":36}},"18":{"start":{"line":103,"column":2},"end":{"line":121,"column":4}},"19":{"start":{"line":106,"column":8},"end":{"line":118,"column":9}},"20":{"start":{"line":124,"column":52},"end":{"line":434,"column":1}},"21":{"start":{"line":135,"column":28},"end":{"line":135,"column":40}},"22":{"start":{"line":136,"column":28},"end":{"line":136,"column":64}},"23":{"start":{"line":137,"column":46},"end":{"line":137,"column":75}},"24":{"start":{"line":138,"column":34},"end":{"line":138,"column":46}},"25":{"start":{"line":139,"column":40},"end":{"line":139,"column":55}},"26":{"start":{"line":140,"column":52},"end":{"line":140,"column":67}},"27":{"start":{"line":141,"column":42},"end":{"line":141,"column":96}},"28":{"start":{"line":142,"column":46},"end":{"line":142,"column":61}},"29":{"start":{"line":143,"column":54},"end":{"line":143,"column":74}},"30":{"start":{"line":144,"column":38},"end":{"line":144,"column":53}},"31":{"start":{"line":145,"column":40},"end":{"line":145,"column":55}},"32":{"start":{"line":146,"column":46},"end":{"line":146,"column":80}},"33":{"start":{"line":147,"column":40},"end":{"line":147,"column":106}},"34":{"start":{"line":148,"column":25},"end":{"line":148,"column":42}},"35":{"start":{"line":151,"column":2},"end":{"line":158,"column":9}},"36":{"start":{"line":152,"column":25},"end":{"line":154,"column":5}},"37":{"start":{"line":153,"column":6},"end":{"line":153,"column":40}},"38":{"start":{"line":156,"column":4},"end":{"line":156,"column":52}},"39":{"start":{"line":157,"column":4},"end":{"line":157,"column":68}},"40":{"start":{"line":157,"column":17},"end":{"line":157,"column":67}},"41":{"start":{"line":161,"column":2},"end":{"line":168,"column":9}},"42":{"start":{"line":163,"column":4},"end":{"line":163,"column":42}},"43":{"start":{"line":165,"column":4},"end":{"line":167,"column":6}},"44":{"start":{"line":166,"column":6},"end":{"line":166,"column":44}},"45":{"start":{"line":171,"column":26},"end":{"line":171,"column":72}},"46":{"start":{"line":174,"column":2},"end":{"line":178,"column":34}},"47":{"start":{"line":175,"column":4},"end":{"line":177,"column":5}},"48":{"start":{"line":176,"column":6},"end":{"line":176,"column":72}},"49":{"start":{"line":181,"column":2},"end":{"line":191,"column":26}},"50":{"start":{"line":182,"column":4},"end":{"line":186,"column":5}},"51":{"start":{"line":183,"column":6},"end":{"line":183,"column":48}},"52":{"start":{"line":185,"column":6},"end":{"line":185,"column":51}},"53":{"start":{"line":188,"column":4},"end":{"line":190,"column":6}},"54":{"start":{"line":189,"column":6},"end":{"line":189,"column":51}},"55":{"start":{"line":194,"column":2},"end":{"line":200,"column":14}},"56":{"start":{"line":195,"column":4},"end":{"line":199,"column":6}},"57":{"start":{"line":196,"column":6},"end":{"line":198,"column":7}},"58":{"start":{"line":197,"column":8},"end":{"line":197,"column":35}},"59":{"start":{"line":203,"column":2},"end":{"line":210,"column":21}},"60":{"start":{"line":204,"column":4},"end":{"line":209,"column":5}},"61":{"start":{"line":205,"column":20},"end":{"line":207,"column":14}},"62":{"start":{"line":206,"column":8},"end":{"line":206,"column":30}},"63":{"start":{"line":208,"column":6},"end":{"line":208,"column":39}},"64":{"start":{"line":208,"column":19},"end":{"line":208,"column":38}},"65":{"start":{"line":213,"column":27},"end":{"line":228,"column":3}},"66":{"start":{"line":214,"column":4},"end":{"line":214,"column":23}},"67":{"start":{"line":215,"column":4},"end":{"line":215,"column":43}},"68":{"start":{"line":215,"column":36},"end":{"line":215,"column":43}},"69":{"start":{"line":217,"column":25},"end":{"line":217,"column":37}},"70":{"start":{"line":219,"column":4},"end":{"line":222,"column":5}},"71":{"start":{"line":220,"column":6},"end":{"line":220,"column":68}},"72":{"start":{"line":221,"column":6},"end":{"line":221,"column":13}},"73":{"start":{"line":224,"column":4},"end":{"line":224,"column":73}},"74":{"start":{"line":225,"column":4},"end":{"line":225,"column":40}},"75":{"start":{"line":226,"column":4},"end":{"line":226,"column":25}},"76":{"start":{"line":227,"column":4},"end":{"line":227,"column":30}},"77":{"start":{"line":231,"column":27},"end":{"line":233,"column":3}},"78":{"start":{"line":232,"column":4},"end":{"line":232,"column":33}},"79":{"start":{"line":236,"column":28},"end":{"line":242,"column":3}},"80":{"start":{"line":237,"column":17},"end":{"line":237,"column":40}},"81":{"start":{"line":238,"column":4},"end":{"line":241,"column":5}},"82":{"start":{"line":239,"column":6},"end":{"line":239,"column":21}},"83":{"start":{"line":240,"column":6},"end":{"line":240,"column":33}},"84":{"start":{"line":245,"column":33},"end":{"line":250,"column":3}},"85":{"start":{"line":246,"column":4},"end":{"line":246,"column":32}},"86":{"start":{"line":247,"column":4},"end":{"line":249,"column":5}},"87":{"start":{"line":248,"column":6},"end":{"line":248,"column":43}},"88":{"start":{"line":253,"column":22},"end":{"line":253,"column":52}},"89":{"start":{"line":255,"column":2},"end":{"line":433,"column":4}},"90":{"start":{"line":427,"column":23},"end":{"line":427,"column":50}}},"fnMap":{"0":{"name":"(anonymous_0)","decl":{"start":{"line":74,"column":32},"end":{"line":74,"column":33}},"loc":{"start":{"line":74,"column":64},"end":{"line":122,"column":1}},"line":74},"1":{"name":"(anonymous_1)","decl":{"start":{"line":105,"column":17},"end":{"line":105,"column":18}},"loc":{"start":{"line":106,"column":8},"end":{"line":118,"column":9}},"line":106},"2":{"name":"(anonymous_2)","decl":{"start":{"line":124,"column":52},"end":{"line":124,"column":53}},"loc":{"start":{"line":134,"column":6},"end":{"line":434,"column":1}},"line":134},"3":{"name":"(anonymous_3)","decl":{"start":{"line":151,"column":12},"end":{"line":151,"column":13}},"loc":{"start":{"line":151,"column":18},"end":{"line":158,"column":3}},"line":151},"4":{"name":"(anonymous_4)","decl":{"start":{"line":152,"column":25},"end":{"line":152,"column":26}},"loc":{"start":{"line":152,"column":31},"end":{"line":154,"column":5}},"line":152},"5":{"name":"(anonymous_5)","decl":{"start":{"line":157,"column":11},"end":{"line":157,"column":12}},"loc":{"start":{"line":157,"column":17},"end":{"line":157,"column":67}},"line":157},"6":{"name":"(anonymous_6)","decl":{"start":{"line":161,"column":12},"end":{"line":161,"column":13}},"loc":{"start":{"line":161,"column":18},"end":{"line":168,"column":3}},"line":161},"7":{"name":"(anonymous_7)","decl":{"start":{"line":165,"column":11},"end":{"line":165,"column":12}},"loc":{"start":{"line":165,"column":17},"end":{"line":167,"column":5}},"line":165},"8":{"name":"(anonymous_8)","decl":{"start":{"line":174,"column":12},"end":{"line":174,"column":13}},"loc":{"start":{"line":174,"column":18},"end":{"line":178,"column":3}},"line":174},"9":{"name":"(anonymous_9)","decl":{"start":{"line":181,"column":12},"end":{"line":181,"column":13}},"loc":{"start":{"line":181,"column":18},"end":{"line":191,"column":3}},"line":181},"10":{"name":"(anonymous_10)","decl":{"start":{"line":188,"column":11},"end":{"line":188,"column":12}},"loc":{"start":{"line":188,"column":17},"end":{"line":190,"column":5}},"line":188},"11":{"name":"(anonymous_11)","decl":{"start":{"line":194,"column":12},"end":{"line":194,"column":13}},"loc":{"start":{"line":194,"column":18},"end":{"line":200,"column":3}},"line":194},"12":{"name":"(anonymous_12)","decl":{"start":{"line":195,"column":11},"end":{"line":195,"column":12}},"loc":{"start":{"line":195,"column":17},"end":{"line":199,"column":5}},"line":195},"13":{"name":"(anonymous_13)","decl":{"start":{"line":203,"column":12},"end":{"line":203,"column":13}},"loc":{"start":{"line":203,"column":18},"end":{"line":210,"column":3}},"line":203},"14":{"name":"(anonymous_14)","decl":{"start":{"line":205,"column":31},"end":{"line":205,"column":32}},"loc":{"start":{"line":205,"column":37},"end":{"line":207,"column":7}},"line":205},"15":{"name":"(anonymous_15)","decl":{"start":{"line":208,"column":13},"end":{"line":208,"column":14}},"loc":{"start":{"line":208,"column":19},"end":{"line":208,"column":38}},"line":208},"16":{"name":"(anonymous_16)","decl":{"start":{"line":213,"column":27},"end":{"line":213,"column":28}},"loc":{"start":{"line":213,"column":57},"end":{"line":228,"column":3}},"line":213},"17":{"name":"(anonymous_17)","decl":{"start":{"line":231,"column":27},"end":{"line":231,"column":28}},"loc":{"start":{"line":231,"column":33},"end":{"line":233,"column":3}},"line":231},"18":{"name":"(anonymous_18)","decl":{"start":{"line":236,"column":28},"end":{"line":236,"column":29}},"loc":{"start":{"line":236,"column":76},"end":{"line":242,"column":3}},"line":236},"19":{"name":"(anonymous_19)","decl":{"start":{"line":245,"column":33},"end":{"line":245,"column":34}},"loc":{"start":{"line":245,"column":51},"end":{"line":250,"column":3}},"line":245},"20":{"name":"(anonymous_20)","decl":{"start":{"line":347,"column":28},"end":{"line":347,"column":29}},"loc":{"start":{"line":347,"column":34},"end":{"line":347,"column":36}},"line":347},"21":{"name":"(anonymous_21)","decl":{"start":{"line":348,"column":27},"end":{"line":348,"column":28}},"loc":{"start":{"line":348,"column":33},"end":{"line":348,"column":35}},"line":348},"22":{"name":"(anonymous_22)","decl":{"start":{"line":427,"column":17},"end":{"line":427,"column":18}},"loc":{"start":{"line":427,"column":23},"end":{"line":427,"column":50}},"line":427}},"branchMap":{"0":{"loc":{"start":{"line":76,"column":2},"end":{"line":76,"column":25}},"type":"if","locations":[{"start":{"line":76,"column":2},"end":{"line":76,"column":25}},{"start":{},"end":{}}],"line":76},"1":{"loc":{"start":{"line":79,"column":2},"end":{"line":97,"column":3}},"type":"if","locations":[{"start":{"line":79,"column":2},"end":{"line":97,"column":3}},{"start":{},"end":{}}],"line":79},"2":{"loc":{"start":{"line":81,"column":4},"end":{"line":96,"column":5}},"type":"if","locations":[{"start":{"line":81,"column":4},"end":{"line":96,"column":5}},{"start":{"line":93,"column":11},"end":{"line":96,"column":5}}],"line":81},"3":{"loc":{"start":{"line":83,"column":6},"end":{"line":92,"column":7}},"type":"if","locations":[{"start":{"line":83,"column":6},"end":{"line":92,"column":7}},{"start":{"line":85,"column":13},"end":{"line":92,"column":7}}],"line":83},"4":{"loc":{"start":{"line":85,"column":13},"end":{"line":92,"column":7}},"type":"if","locations":[{"start":{"line":85,"column":13},"end":{"line":92,"column":7}},{"start":{"line":87,"column":13},"end":{"line":92,"column":7}}],"line":85},"5":{"loc":{"start":{"line":87,"column":13},"end":{"line":92,"column":7}},"type":"if","locations":[{"start":{"line":87,"column":13},"end":{"line":92,"column":7}},{"start":{"line":89,"column":13},"end":{"line":92,"column":7}}],"line":87},"6":{"loc":{"start":{"line":106,"column":8},"end":{"line":118,"column":9}},"type":"cond-expr","locations":[{"start":{"line":107,"column":10},"end":{"line":115,"column":14}},{"start":{"line":117,"column":10},"end":{"line":117,"column":14}}],"line":106},"7":{"loc":{"start":{"line":131,"column":2},"end":{"line":131,"column":16}},"type":"default-arg","locations":[{"start":{"line":131,"column":14},"end":{"line":131,"column":16}}],"line":131},"8":{"loc":{"start":{"line":132,"column":2},"end":{"line":132,"column":22}},"type":"default-arg","locations":[{"start":{"line":132,"column":20},"end":{"line":132,"column":22}}],"line":132},"9":{"loc":{"start":{"line":133,"column":2},"end":{"line":133,"column":17}},"type":"default-arg","locations":[{"start":{"line":133,"column":15},"end":{"line":133,"column":17}}],"line":133},"10":{"loc":{"start":{"line":147,"column":49},"end":{"line":147,"column":105}},"type":"cond-expr","locations":[{"start":{"line":147,"column":81},"end":{"line":147,"column":98}},{"start":{"line":147,"column":101},"end":{"line":147,"column":105}}],"line":147},"11":{"loc":{"start":{"line":171,"column":26},"end":{"line":171,"column":72}},"type":"binary-expr","locations":[{"start":{"line":171,"column":26},"end":{"line":171,"column":33}},{"start":{"line":171,"column":37},"end":{"line":171,"column":58}},{"start":{"line":171,"column":62},"end":{"line":171,"column":72}}],"line":171},"12":{"loc":{"start":{"line":175,"column":4},"end":{"line":177,"column":5}},"type":"if","locations":[{"start":{"line":175,"column":4},"end":{"line":177,"column":5}},{"start":{},"end":{}}],"line":175},"13":{"loc":{"start":{"line":175,"column":8},"end":{"line":175,"column":38}},"type":"binary-expr","locations":[{"start":{"line":175,"column":8},"end":{"line":175,"column":13}},{"start":{"line":175,"column":17},"end":{"line":175,"column":24}},{"start":{"line":175,"column":28},"end":{"line":175,"column":38}}],"line":175},"14":{"loc":{"start":{"line":182,"column":4},"end":{"line":186,"column":5}},"type":"if","locations":[{"start":{"line":182,"column":4},"end":{"line":186,"column":5}},{"start":{"line":184,"column":11},"end":{"line":186,"column":5}}],"line":182},"15":{"loc":{"start":{"line":196,"column":6},"end":{"line":198,"column":7}},"type":"if","locations":[{"start":{"line":196,"column":6},"end":{"line":198,"column":7}},{"start":{},"end":{}}],"line":196},"16":{"loc":{"start":{"line":196,"column":10},"end":{"line":196,"column":64}},"type":"binary-expr","locations":[{"start":{"line":196,"column":10},"end":{"line":196,"column":35}},{"start":{"line":196,"column":39},"end":{"line":196,"column":64}}],"line":196},"17":{"loc":{"start":{"line":204,"column":4},"end":{"line":209,"column":5}},"type":"if","locations":[{"start":{"line":204,"column":4},"end":{"line":209,"column":5}},{"start":{},"end":{}}],"line":204},"18":{"loc":{"start":{"line":215,"column":4},"end":{"line":215,"column":43}},"type":"if","locations":[{"start":{"line":215,"column":4},"end":{"line":215,"column":43}},{"start":{},"end":{}}],"line":215},"19":{"loc":{"start":{"line":215,"column":8},"end":{"line":215,"column":34}},"type":"binary-expr","locations":[{"start":{"line":215,"column":8},"end":{"line":215,"column":21}},{"start":{"line":215,"column":25},"end":{"line":215,"column":34}}],"line":215},"20":{"loc":{"start":{"line":219,"column":4},"end":{"line":222,"column":5}},"type":"if","locations":[{"start":{"line":219,"column":4},"end":{"line":222,"column":5}},{"start":{},"end":{}}],"line":219},"21":{"loc":{"start":{"line":219,"column":8},"end":{"line":219,"column":69}},"type":"binary-expr","locations":[{"start":{"line":219,"column":8},"end":{"line":219,"column":43}},{"start":{"line":219,"column":47},"end":{"line":219,"column":69}}],"line":219},"22":{"loc":{"start":{"line":238,"column":4},"end":{"line":241,"column":5}},"type":"if","locations":[{"start":{"line":238,"column":4},"end":{"line":241,"column":5}},{"start":{},"end":{}}],"line":238},"23":{"loc":{"start":{"line":247,"column":4},"end":{"line":249,"column":5}},"type":"if","locations":[{"start":{"line":247,"column":4},"end":{"line":249,"column":5}},{"start":{},"end":{}}],"line":247},"24":{"loc":{"start":{"line":278,"column":7},"end":{"line":285,"column":7}},"type":"binary-expr","locations":[{"start":{"line":278,"column":8},"end":{"line":278,"column":17}},{"start":{"line":278,"column":21},"end":{"line":278,"column":32}},{"start":{"line":279,"column":8},"end":{"line":284,"column":10}}],"line":278},"25":{"loc":{"start":{"line":291,"column":17},"end":{"line":291,"column":53}},"type":"cond-expr","locations":[{"start":{"line":291,"column":38},"end":{"line":291,"column":44}},{"start":{"line":291,"column":47},"end":{"line":291,"column":53}}],"line":291},"26":{"loc":{"start":{"line":295,"column":9},"end":{"line":421,"column":9}},"type":"cond-expr","locations":[{"start":{"line":296,"column":10},"end":{"line":406,"column":16}},{"start":{"line":408,"column":10},"end":{"line":420,"column":11}}],"line":295},"27":{"loc":{"start":{"line":298,"column":33},"end":{"line":298,"column":71}},"type":"cond-expr","locations":[{"start":{"line":298,"column":54},"end":{"line":298,"column":59}},{"start":{"line":298,"column":62},"end":{"line":298,"column":71}}],"line":298},"28":{"loc":{"start":{"line":299,"column":30},"end":{"line":299,"column":70}},"type":"cond-expr","locations":[{"start":{"line":299,"column":51},"end":{"line":299,"column":62}},{"start":{"line":299,"column":65},"end":{"line":299,"column":70}}],"line":299},"29":{"loc":{"start":{"line":313,"column":23},"end":{"line":313,"column":59}},"type":"cond-expr","locations":[{"start":{"line":313,"column":44},"end":{"line":313,"column":50}},{"start":{"line":313,"column":53},"end":{"line":313,"column":59}}],"line":313},"30":{"loc":{"start":{"line":357,"column":23},"end":{"line":357,"column":59}},"type":"cond-expr","locations":[{"start":{"line":357,"column":44},"end":{"line":357,"column":50}},{"start":{"line":357,"column":53},"end":{"line":357,"column":59}}],"line":357},"31":{"loc":{"start":{"line":376,"column":17},"end":{"line":403,"column":17}},"type":"binary-expr","locations":[{"start":{"line":376,"column":17},"end":{"line":376,"column":24}},{"start":{"line":377,"column":18},"end":{"line":402,"column":21}}],"line":376},"32":{"loc":{"start":{"line":383,"column":36},"end":{"line":383,"column":85}},"type":"cond-expr","locations":[{"start":{"line":383,"column":60},"end":{"line":383,"column":72}},{"start":{"line":383,"column":75},"end":{"line":383,"column":85}}],"line":383},"33":{"loc":{"start":{"line":391,"column":36},"end":{"line":391,"column":85}},"type":"cond-expr","locations":[{"start":{"line":391,"column":60},"end":{"line":391,"column":72}},{"start":{"line":391,"column":75},"end":{"line":391,"column":85}}],"line":391},"34":{"loc":{"start":{"line":399,"column":36},"end":{"line":399,"column":85}},"type":"cond-expr","locations":[{"start":{"line":399,"column":60},"end":{"line":399,"column":72}},{"start":{"line":399,"column":75},"end":{"line":399,"column":85}}],"line":399},"35":{"loc":{"start":{"line":408,"column":10},"end":{"line":420,"column":11}},"type":"binary-expr","locations":[{"start":{"line":408,"column":10},"end":{"line":408,"column":20}},{"start":{"line":408,"column":24},"end":{"line":408,"column":36}},{"start":{"line":409,"column":12},"end":{"line":419,"column":18}}],"line":408}},"s":{"0":0,"1":0,"2":0,"3":0,"4":0,"5":0,"6":0,"7":0,"8":0,"9":0,"10":0,"11":0,"12":0,"13":0,"14":0,"15":0,"16":0,"17":0,"18":0,"19":0,"20":0,"21":0,"22":0,"23":0,"24":0,"25":0,"26":0,"27":0,"28":0,"29":0,"30":0,"31":0,"32":0,"33":0,"34":0,"35":0,"36":0,"37":0,"38":0,"39":0,"40":0,"41":0,"42":0,"43":0,"44":0,"45":0,"46":0,"47":0,"48":0,"49":0,"50":0,"51":0,"52":0,"53":0,"54":0,"55":0,"56":0,"57":0,"58":0,"59":0,"60":0,"61":0,"62":0,"63":0,"64":0,"65":0,"66":0,"67":0,"68":0,"69":0,"70":0,"71":0,"72":0,"73":0,"74":0,"75":0,"76":0,"77":0,"78":0,"79":0,"80":0,"81":0,"82":0,"83":0,"84":0,"85":0,"86":0,"87":0,"88":0,"89":0,"90":0},"f":{"0":0,"1":0,"2":0,"3":0,"4":0,"5":0,"6":0,"7":0,"8":0,"9":0,"10":0,"11":0,"12":0,"13":0,"14":0,"15":0,"16":0,"17":0,"18":0,"19":0,"20":0,"21":0,"22":0},"b":{"0":[0,0],"1":[0,0],"2":[0,0],"3":[0,0],"4":[0,0],"5":[0,0],"6":[0,0],"7":[0],"8":[0],"9":[0],"10":[0,0],"11":[0,0,0],"12":[0,0],"13":[0,0,0],"14":[0,0],"15":[0,0],"16":[0,0],"17":[0,0],"18":[0,0],"19":[0,0],"20":[0,0],"21":[0,0],"22":[0,0],"23":[0,0],"24":[0,0,0],"25":[0,0],"26":[0,0],"27":[0,0],"28":[0,0],"29":[0,0],"30":[0,0],"31":[0,0],"32":[0,0],"33":[0,0],"34":[0,0],"35":[0,0,0]}}
,"C:\\repo\\wihy_ui\\client\\src\\VHealthSearch.tsx": {"path":"C:\\repo\\wihy_ui\\client\\src\\VHealthSearch.tsx","statementMap":{"0":{"start":{"line":12,"column":32},"end":{"line":953,"column":1}},"1":{"start":{"line":16,"column":40},"end":{"line":16,"column":52}},"2":{"start":{"line":17,"column":40},"end":{"line":17,"column":55}},"3":{"start":{"line":18,"column":52},"end":{"line":18,"column":67}},"4":{"start":{"line":19,"column":36},"end":{"line":19,"column":51}},"5":{"start":{"line":20,"column":38},"end":{"line":20,"column":53}},"6":{"start":{"line":21,"column":46},"end":{"line":21,"column":70}},"7":{"start":{"line":22,"column":68},"end":{"line":22,"column":83}},"8":{"start":{"line":24,"column":19},"end":{"line":24,"column":32}},"9":{"start":{"line":25,"column":25},"end":{"line":25,"column":55}},"10":{"start":{"line":26,"column":25},"end":{"line":26,"column":42}},"11":{"start":{"line":27,"column":29},"end":{"line":27,"column":65}},"12":{"start":{"line":32,"column":2},"end":{"line":86,"column":9}},"13":{"start":{"line":34,"column":27},"end":{"line":73,"column":5}},"14":{"start":{"line":35,"column":24},"end":{"line":35,"column":88}},"15":{"start":{"line":36,"column":6},"end":{"line":72,"column":7}},"16":{"start":{"line":38,"column":8},"end":{"line":69,"column":9}},"17":{"start":{"line":40,"column":10},"end":{"line":40,"column":86}},"18":{"start":{"line":41,"column":10},"end":{"line":44,"column":26}},"19":{"start":{"line":45,"column":10},"end":{"line":45,"column":94}},"20":{"start":{"line":46,"column":10},"end":{"line":46,"column":72}},"21":{"start":{"line":49,"column":25},"end":{"line":49,"column":26}},"22":{"start":{"line":50,"column":31},"end":{"line":54,"column":11}},"23":{"start":{"line":51,"column":12},"end":{"line":51,"column":44}},"24":{"start":{"line":52,"column":12},"end":{"line":52,"column":99}},"25":{"start":{"line":53,"column":12},"end":{"line":53,"column":70}},"26":{"start":{"line":53,"column":29},"end":{"line":53,"column":64}},"27":{"start":{"line":55,"column":10},"end":{"line":55,"column":25}},"28":{"start":{"line":57,"column":10},"end":{"line":57,"column":60}},"29":{"start":{"line":58,"column":10},"end":{"line":58,"column":84}},"30":{"start":{"line":61,"column":10},"end":{"line":61,"column":105}},"31":{"start":{"line":62,"column":10},"end":{"line":65,"column":26}},"32":{"start":{"line":66,"column":10},"end":{"line":66,"column":94}},"33":{"start":{"line":67,"column":10},"end":{"line":67,"column":86}},"34":{"start":{"line":68,"column":10},"end":{"line":68,"column":51}},"35":{"start":{"line":71,"column":8},"end":{"line":71,"column":68}},"36":{"start":{"line":76,"column":4},"end":{"line":76,"column":21}},"37":{"start":{"line":77,"column":22},"end":{"line":77,"column":53}},"38":{"start":{"line":80,"column":25},"end":{"line":80,"column":56}},"39":{"start":{"line":82,"column":4},"end":{"line":85,"column":6}},"40":{"start":{"line":83,"column":6},"end":{"line":83,"column":30}},"41":{"start":{"line":84,"column":6},"end":{"line":84,"column":33}},"42":{"start":{"line":98,"column":30},"end":{"line":113,"column":3}},"43":{"start":{"line":99,"column":4},"end":{"line":99,"column":48}},"44":{"start":{"line":99,"column":38},"end":{"line":99,"column":48}},"45":{"start":{"line":100,"column":4},"end":{"line":100,"column":50}},"46":{"start":{"line":100,"column":40},"end":{"line":100,"column":50}},"47":{"start":{"line":101,"column":4},"end":{"line":101,"column":53}},"48":{"start":{"line":101,"column":43},"end":{"line":101,"column":53}},"49":{"start":{"line":102,"column":4},"end":{"line":102,"column":54}},"50":{"start":{"line":102,"column":44},"end":{"line":102,"column":54}},"51":{"start":{"line":103,"column":4},"end":{"line":103,"column":83}},"52":{"start":{"line":103,"column":73},"end":{"line":103,"column":83}},"53":{"start":{"line":105,"column":4},"end":{"line":105,"column":52}},"54":{"start":{"line":105,"column":42},"end":{"line":105,"column":52}},"55":{"start":{"line":106,"column":4},"end":{"line":106,"column":54}},"56":{"start":{"line":106,"column":44},"end":{"line":106,"column":54}},"57":{"start":{"line":107,"column":4},"end":{"line":107,"column":55}},"58":{"start":{"line":107,"column":45},"end":{"line":107,"column":55}},"59":{"start":{"line":108,"column":4},"end":{"line":108,"column":56}},"60":{"start":{"line":108,"column":46},"end":{"line":108,"column":56}},"61":{"start":{"line":109,"column":4},"end":{"line":109,"column":44}},"62":{"start":{"line":109,"column":34},"end":{"line":109,"column":44}},"63":{"start":{"line":111,"column":4},"end":{"line":111,"column":43}},"64":{"start":{"line":111,"column":32},"end":{"line":111,"column":43}},"65":{"start":{"line":112,"column":4},"end":{"line":112,"column":14}},"66":{"start":{"line":119,"column":19},"end":{"line":138,"column":3}},"67":{"start":{"line":120,"column":15},"end":{"line":120,"column":77}},"68":{"start":{"line":121,"column":4},"end":{"line":121,"column":20}},"69":{"start":{"line":121,"column":13},"end":{"line":121,"column":20}},"70":{"start":{"line":124,"column":4},"end":{"line":128,"column":5}},"71":{"start":{"line":125,"column":6},"end":{"line":125,"column":31}},"72":{"start":{"line":126,"column":6},"end":{"line":126,"column":36}},"73":{"start":{"line":127,"column":6},"end":{"line":127,"column":13}},"74":{"start":{"line":131,"column":4},"end":{"line":131,"column":29}},"75":{"start":{"line":132,"column":17},"end":{"line":132,"column":32}},"76":{"start":{"line":133,"column":4},"end":{"line":133,"column":34}},"77":{"start":{"line":136,"column":16},"end":{"line":136,"column":58}},"78":{"start":{"line":137,"column":4},"end":{"line":137,"column":56}},"79":{"start":{"line":144,"column":28},"end":{"line":151,"column":3}},"80":{"start":{"line":145,"column":4},"end":{"line":145,"column":23}},"81":{"start":{"line":147,"column":4},"end":{"line":150,"column":11}},"82":{"start":{"line":148,"column":17},"end":{"line":148,"column":79}},"83":{"start":{"line":149,"column":6},"end":{"line":149,"column":39}},"84":{"start":{"line":149,"column":14},"end":{"line":149,"column":39}},"85":{"start":{"line":162,"column":27},"end":{"line":164,"column":3}},"86":{"start":{"line":163,"column":4},"end":{"line":163,"column":39}},"87":{"start":{"line":171,"column":23},"end":{"line":173,"column":3}},"88":{"start":{"line":172,"column":4},"end":{"line":172,"column":41}},"89":{"start":{"line":179,"column":24},"end":{"line":181,"column":3}},"90":{"start":{"line":180,"column":4},"end":{"line":180,"column":35}},"91":{"start":{"line":193,"column":23},"end":{"line":374,"column":3}},"92":{"start":{"line":194,"column":23},"end":{"line":194,"column":48}},"93":{"start":{"line":195,"column":4},"end":{"line":195,"column":48}},"94":{"start":{"line":195,"column":41},"end":{"line":195,"column":48}},"95":{"start":{"line":198,"column":4},"end":{"line":198,"column":55}},"96":{"start":{"line":199,"column":19},"end":{"line":199,"column":52}},"97":{"start":{"line":201,"column":4},"end":{"line":201,"column":23}},"98":{"start":{"line":202,"column":4},"end":{"line":202,"column":48}},"99":{"start":{"line":204,"column":4},"end":{"line":373,"column":5}},"100":{"start":{"line":206,"column":6},"end":{"line":206,"column":45}},"101":{"start":{"line":208,"column":6},"end":{"line":235,"column":7}},"102":{"start":{"line":209,"column":25},"end":{"line":209,"column":114}},"103":{"start":{"line":211,"column":8},"end":{"line":227,"column":9}},"104":{"start":{"line":212,"column":29},"end":{"line":212,"column":50}},"105":{"start":{"line":213,"column":10},"end":{"line":213,"column":60}},"106":{"start":{"line":214,"column":10},"end":{"line":214,"column":57}},"107":{"start":{"line":215,"column":10},"end":{"line":215,"column":65}},"108":{"start":{"line":215,"column":39},"end":{"line":215,"column":63}},"109":{"start":{"line":217,"column":10},"end":{"line":217,"column":30}},"110":{"start":{"line":219,"column":10},"end":{"line":225,"column":13}},"111":{"start":{"line":226,"column":10},"end":{"line":226,"column":17}},"112":{"start":{"line":230,"column":8},"end":{"line":233,"column":9}},"113":{"start":{"line":231,"column":10},"end":{"line":231,"column":53}},"114":{"start":{"line":232,"column":10},"end":{"line":232,"column":17}},"115":{"start":{"line":234,"column":8},"end":{"line":234,"column":64}},"116":{"start":{"line":238,"column":6},"end":{"line":238,"column":48}},"117":{"start":{"line":239,"column":6},"end":{"line":239,"column":60}},"118":{"start":{"line":241,"column":6},"end":{"line":357,"column":7}},"119":{"start":{"line":243,"column":8},"end":{"line":243,"column":71}},"120":{"start":{"line":244,"column":29},"end":{"line":244,"column":67}},"121":{"start":{"line":246,"column":8},"end":{"line":311,"column":9}},"122":{"start":{"line":248,"column":32},"end":{"line":256,"column":11}},"123":{"start":{"line":258,"column":10},"end":{"line":258,"column":70}},"124":{"start":{"line":260,"column":32},"end":{"line":263,"column":101}},"125":{"start":{"line":265,"column":10},"end":{"line":308,"column":11}},"126":{"start":{"line":266,"column":12},"end":{"line":266,"column":51}},"127":{"start":{"line":269,"column":12},"end":{"line":269,"column":52}},"128":{"start":{"line":271,"column":12},"end":{"line":289,"column":15}},"129":{"start":{"line":282,"column":14},"end":{"line":286,"column":15}},"130":{"start":{"line":283,"column":16},"end":{"line":283,"column":63}},"131":{"start":{"line":285,"column":16},"end":{"line":285,"column":56}},"132":{"start":{"line":288,"column":14},"end":{"line":288,"column":53}},"133":{"start":{"line":291,"column":12},"end":{"line":291,"column":48}},"134":{"start":{"line":292,"column":12},"end":{"line":292,"column":67}},"135":{"start":{"line":292,"column":41},"end":{"line":292,"column":65}},"136":{"start":{"line":294,"column":12},"end":{"line":294,"column":32}},"137":{"start":{"line":295,"column":12},"end":{"line":295,"column":64}},"138":{"start":{"line":298,"column":12},"end":{"line":304,"column":15}},"139":{"start":{"line":305,"column":12},"end":{"line":305,"column":19}},"140":{"start":{"line":307,"column":12},"end":{"line":307,"column":65}},"141":{"start":{"line":310,"column":10},"end":{"line":310,"column":53}},"142":{"start":{"line":315,"column":8},"end":{"line":318,"column":9}},"143":{"start":{"line":316,"column":10},"end":{"line":316,"column":51}},"144":{"start":{"line":317,"column":10},"end":{"line":317,"column":17}},"145":{"start":{"line":319,"column":8},"end":{"line":319,"column":65}},"146":{"start":{"line":322,"column":8},"end":{"line":322,"column":62}},"147":{"start":{"line":324,"column":8},"end":{"line":349,"column":9}},"148":{"start":{"line":325,"column":34},"end":{"line":325,"column":115}},"149":{"start":{"line":327,"column":10},"end":{"line":346,"column":11}},"150":{"start":{"line":328,"column":35},"end":{"line":328,"column":63}},"151":{"start":{"line":330,"column":12},"end":{"line":345,"column":13}},"152":{"start":{"line":331,"column":14},"end":{"line":331,"column":58}},"153":{"start":{"line":332,"column":14},"end":{"line":332,"column":62}},"154":{"start":{"line":333,"column":14},"end":{"line":333,"column":69}},"155":{"start":{"line":333,"column":43},"end":{"line":333,"column":67}},"156":{"start":{"line":335,"column":14},"end":{"line":335,"column":34}},"157":{"start":{"line":337,"column":14},"end":{"line":343,"column":17}},"158":{"start":{"line":344,"column":14},"end":{"line":344,"column":21}},"159":{"start":{"line":348,"column":10},"end":{"line":348,"column":71}},"160":{"start":{"line":351,"column":8},"end":{"line":351,"column":78}},"161":{"start":{"line":352,"column":8},"end":{"line":355,"column":17}},"162":{"start":{"line":353,"column":10},"end":{"line":353,"column":30}},"163":{"start":{"line":354,"column":10},"end":{"line":354,"column":44}},"164":{"start":{"line":356,"column":8},"end":{"line":356,"column":15}},"165":{"start":{"line":361,"column":6},"end":{"line":364,"column":7}},"166":{"start":{"line":362,"column":8},"end":{"line":362,"column":52}},"167":{"start":{"line":363,"column":8},"end":{"line":363,"column":15}},"168":{"start":{"line":366,"column":6},"end":{"line":366,"column":44}},"169":{"start":{"line":367,"column":6},"end":{"line":367,"column":60}},"170":{"start":{"line":369,"column":6},"end":{"line":372,"column":15}},"171":{"start":{"line":370,"column":8},"end":{"line":370,"column":28}},"172":{"start":{"line":371,"column":8},"end":{"line":371,"column":42}},"173":{"start":{"line":381,"column":29},"end":{"line":388,"column":3}},"174":{"start":{"line":382,"column":4},"end":{"line":385,"column":5}},"175":{"start":{"line":383,"column":6},"end":{"line":383,"column":41}},"176":{"start":{"line":384,"column":6},"end":{"line":384,"column":40}},"177":{"start":{"line":386,"column":4},"end":{"line":386,"column":24}},"178":{"start":{"line":387,"column":4},"end":{"line":387,"column":38}},"179":{"start":{"line":400,"column":33},"end":{"line":555,"column":3}},"180":{"start":{"line":401,"column":4},"end":{"line":404,"column":5}},"181":{"start":{"line":402,"column":6},"end":{"line":402,"column":34}},"182":{"start":{"line":403,"column":6},"end":{"line":403,"column":13}},"183":{"start":{"line":407,"column":4},"end":{"line":407,"column":55}},"184":{"start":{"line":408,"column":19},"end":{"line":408,"column":52}},"185":{"start":{"line":410,"column":4},"end":{"line":410,"column":23}},"186":{"start":{"line":411,"column":4},"end":{"line":411,"column":54}},"187":{"start":{"line":413,"column":4},"end":{"line":554,"column":5}},"188":{"start":{"line":414,"column":6},"end":{"line":414,"column":72}},"189":{"start":{"line":415,"column":6},"end":{"line":415,"column":31}},"190":{"start":{"line":418,"column":6},"end":{"line":418,"column":58}},"191":{"start":{"line":420,"column":6},"end":{"line":442,"column":7}},"192":{"start":{"line":421,"column":25},"end":{"line":421,"column":100}},"193":{"start":{"line":423,"column":8},"end":{"line":439,"column":9}},"194":{"start":{"line":424,"column":29},"end":{"line":424,"column":50}},"195":{"start":{"line":425,"column":10},"end":{"line":425,"column":53}},"196":{"start":{"line":426,"column":10},"end":{"line":426,"column":64}},"197":{"start":{"line":427,"column":10},"end":{"line":427,"column":65}},"198":{"start":{"line":427,"column":39},"end":{"line":427,"column":63}},"199":{"start":{"line":429,"column":10},"end":{"line":429,"column":30}},"200":{"start":{"line":431,"column":10},"end":{"line":437,"column":13}},"201":{"start":{"line":438,"column":10},"end":{"line":438,"column":17}},"202":{"start":{"line":441,"column":8},"end":{"line":441,"column":54}},"203":{"start":{"line":445,"column":6},"end":{"line":445,"column":58}},"204":{"start":{"line":447,"column":6},"end":{"line":542,"column":7}},"205":{"start":{"line":448,"column":8},"end":{"line":448,"column":71}},"206":{"start":{"line":449,"column":29},"end":{"line":449,"column":68}},"207":{"start":{"line":451,"column":8},"end":{"line":510,"column":9}},"208":{"start":{"line":453,"column":35},"end":{"line":461,"column":11}},"209":{"start":{"line":463,"column":32},"end":{"line":466,"column":110}},"210":{"start":{"line":468,"column":10},"end":{"line":507,"column":11}},"211":{"start":{"line":470,"column":12},"end":{"line":470,"column":59}},"212":{"start":{"line":472,"column":12},"end":{"line":490,"column":15}},"213":{"start":{"line":483,"column":14},"end":{"line":487,"column":15}},"214":{"start":{"line":484,"column":16},"end":{"line":484,"column":61}},"215":{"start":{"line":486,"column":16},"end":{"line":486,"column":71}},"216":{"start":{"line":489,"column":14},"end":{"line":489,"column":63}},"217":{"start":{"line":492,"column":12},"end":{"line":492,"column":62}},"218":{"start":{"line":493,"column":12},"end":{"line":493,"column":67}},"219":{"start":{"line":493,"column":41},"end":{"line":493,"column":65}},"220":{"start":{"line":495,"column":12},"end":{"line":495,"column":32}},"221":{"start":{"line":497,"column":12},"end":{"line":503,"column":15}},"222":{"start":{"line":504,"column":12},"end":{"line":504,"column":19}},"223":{"start":{"line":506,"column":12},"end":{"line":506,"column":75}},"224":{"start":{"line":509,"column":10},"end":{"line":509,"column":63}},"225":{"start":{"line":513,"column":8},"end":{"line":513,"column":68}},"226":{"start":{"line":516,"column":8},"end":{"line":534,"column":9}},"227":{"start":{"line":517,"column":34},"end":{"line":517,"column":113}},"228":{"start":{"line":519,"column":10},"end":{"line":531,"column":11}},"229":{"start":{"line":520,"column":35},"end":{"line":520,"column":63}},"230":{"start":{"line":522,"column":12},"end":{"line":530,"column":13}},"231":{"start":{"line":523,"column":14},"end":{"line":523,"column":58}},"232":{"start":{"line":524,"column":14},"end":{"line":524,"column":69}},"233":{"start":{"line":525,"column":14},"end":{"line":525,"column":69}},"234":{"start":{"line":525,"column":43},"end":{"line":525,"column":67}},"235":{"start":{"line":527,"column":14},"end":{"line":527,"column":34}},"236":{"start":{"line":528,"column":14},"end":{"line":528,"column":69}},"237":{"start":{"line":529,"column":14},"end":{"line":529,"column":21}},"238":{"start":{"line":533,"column":10},"end":{"line":533,"column":73}},"239":{"start":{"line":536,"column":8},"end":{"line":536,"column":81}},"240":{"start":{"line":537,"column":8},"end":{"line":540,"column":17}},"241":{"start":{"line":538,"column":10},"end":{"line":538,"column":30}},"242":{"start":{"line":539,"column":10},"end":{"line":539,"column":44}},"243":{"start":{"line":541,"column":8},"end":{"line":541,"column":15}},"244":{"start":{"line":545,"column":6},"end":{"line":545,"column":62}},"245":{"start":{"line":546,"column":6},"end":{"line":546,"column":62}},"246":{"start":{"line":548,"column":6},"end":{"line":551,"column":15}},"247":{"start":{"line":549,"column":8},"end":{"line":549,"column":28}},"248":{"start":{"line":550,"column":8},"end":{"line":550,"column":42}},"249":{"start":{"line":553,"column":6},"end":{"line":553,"column":34}},"250":{"start":{"line":566,"column":2},"end":{"line":571,"column":9}},"251":{"start":{"line":567,"column":4},"end":{"line":570,"column":6}},"252":{"start":{"line":568,"column":6},"end":{"line":568,"column":26}},"253":{"start":{"line":569,"column":6},"end":{"line":569,"column":40}},"254":{"start":{"line":574,"column":2},"end":{"line":579,"column":20}},"255":{"start":{"line":576,"column":4},"end":{"line":578,"column":5}},"256":{"start":{"line":577,"column":6},"end":{"line":577,"column":17}},"257":{"start":{"line":591,"column":74},"end":{"line":707,"column":3}},"258":{"start":{"line":592,"column":4},"end":{"line":706,"column":10}},"259":{"start":{"line":692,"column":14},"end":{"line":692,"column":64}},"260":{"start":{"line":693,"column":14},"end":{"line":693,"column":51}},"261":{"start":{"line":694,"column":14},"end":{"line":694,"column":57}},"262":{"start":{"line":697,"column":14},"end":{"line":697,"column":68}},"263":{"start":{"line":698,"column":14},"end":{"line":698,"column":51}},"264":{"start":{"line":699,"column":14},"end":{"line":699,"column":57}},"265":{"start":{"line":713,"column":2},"end":{"line":952,"column":4}},"266":{"start":{"line":742,"column":29},"end":{"line":742,"column":48}},"267":{"start":{"line":743,"column":28},"end":{"line":743,"column":48}},"268":{"start":{"line":744,"column":29},"end":{"line":744,"column":42}},"269":{"start":{"line":750,"column":29},"end":{"line":750,"column":42}},"270":{"start":{"line":761,"column":12},"end":{"line":761,"column":31}},"271":{"start":{"line":762,"column":12},"end":{"line":762,"column":27}},"272":{"start":{"line":767,"column":16},"end":{"line":767,"column":47}},"273":{"start":{"line":770,"column":16},"end":{"line":773,"column":17}},"274":{"start":{"line":771,"column":18},"end":{"line":771,"column":37}},"275":{"start":{"line":772,"column":18},"end":{"line":772,"column":33}},"276":{"start":{"line":791,"column":31},"end":{"line":791,"column":62}},"277":{"start":{"line":792,"column":16},"end":{"line":792,"column":42}},"278":{"start":{"line":793,"column":37},"end":{"line":793,"column":56}},"279":{"start":{"line":794,"column":16},"end":{"line":794,"column":58}},"280":{"start":{"line":817,"column":29},"end":{"line":817,"column":55}},"281":{"start":{"line":831,"column":16},"end":{"line":831,"column":38}},"282":{"start":{"line":831,"column":31},"end":{"line":831,"column":38}},"283":{"start":{"line":833,"column":16},"end":{"line":836,"column":17}},"284":{"start":{"line":834,"column":18},"end":{"line":834,"column":76}},"285":{"start":{"line":835,"column":18},"end":{"line":835,"column":25}},"286":{"start":{"line":838,"column":16},"end":{"line":854,"column":17}},"287":{"start":{"line":839,"column":38},"end":{"line":839,"column":83}},"288":{"start":{"line":840,"column":18},"end":{"line":840,"column":49}},"289":{"start":{"line":841,"column":18},"end":{"line":841,"column":53}},"290":{"start":{"line":842,"column":18},"end":{"line":842,"column":45}},"291":{"start":{"line":844,"column":18},"end":{"line":844,"column":67}},"292":{"start":{"line":844,"column":46},"end":{"line":844,"column":66}},"293":{"start":{"line":845,"column":18},"end":{"line":849,"column":20}},"294":{"start":{"line":846,"column":39},"end":{"line":846,"column":69}},"295":{"start":{"line":847,"column":20},"end":{"line":847,"column":47}},"296":{"start":{"line":848,"column":20},"end":{"line":848,"column":42}},"297":{"start":{"line":850,"column":18},"end":{"line":850,"column":68}},"298":{"start":{"line":850,"column":46},"end":{"line":850,"column":67}},"299":{"start":{"line":851,"column":18},"end":{"line":851,"column":66}},"300":{"start":{"line":851,"column":44},"end":{"line":851,"column":65}},"301":{"start":{"line":853,"column":18},"end":{"line":853,"column":55}},"302":{"start":{"line":856,"column":16},"end":{"line":861,"column":17}},"303":{"start":{"line":857,"column":18},"end":{"line":857,"column":49}},"304":{"start":{"line":859,"column":18},"end":{"line":859,"column":48}},"305":{"start":{"line":860,"column":18},"end":{"line":860,"column":40}},"306":{"start":{"line":880,"column":14},"end":{"line":880,"column":33}},"307":{"start":{"line":881,"column":14},"end":{"line":881,"column":29}},"308":{"start":{"line":892,"column":14},"end":{"line":892,"column":36}},"309":{"start":{"line":892,"column":29},"end":{"line":892,"column":36}},"310":{"start":{"line":894,"column":14},"end":{"line":901,"column":15}},"311":{"start":{"line":896,"column":16},"end":{"line":896,"column":52}},"312":{"start":{"line":897,"column":16},"end":{"line":897,"column":51}},"313":{"start":{"line":900,"column":16},"end":{"line":900,"column":51}},"314":{"start":{"line":919,"column":12},"end":{"line":922,"column":13}},"315":{"start":{"line":920,"column":14},"end":{"line":920,"column":50}},"316":{"start":{"line":921,"column":14},"end":{"line":921,"column":49}},"317":{"start":{"line":925,"column":31},"end":{"line":925,"column":50}},"318":{"start":{"line":930,"column":16},"end":{"line":930,"column":52}},"319":{"start":{"line":932,"column":16},"end":{"line":936,"column":17}},"320":{"start":{"line":933,"column":18},"end":{"line":933,"column":44}},"321":{"start":{"line":935,"column":18},"end":{"line":935,"column":33}},"322":{"start":{"line":946,"column":23},"end":{"line":946,"column":50}}},"fnMap":{"0":{"name":"(anonymous_0)","decl":{"start":{"line":12,"column":32},"end":{"line":12,"column":33}},"loc":{"start":{"line":12,"column":38},"end":{"line":953,"column":1}},"line":12},"1":{"name":"(anonymous_1)","decl":{"start":{"line":32,"column":12},"end":{"line":32,"column":13}},"loc":{"start":{"line":32,"column":18},"end":{"line":86,"column":3}},"line":32},"2":{"name":"(anonymous_2)","decl":{"start":{"line":34,"column":27},"end":{"line":34,"column":28}},"loc":{"start":{"line":34,"column":33},"end":{"line":73,"column":5}},"line":34},"3":{"name":"(anonymous_3)","decl":{"start":{"line":50,"column":31},"end":{"line":50,"column":32}},"loc":{"start":{"line":50,"column":37},"end":{"line":54,"column":11}},"line":50},"4":{"name":"(anonymous_4)","decl":{"start":{"line":53,"column":23},"end":{"line":53,"column":24}},"loc":{"start":{"line":53,"column":29},"end":{"line":53,"column":64}},"line":53},"5":{"name":"(anonymous_5)","decl":{"start":{"line":82,"column":11},"end":{"line":82,"column":12}},"loc":{"start":{"line":82,"column":17},"end":{"line":85,"column":5}},"line":82},"6":{"name":"(anonymous_6)","decl":{"start":{"line":98,"column":30},"end":{"line":98,"column":31}},"loc":{"start":{"line":98,"column":47},"end":{"line":113,"column":3}},"line":98},"7":{"name":"(anonymous_7)","decl":{"start":{"line":119,"column":19},"end":{"line":119,"column":20}},"loc":{"start":{"line":119,"column":25},"end":{"line":138,"column":3}},"line":119},"8":{"name":"(anonymous_8)","decl":{"start":{"line":144,"column":28},"end":{"line":144,"column":29}},"loc":{"start":{"line":144,"column":34},"end":{"line":151,"column":3}},"line":144},"9":{"name":"(anonymous_9)","decl":{"start":{"line":147,"column":15},"end":{"line":147,"column":16}},"loc":{"start":{"line":147,"column":21},"end":{"line":150,"column":5}},"line":147},"10":{"name":"(anonymous_10)","decl":{"start":{"line":162,"column":27},"end":{"line":162,"column":28}},"loc":{"start":{"line":162,"column":42},"end":{"line":164,"column":3}},"line":162},"11":{"name":"(anonymous_11)","decl":{"start":{"line":171,"column":23},"end":{"line":171,"column":24}},"loc":{"start":{"line":171,"column":38},"end":{"line":173,"column":3}},"line":171},"12":{"name":"(anonymous_12)","decl":{"start":{"line":179,"column":24},"end":{"line":179,"column":25}},"loc":{"start":{"line":179,"column":30},"end":{"line":181,"column":3}},"line":179},"13":{"name":"(anonymous_13)","decl":{"start":{"line":193,"column":23},"end":{"line":193,"column":24}},"loc":{"start":{"line":193,"column":54},"end":{"line":374,"column":3}},"line":193},"14":{"name":"(anonymous_14)","decl":{"start":{"line":215,"column":28},"end":{"line":215,"column":29}},"loc":{"start":{"line":215,"column":39},"end":{"line":215,"column":63}},"line":215},"15":{"name":"(anonymous_15)","decl":{"start":{"line":281,"column":20},"end":{"line":281,"column":21}},"loc":{"start":{"line":281,"column":32},"end":{"line":287,"column":13}},"line":281},"16":{"name":"(anonymous_16)","decl":{"start":{"line":287,"column":21},"end":{"line":287,"column":22}},"loc":{"start":{"line":287,"column":28},"end":{"line":289,"column":13}},"line":287},"17":{"name":"(anonymous_17)","decl":{"start":{"line":292,"column":30},"end":{"line":292,"column":31}},"loc":{"start":{"line":292,"column":41},"end":{"line":292,"column":65}},"line":292},"18":{"name":"(anonymous_18)","decl":{"start":{"line":333,"column":32},"end":{"line":333,"column":33}},"loc":{"start":{"line":333,"column":43},"end":{"line":333,"column":67}},"line":333},"19":{"name":"(anonymous_19)","decl":{"start":{"line":352,"column":19},"end":{"line":352,"column":20}},"loc":{"start":{"line":352,"column":25},"end":{"line":355,"column":9}},"line":352},"20":{"name":"(anonymous_20)","decl":{"start":{"line":369,"column":17},"end":{"line":369,"column":18}},"loc":{"start":{"line":369,"column":23},"end":{"line":372,"column":7}},"line":369},"21":{"name":"(anonymous_21)","decl":{"start":{"line":381,"column":29},"end":{"line":381,"column":30}},"loc":{"start":{"line":381,"column":35},"end":{"line":388,"column":3}},"line":381},"22":{"name":"(anonymous_22)","decl":{"start":{"line":400,"column":33},"end":{"line":400,"column":34}},"loc":{"start":{"line":400,"column":76},"end":{"line":555,"column":3}},"line":400},"23":{"name":"(anonymous_23)","decl":{"start":{"line":427,"column":28},"end":{"line":427,"column":29}},"loc":{"start":{"line":427,"column":39},"end":{"line":427,"column":63}},"line":427},"24":{"name":"(anonymous_24)","decl":{"start":{"line":482,"column":20},"end":{"line":482,"column":21}},"loc":{"start":{"line":482,"column":32},"end":{"line":488,"column":13}},"line":482},"25":{"name":"(anonymous_25)","decl":{"start":{"line":488,"column":21},"end":{"line":488,"column":22}},"loc":{"start":{"line":488,"column":28},"end":{"line":490,"column":13}},"line":488},"26":{"name":"(anonymous_26)","decl":{"start":{"line":493,"column":30},"end":{"line":493,"column":31}},"loc":{"start":{"line":493,"column":41},"end":{"line":493,"column":65}},"line":493},"27":{"name":"(anonymous_27)","decl":{"start":{"line":525,"column":32},"end":{"line":525,"column":33}},"loc":{"start":{"line":525,"column":43},"end":{"line":525,"column":67}},"line":525},"28":{"name":"(anonymous_28)","decl":{"start":{"line":537,"column":19},"end":{"line":537,"column":20}},"loc":{"start":{"line":537,"column":25},"end":{"line":540,"column":9}},"line":537},"29":{"name":"(anonymous_29)","decl":{"start":{"line":548,"column":17},"end":{"line":548,"column":18}},"loc":{"start":{"line":548,"column":23},"end":{"line":551,"column":7}},"line":548},"30":{"name":"(anonymous_30)","decl":{"start":{"line":566,"column":12},"end":{"line":566,"column":13}},"loc":{"start":{"line":566,"column":18},"end":{"line":571,"column":3}},"line":566},"31":{"name":"(anonymous_31)","decl":{"start":{"line":567,"column":11},"end":{"line":567,"column":12}},"loc":{"start":{"line":567,"column":17},"end":{"line":570,"column":5}},"line":567},"32":{"name":"(anonymous_32)","decl":{"start":{"line":574,"column":12},"end":{"line":574,"column":13}},"loc":{"start":{"line":574,"column":18},"end":{"line":579,"column":3}},"line":574},"33":{"name":"(anonymous_33)","decl":{"start":{"line":591,"column":74},"end":{"line":591,"column":75}},"loc":{"start":{"line":592,"column":4},"end":{"line":706,"column":10}},"line":592},"34":{"name":"(anonymous_34)","decl":{"start":{"line":691,"column":25},"end":{"line":691,"column":26}},"loc":{"start":{"line":691,"column":32},"end":{"line":695,"column":13}},"line":691},"35":{"name":"(anonymous_35)","decl":{"start":{"line":696,"column":24},"end":{"line":696,"column":25}},"loc":{"start":{"line":696,"column":31},"end":{"line":700,"column":13}},"line":696},"36":{"name":"(anonymous_36)","decl":{"start":{"line":742,"column":23},"end":{"line":742,"column":24}},"loc":{"start":{"line":742,"column":29},"end":{"line":742,"column":48}},"line":742},"37":{"name":"(anonymous_37)","decl":{"start":{"line":743,"column":22},"end":{"line":743,"column":23}},"loc":{"start":{"line":743,"column":28},"end":{"line":743,"column":48}},"line":743},"38":{"name":"(anonymous_38)","decl":{"start":{"line":744,"column":23},"end":{"line":744,"column":24}},"loc":{"start":{"line":744,"column":29},"end":{"line":744,"column":42}},"line":744},"39":{"name":"(anonymous_39)","decl":{"start":{"line":750,"column":23},"end":{"line":750,"column":24}},"loc":{"start":{"line":750,"column":29},"end":{"line":750,"column":42}},"line":750},"40":{"name":"(anonymous_40)","decl":{"start":{"line":760,"column":26},"end":{"line":760,"column":27}},"loc":{"start":{"line":760,"column":33},"end":{"line":763,"column":11}},"line":760},"41":{"name":"(anonymous_41)","decl":{"start":{"line":766,"column":24},"end":{"line":766,"column":25}},"loc":{"start":{"line":766,"column":31},"end":{"line":768,"column":15}},"line":766},"42":{"name":"(anonymous_42)","decl":{"start":{"line":769,"column":25},"end":{"line":769,"column":26}},"loc":{"start":{"line":769,"column":32},"end":{"line":774,"column":15}},"line":769},"43":{"name":"(anonymous_43)","decl":{"start":{"line":789,"column":23},"end":{"line":789,"column":24}},"loc":{"start":{"line":789,"column":30},"end":{"line":795,"column":15}},"line":789},"44":{"name":"(anonymous_44)","decl":{"start":{"line":817,"column":23},"end":{"line":817,"column":24}},"loc":{"start":{"line":817,"column":29},"end":{"line":817,"column":55}},"line":817},"45":{"name":"(anonymous_45)","decl":{"start":{"line":830,"column":23},"end":{"line":830,"column":24}},"loc":{"start":{"line":830,"column":29},"end":{"line":862,"column":15}},"line":830},"46":{"name":"(anonymous_46)","decl":{"start":{"line":844,"column":40},"end":{"line":844,"column":41}},"loc":{"start":{"line":844,"column":46},"end":{"line":844,"column":66}},"line":844},"47":{"name":"(anonymous_47)","decl":{"start":{"line":845,"column":41},"end":{"line":845,"column":42}},"loc":{"start":{"line":845,"column":57},"end":{"line":849,"column":19}},"line":845},"48":{"name":"(anonymous_48)","decl":{"start":{"line":850,"column":40},"end":{"line":850,"column":41}},"loc":{"start":{"line":850,"column":46},"end":{"line":850,"column":67}},"line":850},"49":{"name":"(anonymous_49)","decl":{"start":{"line":851,"column":38},"end":{"line":851,"column":39}},"loc":{"start":{"line":851,"column":44},"end":{"line":851,"column":65}},"line":851},"50":{"name":"(anonymous_50)","decl":{"start":{"line":879,"column":21},"end":{"line":879,"column":22}},"loc":{"start":{"line":879,"column":28},"end":{"line":882,"column":13}},"line":879},"51":{"name":"(anonymous_51)","decl":{"start":{"line":891,"column":21},"end":{"line":891,"column":22}},"loc":{"start":{"line":891,"column":27},"end":{"line":902,"column":13}},"line":891},"52":{"name":"(anonymous_52)","decl":{"start":{"line":917,"column":19},"end":{"line":917,"column":20}},"loc":{"start":{"line":917,"column":26},"end":{"line":923,"column":11}},"line":917},"53":{"name":"(anonymous_53)","decl":{"start":{"line":925,"column":24},"end":{"line":925,"column":25}},"loc":{"start":{"line":925,"column":31},"end":{"line":925,"column":50}},"line":925},"54":{"name":"(anonymous_54)","decl":{"start":{"line":929,"column":29},"end":{"line":929,"column":30}},"loc":{"start":{"line":929,"column":55},"end":{"line":937,"column":15}},"line":929},"55":{"name":"(anonymous_55)","decl":{"start":{"line":946,"column":17},"end":{"line":946,"column":18}},"loc":{"start":{"line":946,"column":23},"end":{"line":946,"column":50}},"line":946}},"branchMap":{"0":{"loc":{"start":{"line":36,"column":6},"end":{"line":72,"column":7}},"type":"if","locations":[{"start":{"line":36,"column":6},"end":{"line":72,"column":7}},{"start":{},"end":{}}],"line":36},"1":{"loc":{"start":{"line":38,"column":8},"end":{"line":69,"column":9}},"type":"if","locations":[{"start":{"line":38,"column":8},"end":{"line":69,"column":9}},{"start":{"line":59,"column":15},"end":{"line":69,"column":9}}],"line":38},"2":{"loc":{"start":{"line":38,"column":12},"end":{"line":38,"column":68}},"type":"binary-expr","locations":[{"start":{"line":38,"column":12},"end":{"line":38,"column":36}},{"start":{"line":38,"column":40},"end":{"line":38,"column":68}}],"line":38},"3":{"loc":{"start":{"line":99,"column":4},"end":{"line":99,"column":48}},"type":"if","locations":[{"start":{"line":99,"column":4},"end":{"line":99,"column":48}},{"start":{},"end":{}}],"line":99},"4":{"loc":{"start":{"line":100,"column":4},"end":{"line":100,"column":50}},"type":"if","locations":[{"start":{"line":100,"column":4},"end":{"line":100,"column":50}},{"start":{},"end":{}}],"line":100},"5":{"loc":{"start":{"line":101,"column":4},"end":{"line":101,"column":53}},"type":"if","locations":[{"start":{"line":101,"column":4},"end":{"line":101,"column":53}},{"start":{},"end":{}}],"line":101},"6":{"loc":{"start":{"line":102,"column":4},"end":{"line":102,"column":54}},"type":"if","locations":[{"start":{"line":102,"column":4},"end":{"line":102,"column":54}},{"start":{},"end":{}}],"line":102},"7":{"loc":{"start":{"line":103,"column":4},"end":{"line":103,"column":83}},"type":"if","locations":[{"start":{"line":103,"column":4},"end":{"line":103,"column":83}},{"start":{},"end":{}}],"line":103},"8":{"loc":{"start":{"line":103,"column":8},"end":{"line":103,"column":71}},"type":"binary-expr","locations":[{"start":{"line":103,"column":8},"end":{"line":103,"column":37}},{"start":{"line":103,"column":41},"end":{"line":103,"column":71}}],"line":103},"9":{"loc":{"start":{"line":105,"column":4},"end":{"line":105,"column":52}},"type":"if","locations":[{"start":{"line":105,"column":4},"end":{"line":105,"column":52}},{"start":{},"end":{}}],"line":105},"10":{"loc":{"start":{"line":106,"column":4},"end":{"line":106,"column":54}},"type":"if","locations":[{"start":{"line":106,"column":4},"end":{"line":106,"column":54}},{"start":{},"end":{}}],"line":106},"11":{"loc":{"start":{"line":107,"column":4},"end":{"line":107,"column":55}},"type":"if","locations":[{"start":{"line":107,"column":4},"end":{"line":107,"column":55}},{"start":{},"end":{}}],"line":107},"12":{"loc":{"start":{"line":108,"column":4},"end":{"line":108,"column":56}},"type":"if","locations":[{"start":{"line":108,"column":4},"end":{"line":108,"column":56}},{"start":{},"end":{}}],"line":108},"13":{"loc":{"start":{"line":109,"column":4},"end":{"line":109,"column":44}},"type":"if","locations":[{"start":{"line":109,"column":4},"end":{"line":109,"column":44}},{"start":{},"end":{}}],"line":109},"14":{"loc":{"start":{"line":111,"column":4},"end":{"line":111,"column":43}},"type":"if","locations":[{"start":{"line":111,"column":4},"end":{"line":111,"column":43}},{"start":{},"end":{}}],"line":111},"15":{"loc":{"start":{"line":121,"column":4},"end":{"line":121,"column":20}},"type":"if","locations":[{"start":{"line":121,"column":4},"end":{"line":121,"column":20}},{"start":{},"end":{}}],"line":121},"16":{"loc":{"start":{"line":124,"column":4},"end":{"line":128,"column":5}},"type":"if","locations":[{"start":{"line":124,"column":4},"end":{"line":128,"column":5}},{"start":{},"end":{}}],"line":124},"17":{"loc":{"start":{"line":137,"column":25},"end":{"line":137,"column":55}},"type":"cond-expr","locations":[{"start":{"line":137,"column":38},"end":{"line":137,"column":44}},{"start":{"line":137,"column":47},"end":{"line":137,"column":55}}],"line":137},"18":{"loc":{"start":{"line":149,"column":6},"end":{"line":149,"column":39}},"type":"if","locations":[{"start":{"line":149,"column":6},"end":{"line":149,"column":39}},{"start":{},"end":{}}],"line":149},"19":{"loc":{"start":{"line":194,"column":23},"end":{"line":194,"column":48}},"type":"binary-expr","locations":[{"start":{"line":194,"column":23},"end":{"line":194,"column":33}},{"start":{"line":194,"column":37},"end":{"line":194,"column":48}}],"line":194},"20":{"loc":{"start":{"line":195,"column":4},"end":{"line":195,"column":48}},"type":"if","locations":[{"start":{"line":195,"column":4},"end":{"line":195,"column":48}},{"start":{},"end":{}}],"line":195},"21":{"loc":{"start":{"line":195,"column":8},"end":{"line":195,"column":39}},"type":"binary-expr","locations":[{"start":{"line":195,"column":8},"end":{"line":195,"column":26}},{"start":{"line":195,"column":30},"end":{"line":195,"column":39}}],"line":195},"22":{"loc":{"start":{"line":211,"column":8},"end":{"line":227,"column":9}},"type":"if","locations":[{"start":{"line":211,"column":8},"end":{"line":227,"column":9}},{"start":{},"end":{}}],"line":211},"23":{"loc":{"start":{"line":222,"column":26},"end":{"line":222,"column":54}},"type":"binary-expr","locations":[{"start":{"line":222,"column":26},"end":{"line":222,"column":43}},{"start":{"line":222,"column":47},"end":{"line":222,"column":54}}],"line":222},"24":{"loc":{"start":{"line":230,"column":8},"end":{"line":233,"column":9}},"type":"if","locations":[{"start":{"line":230,"column":8},"end":{"line":233,"column":9}},{"start":{},"end":{}
[...]
6},"end":{"line":352,"column":7}},"69":{"start":{"line":347,"column":8},"end":{"line":347,"column":55}},"70":{"start":{"line":348,"column":8},"end":{"line":350,"column":11}},"71":{"start":{"line":349,"column":10},"end":{"line":349,"column":37}},"72":{"start":{"line":351,"column":8},"end":{"line":351,"column":26}},"73":{"start":{"line":355,"column":6},"end":{"line":365,"column":7}},"74":{"start":{"line":356,"column":8},"end":{"line":356,"column":46}},"75":{"start":{"line":357,"column":8},"end":{"line":364,"column":11}},"76":{"start":{"line":358,"column":10},"end":{"line":358,"column":63}},"77":{"start":{"line":359,"column":10},"end":{"line":359,"column":62}},"78":{"start":{"line":360,"column":10},"end":{"line":360,"column":85}},"79":{"start":{"line":361,"column":10},"end":{"line":361,"column":74}},"80":{"start":{"line":362,"column":10},"end":{"line":362,"column":67}},"81":{"start":{"line":363,"column":10},"end":{"line":363,"column":64}},"82":{"start":{"line":368,"column":6},"end":{"line":370,"column":7}},"83":{"start":{"line":369,"column":8},"end":{"line":369,"column":104}},"84":{"start":{"line":374,"column":4},"end":{"line":380,"column":5}},"85":{"start":{"line":375,"column":6},"end":{"line":375,"column":51}},"86":{"start":{"line":376,"column":6},"end":{"line":379,"column":9}},"87":{"start":{"line":377,"column":8},"end":{"line":377,"column":82}},"88":{"start":{"line":378,"column":8},"end":{"line":378,"column":53}},"89":{"start":{"line":383,"column":4},"end":{"line":390,"column":5}},"90":{"start":{"line":384,"column":6},"end":{"line":384,"column":49}},"91":{"start":{"line":385,"column":6},"end":{"line":385,"column":49}},"92":{"start":{"line":386,"column":6},"end":{"line":388,"column":9}},"93":{"start":{"line":387,"column":8},"end":{"line":387,"column":37}},"94":{"start":{"line":389,"column":6},"end":{"line":389,"column":100}},"95":{"start":{"line":393,"column":4},"end":{"line":398,"column":5}},"96":{"start":{"line":394,"column":6},"end":{"line":394,"column":47}},"97":{"start":{"line":395,"column":6},"end":{"line":397,"column":9}},"98":{"start":{"line":396,"column":8},"end":{"line":396,"column":39}},"99":{"start":{"line":400,"column":4},"end":{"line":400,"column":120}},"100":{"start":{"line":402,"column":4},"end":{"line":402,"column":21}},"101":{"start":{"line":409,"column":38},"end":{"line":409,"column":40}},"102":{"start":{"line":411,"column":4},"end":{"line":415,"column":5}},"103":{"start":{"line":412,"column":6},"end":{"line":414,"column":9}},"104":{"start":{"line":413,"column":8},"end":{"line":413,"column":79}},"105":{"start":{"line":417,"column":4},"end":{"line":417,"column":27}},"106":{"start":{"line":424,"column":32},"end":{"line":424,"column":34}},"107":{"start":{"line":426,"column":4},"end":{"line":430,"column":5}},"108":{"start":{"line":427,"column":6},"end":{"line":429,"column":9}},"109":{"start":{"line":428,"column":8},"end":{"line":428,"column":77}},"110":{"start":{"line":432,"column":4},"end":{"line":432,"column":21}},"111":{"start":{"line":440,"column":4},"end":{"line":461,"column":5}},"112":{"start":{"line":443,"column":28},"end":{"line":443,"column":50}},"113":{"start":{"line":445,"column":6},"end":{"line":458,"column":7}},"114":{"start":{"line":447,"column":22},"end":{"line":447,"column":60}},"115":{"start":{"line":448,"column":8},"end":{"line":457,"column":67}},"116":{"start":{"line":460,"column":6},"end":{"line":460,"column":27}},"117":{"start":{"line":464,"column":4},"end":{"line":466,"column":5}},"118":{"start":{"line":465,"column":6},"end":{"line":465,"column":36}},"119":{"start":{"line":468,"column":4},"end":{"line":470,"column":5}},"120":{"start":{"line":469,"column":6},"end":{"line":469,"column":36}},"121":{"start":{"line":472,"column":4},"end":{"line":478,"column":5}},"122":{"start":{"line":473,"column":20},"end":{"line":473,"column":57}},"123":{"start":{"line":474,"column":6},"end":{"line":476,"column":7}},"124":{"start":{"line":475,"column":8},"end":{"line":475,"column":91}},"125":{"start":{"line":477,"column":6},"end":{"line":477,"column":21}},"126":{"start":{"line":481,"column":4},"end":{"line":481,"column":144}},"127":{"start":{"line":486,"column":23},"end":{"line":486,"column":43}}},"fnMap":{"0":{"name":"(anonymous_0)","decl":{"start":{"line":98,"column":2},"end":{"line":98,"column":3}},"loc":{"start":{"line":98,"column":16},"end":{"line":100,"column":3}},"line":98},"1":{"name":"(anonymous_1)","decl":{"start":{"line":105,"column":2},"end":{"line":105,"column":3}},"loc":{"start":{"line":105,"column":100},"end":{"line":146,"column":3}},"line":105},"2":{"name":"(anonymous_2)","decl":{"start":{"line":151,"column":2},"end":{"line":151,"column":3}},"loc":{"start":{"line":151,"column":103},"end":{"line":227,"column":3}},"line":151},"3":{"name":"(anonymous_3)","decl":{"start":{"line":204,"column":66},"end":{"line":204,"column":67}},"loc":{"start":{"line":204,"column":99},"end":{"line":211,"column":11}},"line":204},"4":{"name":"(anonymous_4)","decl":{"start":{"line":214,"column":63},"end":{"line":214,"column":64}},"loc":{"start":{"line":214,"column":84},"end":{"line":218,"column":9}},"line":214},"5":{"name":"(anonymous_5)","decl":{"start":{"line":232,"column":2},"end":{"line":232,"column":3}},"loc":{"start":{"line":232,"column":84},"end":{"line":252,"column":3}},"line":232},"6":{"name":"(anonymous_6)","decl":{"start":{"line":257,"column":2},"end":{"line":257,"column":3}},"loc":{"start":{"line":257,"column":93},"end":{"line":270,"column":3}},"line":257},"7":{"name":"(anonymous_7)","decl":{"start":{"line":275,"column":2},"end":{"line":275,"column":3}},"loc":{"start":{"line":275,"column":86},"end":{"line":288,"column":3}},"line":275},"8":{"name":"(anonymous_8)","decl":{"start":{"line":294,"column":2},"end":{"line":294,"column":3}},"loc":{"start":{"line":294,"column":71},"end":{"line":403,"column":3}},"line":294},"9":{"name":"(anonymous_9)","decl":{"start":{"line":310,"column":52},"end":{"line":310,"column":53}},"loc":{"start":{"line":310,"column":71},"end":{"line":312,"column":11}},"line":310},"10":{"name":"(anonymous_10)","decl":{"start":{"line":337,"column":76},"end":{"line":337,"column":77}},"loc":{"start":{"line":337,"column":84},"end":{"line":342,"column":9}},"line":337},"11":{"name":"(anonymous_11)","decl":{"start":{"line":348,"column":74},"end":{"line":348,"column":75}},"loc":{"start":{"line":348,"column":82},"end":{"line":350,"column":9}},"line":348},"12":{"name":"(anonymous_12)","decl":{"start":{"line":357,"column":65},"end":{"line":357,"column":66}},"loc":{"start":{"line":357,"column":84},"end":{"line":364,"column":9}},"line":357},"13":{"name":"(anonymous_13)","decl":{"start":{"line":376,"column":48},"end":{"line":376,"column":49}},"loc":{"start":{"line":376,"column":60},"end":{"line":379,"column":7}},"line":376},"14":{"name":"(anonymous_14)","decl":{"start":{"line":386,"column":58},"end":{"line":386,"column":59}},"loc":{"start":{"line":386,"column":68},"end":{"line":388,"column":7}},"line":386},"15":{"name":"(anonymous_15)","decl":{"start":{"line":395,"column":44},"end":{"line":395,"column":45}},"loc":{"start":{"line":395,"column":54},"end":{"line":397,"column":7}},"line":395},"16":{"name":"(anonymous_16)","decl":{"start":{"line":408,"column":2},"end":{"line":408,"column":3}},"loc":{"start":{"line":408,"column":59},"end":{"line":418,"column":3}},"line":408},"17":{"name":"(anonymous_17)","decl":{"start":{"line":412,"column":72},"end":{"line":412,"column":73}},"loc":{"start":{"line":412,"column":82},"end":{"line":414,"column":7}},"line":412},"18":{"name":"(anonymous_18)","decl":{"start":{"line":423,"column":2},"end":{"line":423,"column":3}},"loc":{"start":{"line":423,"column":53},"end":{"line":433,"column":3}},"line":423},"19":{"name":"(anonymous_19)","decl":{"start":{"line":427,"column":57},"end":{"line":427,"column":58}},"loc":{"start":{"line":427,"column":69},"end":{"line":429,"column":7}},"line":427},"20":{"name":"(anonymous_20)","decl":{"start":{"line":438,"column":2},"end":{"line":438,"column":3}},"loc":{"start":{"line":438,"column":66},"end":{"line":482,"column":3}},"line":438}},"branchMap":{"0":{"loc":{"start":{"line":111,"column":6},"end":{"line":121,"column":7}},"type":"if","locations":[{"start":{"line":111,"column":6},"end":{"line":121,"column":7}},{"start":{"line":118,"column":13},"end":{"line":121,"column":7}}],"line":111},"1":{"loc":{"start":{"line":116,"column":19},"end":{"line":116,"column":45}},"type":"binary-expr","locations":[{"start":{"line":116,"column":19},"end":{"line":116,"column":39}},{"start":{"line":116,"column":43},"end":{"line":116,"column":45}}],"line":116},"2":{"loc":{"start":{"line":130,"column":6},"end":{"line":132,"column":7}},"type":"if","locations":[{"start":{"line":130,"column":6},"end":{"line":132,"column":7}},{"start":{},"end":{}}],"line":130},"3":{"loc":{"start":{"line":140,"column":6},"end":{"line":142,"column":7}},"type":"if","locations":[{"start":{"line":140,"column":6},"end":{"line":142,"column":7}},{"start":{},"end":{}}],"line":140},"4":{"loc":{"start":{"line":141,"column":24},"end":{"line":141,"column":66}},"type":"binary-expr","locations":[{"start":{"line":141,"column":24},"end":{"line":141,"column":37}},{"start":{"line":141,"column":41},"end":{"line":141,"column":66}}],"line":141},"5":{"loc":{"start":{"line":153,"column":4},"end":{"line":189,"column":5}},"type":"if","locations":[{"start":{"line":153,"column":4},"end":{"line":189,"column":5}},{"start":{},"end":{}}],"line":153},"6":{"loc":{"start":{"line":153,"column":8},"end":{"line":153,"column":80}},"type":"binary-expr","locations":[{"start":{"line":153,"column":8},"end":{"line":153,"column":47}},{"start":{"line":153,"column":51},"end":{"line":153,"column":80}}],"line":153},"7":{"loc":{"start":{"line":200,"column":24},"end":{"line":200,"column":110}},"type":"binary-expr","locations":[{"start":{"line":200,"column":24},"end":{"line":200,"column":53}},{"start":{"line":200,"column":57},"end":{"line":200,"column":86}},{"start":{"line":200,"column":90},"end":{"line":200,"column":110}}],"line":200},"8":{"loc":{"start":{"line":204,"column":24},"end":{"line":211,"column":19}},"type":"binary-expr","locations":[{"start":{"line":204,"column":24},"end":{"line":211,"column":13}},{"start":{"line":211,"column":17},"end":{"line":211,"column":19}}],"line":204},"9":{"loc":{"start":{"line":214,"column":29},"end":{"line":218,"column":17}},"type":"binary-expr","locations":[{"start":{"line":214,"column":29},"end":{"line":218,"column":11}},{"start":{"line":218,"column":15},"end":{"line":218,"column":17}}],"line":214},"10":{"loc":{"start":{"line":225,"column":15},"end":{"line":225,"column":110}},"type":"binary-expr","locations":[{"start":{"line":225,"column":15},"end":{"line":225,"column":44}},{"start":{"line":225,"column":48},"end":{"line":225,"column":77}},{"start":{"line":225,"column":81},"end":{"line":225,"column":110}}],"line":225},"11":{"loc":{"start":{"line":233,"column":18},"end":{"line":235,"column":28}},"type":"cond-expr","locations":[{"start":{"line":234,"column":8},"end":{"line":234,"column":59}},{"start":{"line":235,"column":8},"end":{"line":235,"column":28}}],"line":233},"12":{"loc":{"start":{"line":233,"column":18},"end":{"line":233,"column":53}},"type":"binary-expr","locations":[{"start":{"line":233,"column":18},"end":{"line":233,"column":28}},{"start":{"line":233,"column":32},"end":{"line":233,"column":53}}],"line":233},"13":{"loc":{"start":{"line":247,"column":4},"end":{"line":250,"column":5}},"type":"if","locations":[{"start":{"line":247,"column":4},"end":{"line":250,"column":5}},{"start":{},"end":{}}],"line":247},"14":{"loc":{"start":{"line":261,"column":15},"end":{"line":261,"column":32}},"type":"binary-expr","locations":[{"start":{"line":261,"column":15},"end":{"line":261,"column":26}},{"start":{"line":261,"column":30},"end":{"line":261,"column":32}}],"line":261},"15":{"loc":{"start":{"line":265,"column":4},"end":{"line":268,"column":5}},"type":"if","locations":[{"start":{"line":265,"column":4},"end":{"line":268,"column":5}},{"start":{},"end":{}}],"line":265},"16":{"loc":{"start":{"line":279,"column":15},"end":{"line":279,"column":32}},"type":"binary-expr","locations":[{"start":{"line":279,"column":15},"end":{"line":279,"column":26}},{"start":{"line":279,"column":30},"end":{"line":279,"column":32}}],"line":279},"17":{"loc":{"start":{"line":283,"column":4},"end":{"line":286,"column":5}},"type":"if","locations":[{"start":{"line":283,"column":4},"end":{"line":286,"column":5}},{"start":{},"end":{}}],"line":283},"18":{"loc":{"start":{"line":296,"column":4},"end":{"line":322,"column":5}},"type":"if","locations":[{"start":{"line":296,"column":4},"end":{"line":322,"column":5}},{"start":{},"end":{}}],"line":296},"19":{"loc":{"start":{"line":296,"column":8},"end":{"line":296,"column":56}},"type":"binary-expr","locations":[{"start":{"line":296,"column":8},"end":{"line":296,"column":26}},{"start":{"line":296,"column":30},"end":{"line":296,"column":56}}],"line":296},"20":{"loc":{"start":{"line":301,"column":6},"end":{"line":318,"column":7}},"type":"if","locations":[{"start":{"line":301,"column":6},"end":{"line":318,"column":7}},{"start":{"line":303,"column":13},"end":{"line":318,"column":7}}],"line":301},"21":{"loc":{"start":{"line":303,"column":13},"end":{"line":318,"column":7}},"type":"if","locations":[{"start":{"line":303,"column":13},"end":{"line":318,"column":7}},{"start":{"line":305,"column":13},"end":{"line":318,"column":7}}],"line":303},"22":{"loc":{"start":{"line":305,"column":13},"end":{"line":318,"column":7}},"type":"if","locations":[{"start":{"line":305,"column":13},"end":{"line":318,"column":7}},{"start":{"line":314,"column":13},"end":{"line":318,"column":7}}],"line":305},"23":{"loc":{"start":{"line":308,"column":8},"end":{"line":313,"column":9}},"type":"if","locations":[{"start":{"line":308,"column":8},"end":{"line":313,"column":9}},{"start":{},"end":{}}],"line":308},"24":{"loc":{"start":{"line":308,"column":12},"end":{"line":308,"column":93}},"type":"binary-expr","locations":[{"start":{"line":308,"column":12},"end":{"line":308,"column":45}},{"start":{"line":308,"column":49},"end":{"line":308,"column":93}}],"line":308},"25":{"loc":{"start":{"line":331,"column":4},"end":{"line":371,"column":5}},"type":"if","locations":[{"start":{"line":331,"column":4},"end":{"line":371,"column":5}},{"start":{},"end":{}}],"line":331},"26":{"loc":{"start":{"line":335,"column":6},"end":{"line":343,"column":7}},"type":"if","locations":[{"start":{"line":335,"column":6},"end":{"line":343,"column":7}},{"start":{},"end":{}}],"line":335},"27":{"loc":{"start":{"line":346,"column":6},"end":{"line":352,"column":7}},"type":"if","locations":[{"start":{"line":346,"column":6},"end":{"line":352,"column":7}},{"start":{},"end":{}}],"line":346},"28":{"loc":{"start":{"line":355,"column":6},"end":{"line":365,"column":7}},"type":"if","locations":[{"start":{"line":355,"column":6},"end":{"line":365,"column":7}},{"start":{},"end":{}}],"line":355},"29":{"loc":{"start":{"line":368,"column":6},"end":{"line":370,"column":7}},"type":"if","locations":[{"start":{"line":368,"column":6},"end":{"line":370,"column":7}},{"start":{},"end":{}}],"line":368},"30":{"loc":{"start":{"line":374,"column":4},"end":{"line":380,"column":5}},"type":"if","locations":[{"start":{"line":374,"column":4},"end":{"line":380,"column":5}},{"start":{},"end":{}}],"line":374},"31":{"loc":{"start":{"line":383,"column":4},"end":{"line":390,"column":5}},"type":"if","locations":[{"start":{"line":383,"column":4},"end":{"line":390,"column":5}},{"start":{},"end":{}}],"line":383},"32":{"loc":{"start":{"line":393,"column":4},"end":{"line":398,"column":5}},"type":"if","locations":[{"start":{"line":393,"column":4},"end":{"line":398,"column":5}},{"start":{},"end":{}}],"line":393},"33":{"loc":{"start":{"line":411,"column":4},"end":{"line":415,"column":5}},"type":"if","locations":[{"start":{"line":411,"column":4},"end":{"line":415,"column":5}},{"start":{},"end":{}}],"line":411},"34":{"loc":{"start":{"line":426,"column":4},"end":{"line":430,"column":5}},"type":"if","locations":[{"start":{"line":426,"column":4},"end":{"line":430,"column":5}},{"start":{},"end":{}}],"line":426},"35":{"loc":{"start":{"line":440,"column":4},"end":{"line":461,"column":5}},"type":"if","locations":[{"start":{"line":440,"column":4},"end":{"line":461,"column":5}},{"start":{},"end":{}}],"line":440},"36":{"loc":{"start":{"line":440,"column":8},"end":{"line":440,"column":66}},"type":"binary-expr","locations":[{"start":{"line":440,"column":8},"end":{"line":440,"column":40}},{"start":{"line":440,"column":44},"end":{"line":440,"column":66}}],"line":440},"37":{"loc":{"start":{"line":445,"column":6},"end":{"line":458,"column":7}},"type":"if","locations":[{"start":{"line":445,"column":6},"end":{"line":458,"column":7}},{"start":{},"end":{}}],"line":445},"38":{"loc":{"start":{"line":447,"column":22},"end":{"line":447,"column":60}},"type":"binary-expr","locations":[{"start":{"line":447,"column":22},"end":{"line":447,"column":41}},{"start":{"line":447,"column":45},"end":{"line":447,"column":60}}],"line":447},"39":{"loc":{"start":{"line":464,"column":4},"end":{"line":466,"column":5}},"type":"if","locations":[{"start":{"line":464,"column":4},"end":{"line":466,"column":5}},{"start":{},"end":{}}],"line":464},"40":{"loc":{"start":{"line":468,"column":4},"end":{"line":470,"column":5}},"type":"if","locations":[{"start":{"line":468,"column":4},"end":{"line":470,"column":5}},{"start":{},"end":{}}],"line":468},"41":{"loc":{"start":{"line":472,"column":4},"end":{"line":478,"column":5}},"type":"if","locations":[{"start":{"line":472,"column":4},"end":{"line":478,"column":5}},{"start":{},"end":{}}],"line":472},"42":{"loc":{"start":{"line":474,"column":6},"end":{"line":476,"column":7}},"type":"if","locations":[{"start":{"line":474,"column":6},"end":{"line":476,"column":7}},{"start":{},"end":{}}],"line":474},"43":{"loc":{"start":{"line":474,"column":10},"end":{"line":474,"column":85}},"type":"binary-expr","locations":[{"start":{"line":474,"column":10},"end":{"line":474,"column":40}},{"start":{"line":474,"column":44},"end":{"line":474,"column":85}}],"line":474}},"s":{"0":0,"1":0,"2":0,"3":0,"4":0,"5":0,"6":0,"7":0,"8":0,"9":0,"10":0,"11":0,"12":0,"13":0,"14":0,"15":0,"16":0,"17":0,"18":0,"19":0,"20":0,"21":0,"22":0,"23":0,"24":0,"25":0,"26":0,"27":0,"28":0,"29":0,"30":0,"31":0,"32":0,"33":0,"34":0,"35":0,"36":0,"37":0,"38":0,"39":0,"40":0,"41":0,"42":0,"43":0,"44":0,"45":0,"46":0,"47":0,"48":0,"49":0,"50":0,"51":0,"52":0,"53":0,"54":0,"55":0,"56":0,"57":0,"58":0,"59":0,"60":0,"61":0,"62":0,"63":0,"64":0,"65":0,"66":0,"67":0,"68":0,"69":0,"70":0,"71":0,"72":0,"73":0,"74":0,"75":0,"76":0,"77":0,"78":0,"79":0,"80":0,"81":0,"82":0,"83":0,"84":0,"85":0,"86":0,"87":0,"88":0,"89":0,"90":0,"91":0,"92":0,"93":0,"94":0,"95":0,"96":0,"97":0,"98":0,"99":0,"100":0,"101":0,"102":0,"103":0,"104":0,"105":0,"106":0,"107":0,"108":0,"109":0,"110":0,"111":0,"112":0,"113":0,"114":0,"115":0,"116":0,"117":0,"118":0,"119":0,"120":0,"121":0,"122":0,"123":0,"124":0,"125":0,"126":0,"127":0},"f":{"0":0,"1":0,"2":0,"3":0,"4":0,"5":0,"6":0,"7":0,"8":0,"9":0,"10":0,"11":0,"12":0,"13":0,"14":0,"15":0,"16":0,"17":0,"18":0,"19":0,"20":0},"b":{"0":[0,0],"1":[0,0],"2":[0,0],"3":[0,0],"4":[0,0],"5":[0,0],"6":[0,0],"7":[0,0,0],"8":[0,0],"9":[0,0],"10":[0,0,0],"11":[0,0],"12":[0,0],"13":[0,0],"14":[0,0],"15":[0,0],"16":[0,0],"17":[0,0],"18":[0,0],"19":[0,0],"20":[0,0],"21":[0,0],"22":[0,0],"23":[0,0],"24":[0,0],"25":[0,0],"26":[0,0],"27":[0,0],"28":[0,0],"29":[0,0],"30":[0,0],"31":[0,0],"32":[0,0],"33":[0,0],"34":[0,0],"35":[0,0],"36":[0,0],"37":[0,0],"38":[0,0],"39":[0,0],"40":[0,0],"41":[0,0],"42":[0,0],"43":[0,0]}}
,"C:\\repo\\wihy_ui\\client\\src\\types\\healthTypes.ts": {"path":"C:\\repo\\wihy_ui\\client\\src\\types\\healthTypes.ts","statementMap":{},"fnMap":{},"branchMap":{},"s":{},"f":{},"b":{}}
,"C:\\repo\\wihy_ui\\client\\src\\types\\index.ts": {"path":"C:\\repo\\wihy_ui\\client\\src\\types\\index.ts","statementMap":{},"fnMap":{},"branchMap":{},"s":{},"f":{},"b":{}}
}
