TN:
SF:src\App.tsx
FN:17,(anonymous_0)
FN:55,(anonymous_1)
FN:77,(anonymous_2)
FN:83,(anonymous_3)
FN:84,(anonymous_4)
FN:196,(anonymous_5)
FN:253,(anonymous_6)
FN:256,(anonymous_7)
FN:275,(anonymous_8)
FN:279,(anonymous_9)
FN:302,(anonymous_10)
FNF:11
FNH:0
FNDA:0,(anonymous_0)
FNDA:0,(anonymous_1)
FNDA:0,(anonymous_2)
FNDA:0,(anonymous_3)
FNDA:0,(anonymous_4)
FNDA:0,(anonymous_5)
FNDA:0,(anonymous_6)
FNDA:0,(anonymous_7)
FNDA:0,(anonymous_8)
FNDA:0,(anonymous_9)
FNDA:0,(anonymous_10)
DA:15,0
DA:17,0
DA:18,0
DA:19,0
DA:21,0
DA:28,0
DA:29,0
DA:32,0
DA:33,0
DA:35,0
DA:37,0
DA:38,0
DA:42,0
DA:47,0
DA:55,0
DA:56,0
DA:57,0
DA:58,0
DA:59,0
DA:60,0
DA:62,0
DA:63,0
DA:64,0
DA:65,0
DA:66,0
DA:67,0
DA:70,0
DA:73,0
DA:74,0
DA:77,0
DA:78,0
DA:79,0
DA:83,0
DA:84,0
DA:85,0
DA:86,0
DA:87,0
DA:91,0
DA:94,0
DA:95,0
DA:96,0
DA:99,0
DA:100,0
DA:101,0
DA:103,0
DA:104,0
DA:107,0
DA:108,0
DA:109,0
DA:110,0
DA:111,0
DA:112,0
DA:113,0
DA:114,0
DA:115,0
DA:116,0
DA:117,0
DA:118,0
DA:122,0
DA:123,0
DA:124,0
DA:125,0
DA:126,0
DA:130,0
DA:132,0
DA:134,0
DA:138,0
DA:140,0
DA:141,0
DA:142,0
DA:145,0
DA:146,0
DA:149,0
DA:151,0
DA:152,0
DA:153,0
DA:154,0
DA:157,0
DA:159,0
DA:160,0
DA:162,0
DA:163,0
DA:165,0
DA:169,0
DA:170,0
DA:174,0
DA:176,0
DA:177,0
DA:179,0
DA:180,0
DA:181,0
DA:182,0
DA:184,0
DA:185,0
DA:186,0
DA:189,0
DA:190,0
DA:191,0
DA:196,0
DA:197,0
DA:198,0
DA:199,0
DA:201,0
DA:202,0
DA:205,0
DA:207,0
DA:208,0
DA:211,0
DA:212,0
DA:214,0
DA:216,0
DA:220,0
DA:221,0
DA:222,0
DA:224,0
DA:226,0
DA:227,0
DA:228,0
DA:230,0
DA:231,0
DA:232,0
DA:233,0
DA:234,0
DA:237,0
DA:238,0
DA:242,0
DA:245,0
DA:249,0
DA:253,0
DA:254,0
DA:256,0
DA:257,0
DA:258,0
DA:259,0
DA:260,0
DA:261,0
DA:262,0
DA:264,0
DA:265,0
DA:268,0
DA:269,0
DA:272,0
DA:275,0
DA:276,0
DA:279,0
DA:280,0
DA:282,0
DA:283,0
DA:287,0
DA:302,0
DA:303,0
DA:305,0
LF:152
LH:0
BRDA:28,0,0,0
BRDA:28,0,1,0
BRDA:58,1,0,0
BRDA:58,1,1,0
BRDA:60,2,0,0
BRDA:60,2,1,0
BRDA:85,3,0,0
BRDA:85,3,1,0
BRDA:85,4,0,0
BRDA:85,4,1,0
BRDA:91,5,0,0
BRDA:91,5,1,0
BRDA:94,6,0,0
BRDA:94,6,1,0
BRDA:94,7,0,0
BRDA:94,7,1,0
BRDA:108,8,0,0
BRDA:108,8,1,0
BRDA:122,9,0,0
BRDA:122,9,1,0
BRDA:122,10,0,0
BRDA:122,10,1,0
BRDA:134,11,0,0
BRDA:134,11,1,0
BRDA:138,12,0,0
BRDA:138,12,1,0
BRDA:141,13,0,0
BRDA:141,13,1,0
BRDA:151,14,0,0
BRDA:151,14,1,0
BRDA:162,15,0,0
BRDA:162,15,1,0
BRDA:197,16,0,0
BRDA:197,16,1,0
BRDA:201,17,0,0
BRDA:201,17,1,0
BRDA:201,18,0,0
BRDA:201,18,1,0
BRDA:216,19,0,0
BRDA:216,19,1,0
BRDA:226,20,0,0
BRDA:226,20,1,0
BRDA:230,21,0,0
BRDA:230,21,1,0
BRDA:230,22,0,0
BRDA:230,22,1,0
BRDA:264,23,0,0
BRDA:264,23,1,0
BRDA:264,24,0,0
BRDA:264,24,1,0
BRDA:280,25,0,0
BRDA:280,25,1,0
BRDA:289,26,0,0
BRDA:289,26,1,0
BRF:54
BRH:0
end_of_record
TN:
SF:src\SearchResults.tsx
FN:74,(anonymous_0)
FN:105,(anonymous_1)
FN:124,(anonymous_2)
FN:151,(anonymous_3)
FN:152,(anonymous_4)
FN:157,(anonymous_5)
FN:161,(anonymous_6)
FN:165,(anonymous_7)
FN:174,(anonymous_8)
FN:181,(anonymous_9)
FN:188,(anonymous_10)
FN:194,(anonymous_11)
FN:195,(anonymous_12)
FN:203,(anonymous_13)
FN:205,(anonymous_14)
FN:208,(anonymous_15)
FN:213,(anonymous_16)
FN:231,(anonymous_17)
FN:236,(anonymous_18)
FN:245,(anonymous_19)
FN:347,(anonymous_20)
FN:348,(anonymous_21)
FN:427,(anonymous_22)
FNF:23
FNH:0
FNDA:0,(anonymous_0)
FNDA:0,(anonymous_1)
FNDA:0,(anonymous_2)
FNDA:0,(anonymous_3)
FNDA:0,(anonymous_4)
FNDA:0,(anonymous_5)
FNDA:0,(anonymous_6)
FNDA:0,(anonymous_7)
FNDA:0,(anonymous_8)
FNDA:0,(anonymous_9)
FNDA:0,(anonymous_10)
FNDA:0,(anonymous_11)
FNDA:0,(anonymous_12)
FNDA:0,(anonymous_13)
FNDA:0,(anonymous_14)
FNDA:0,(anonymous_15)
FNDA:0,(anonymous_16)
FNDA:0,(anonymous_17)
FNDA:0,(anonymous_18)
FNDA:0,(anonymous_19)
FNDA:0,(anonymous_20)
FNDA:0,(anonymous_21)
FNDA:0,(anonymous_22)
DA:16,0
DA:25,0
DA:32,0
DA:74,0
DA:76,0
DA:79,0
DA:81,0
DA:83,0
DA:84,0
DA:85,0
DA:86,0
DA:87,0
DA:88,0
DA:91,0
DA:95,0
DA:100,0
DA:101,0
DA:103,0
DA:106,0
DA:124,0
DA:135,0
DA:136,0
DA:137,0
DA:138,0
DA:139,0
DA:140,0
DA:141,0
DA:142,0
DA:143,0
DA:144,0
DA:145,0
DA:146,0
DA:147,0
DA:148,0
DA:151,0
DA:152,0
DA:153,0
DA:156,0
DA:157,0
DA:161,0
DA:163,0
DA:165,0
DA:166,0
DA:171,0
DA:174,0
DA:175,0
DA:176,0
DA:181,0
DA:182,0
DA:183,0
DA:185,0
DA:188,0
DA:189,0
DA:194,0
DA:195,0
DA:196,0
DA:197,0
DA:203,0
DA:204,0
DA:205,0
DA:206,0
DA:208,0
DA:213,0
DA:214,0
DA:215,0
DA:217,0
DA:219,0
DA:220,0
DA:221,0
DA:224,0
DA:225,0
DA:226,0
DA:227,0
DA:231,0
DA:232,0
DA:236,0
DA:237,0
DA:238,0
DA:239,0
DA:240,0
DA:245,0
DA:246,0
DA:247,0
DA:248,0
DA:253,0
DA:255,0
DA:427,0
LF:87
LH:0
BRDA:76,0,0,0
BRDA:76,0,1,0
BRDA:79,1,0,0
BRDA:79,1,1,0
BRDA:81,2,0,0
BRDA:81,2,1,0
BRDA:83,3,0,0
BRDA:83,3,1,0
BRDA:85,4,0,0
BRDA:85,4,1,0
BRDA:87,5,0,0
BRDA:87,5,1,0
BRDA:106,6,0,0
BRDA:106,6,1,0
BRDA:131,7,0,0
BRDA:132,8,0,0
BRDA:133,9,0,0
BRDA:147,10,0,0
BRDA:147,10,1,0
BRDA:171,11,0,0
BRDA:171,11,1,0
BRDA:171,11,2,0
BRDA:175,12,0,0
BRDA:175,12,1,0
BRDA:175,13,0,0
BRDA:175,13,1,0
BRDA:175,13,2,0
BRDA:182,14,0,0
BRDA:182,14,1,0
BRDA:196,15,0,0
BRDA:196,15,1,0
BRDA:196,16,0,0
BRDA:196,16,1,0
BRDA:204,17,0,0
BRDA:204,17,1,0
BRDA:215,18,0,0
BRDA:215,18,1,0
BRDA:215,19,0,0
BRDA:215,19,1,0
BRDA:219,20,0,0
BRDA:219,20,1,0
BRDA:219,21,0,0
BRDA:219,21,1,0
BRDA:238,22,0,0
BRDA:238,22,1,0
BRDA:247,23,0,0
BRDA:247,23,1,0
BRDA:278,24,0,0
BRDA:278,24,1,0
BRDA:278,24,2,0
BRDA:291,25,0,0
BRDA:291,25,1,0
BRDA:295,26,0,0
BRDA:295,26,1,0
BRDA:298,27,0,0
BRDA:298,27,1,0
BRDA:299,28,0,0
BRDA:299,28,1,0
BRDA:313,29,0,0
BRDA:313,29,1,0
BRDA:357,30,0,0
BRDA:357,30,1,0
BRDA:376,31,0,0
BRDA:376,31,1,0
BRDA:383,32,0,0
BRDA:383,32,1,0
BRDA:391,33,0,0
BRDA:391,33,1,0
BRDA:399,34,0,0
BRDA:399,34,1,0
BRDA:408,35,0,0
BRDA:408,35,1,0
BRDA:408,35,2,0
BRF:73
BRH:0
end_of_record
TN:
SF:src\VHealthSearch.tsx
FN:12,(anonymous_0)
FN:32,(anonymous_1)
FN:34,(anonymous_2)
FN:50,(anonymous_3)
FN:53,(anonymous_4)
FN:82,(anonymous_5)
FN:98,(anonymous_6)
FN:119,(anonymous_7)
FN:144,(anonymous_8)
FN:147,(anonymous_9)
FN:162,(anonymous_10)
FN:171,(anonymous_11)
FN:179,(anonymous_12)
FN:193,(anonymous_13)
FN:215,(anonymous_14)
FN:281,(anonymous_15)
FN:287,(anonymous_16)
FN:292,(anonymous_17)
FN:333,(anonymous_18)
FN:352,(anonymous_19)
FN:369,(anonymous_20)
FN:381,(anonymous_21)
FN:400,(anonymous_22)
FN:427,(anonymous_23)
FN:482,(anonymous_24)
FN:488,(anonymous_25)
FN:493,(anonymous_26)
FN:525,(anonymous_27)
FN:537,(anonymous_28)
FN:548,(anonymous_29)
FN:566,(anonymous_30)
FN:567,(anonymous_31)
FN:574,(anonymous_32)
FN:591,(anonymous_33)
FN:691,(anonymous_34)
FN:696,(anonymous_35)
FN:742,(anonymous_36)
FN:743,(anonymous_37)
FN:744,(anonymous_38)
FN:750,(anonymous_39)
FN:760,(anonymous_40)
FN:766,(anonymous_41)
FN:769,(anonymous_42)
FN:789,(anonymous_43)
FN:817,(anonymous_44)
FN:830,(anonymous_45)
FN:844,(anonymous_46)
FN:845,(anonymous_47)
FN:850,(anonymous_48)
FN:851,(anonymous_49)
FN:879,(anonymous_50)
FN:891,(anonymous_51)
FN:917,(anonymous_52)
FN:925,(anonymous_53)
FN:929,(anonymous_54)
FN:946,(anonymous_55)
FNF:56
FNH:0
FNDA:0,(anonymous_0)
FNDA:0,(anonymous_1)
FNDA:0,(anonymous_2)
FNDA:0,(anonymous_3)
FNDA:0,(anonymous_4)
FNDA:0,(anonymous_5)
FNDA:0,(anonymous_6)
FNDA:0,(anonymous_7)
FNDA:0,(anonymous_8)
FNDA:0,(anonymous_9)
FNDA:0,(anonymous_10)
FNDA:0,(anonymous_11)
FNDA:0,(anonymous_12)
FNDA:0,(anonymous_13)
FNDA:0,(anonymous_14)
FNDA:0,(anonymous_15)
FNDA:0,(anonymous_16)
FNDA:0,(anonymous_17)
FNDA:0,(anonymous_18)
FNDA:0,(anonymous_19)
FNDA:0,(anonymous_20)
FNDA:0,(anonymous_21)
FNDA:0,(anonymous_22)
FNDA:0,(anonymous_23)
FNDA:0,(anonymous_24)
FNDA:0,(anonymous_25)
FNDA:0,(anonymous_26)
FNDA:0,(anonymous_27)
FNDA:0,(anonymous_28)
FNDA:0,(anonymous_29)
FNDA:0,(anonymous_30)
FNDA:0,(anonymous_31)
FNDA:0,(anonymous_32)
FNDA:0,(anonymous_33)
FNDA:0,(anonymous_34)
FNDA:0,(anonymous_35)
FNDA:0,(anonymous_36)
FNDA:0,(anonymous_37)
FNDA:0,(anonymous_38)
FNDA:0,(anonymous_39)
FNDA:0,(anonymous_40)
FNDA:0,(anonymous_41)
FNDA:0,(anonymous_42)
FNDA:0,(anonymous_43)
FNDA:0,(anonymous_44)
FNDA:0,(anonymous_45)
FNDA:0,(anonymous_46)
FNDA:0,(anonymous_47)
FNDA:0,(anonymous_48)
FNDA:0,(anonymous_49)
FNDA:0,(anonymous_50)
FNDA:0,(anonymous_51)
FNDA:0,(anonymous_52)
FNDA:0,(anonymous_53)
FNDA:0,(anonymous_54)
FNDA:0,(anonymous_55)
DA:12,0
DA:16,0
DA:17,0
DA:18,0
DA:19,0
DA:20,0
DA:21,0
DA:22,0
DA:24,0
DA:25,0
DA:26,0
DA:27,0
DA:32,0
DA:34,0
DA:35,0
DA:36,0
DA:38,0
DA:40,0
DA:41,0
DA:45,0
DA:46,0
DA:49,0
DA:50,0
DA:51,0
DA:52,0
DA:53,0
DA:55,0
DA:57,0
DA:58,0
DA:61,0
DA:62,0
DA:66,0
DA:67,0
DA:68,0
DA:71,0
DA:76,0
DA:77,0
DA:80,0
DA:82,0
DA:83,0
DA:84,0
DA:98,0
DA:99,0
DA:100,0
DA:101,0
DA:102,0
DA:103,0
DA:105,0
DA:106,0
DA:107,0
DA:108,0
DA:109,0
DA:111,0
DA:112,0
DA:119,0
DA:120,0
DA:121,0
DA:124,0
DA:125,0
DA:126,0
DA:127,0
DA:131,0
DA:132,0
DA:133,0
DA:136,0
DA:137,0
DA:144,0
DA:145,0
DA:147,0
DA:148,0
DA:149,0
DA:162,0
DA:163,0
DA:171,0
DA:172,0
DA:179,0
DA:180,0
DA:193,0
DA:194,0
DA:195,0
DA:198,0
DA:199,0
DA:201,0
DA:202,0
DA:204,0
DA:206,0
DA:208,0
DA:209,0
DA:211,0
DA:212,0
DA:213,0
DA:214,0
DA:215,0
DA:217,0
DA:219,0
DA:226,0
DA:230,0
DA:231,0
DA:232,0
DA:234,0
DA:238,0
DA:239,0
DA:241,0
DA:243,0
DA:244,0
DA:246,0
DA:248,0
DA:258,0
DA:260,0
DA:265,0
DA:266,0
DA:269,0
DA:271,0
DA:282,0
DA:283,0
DA:285,0
DA:288,0
DA:291,0
DA:292,0
DA:294,0
DA:295,0
DA:298,0
DA:305,0
DA:307,0
DA:310,0
DA:315,0
DA:316,0
DA:317,0
DA:319,0
DA:322,0
DA:324,0
DA:325,0
DA:327,0
DA:328,0
DA:330,0
DA:331,0
DA:332,0
DA:333,0
DA:335,0
DA:337,0
DA:344,0
DA:348,0
DA:351,0
DA:352,0
DA:353,0
DA:354,0
DA:356,0
DA:361,0
DA:362,0
DA:363,0
DA:366,0
DA:367,0
DA:369,0
DA:370,0
DA:371,0
DA:381,0
DA:382,0
DA:383,0
DA:384,0
DA:386,0
DA:387,0
DA:400,0
DA:401,0
DA:402,0
DA:403,0
DA:407,0
DA:408,0
DA:410,0
DA:411,0
DA:413,0
DA:414,0
DA:415,0
DA:418,0
DA:420,0
DA:421,0
DA:423,0
DA:424,0
DA:425,0
DA:426,0
DA:427,0
DA:429,0
DA:431,0
DA:438,0
DA:441,0
DA:445,0
DA:447,0
DA:448,0
DA:449,0
DA:451,0
DA:453,0
DA:463,0
DA:468,0
DA:470,0
DA:472,0
DA:483,0
DA:484,0
DA:486,0
DA:489,0
DA:492,0
DA:493,0
DA:495,0
DA:497,0
DA:504,0
DA:506,0
DA:509,0
DA:513,0
DA:516,0
DA:517,0
DA:519,0
DA:520,0
DA:522,0
DA:523,0
DA:524,0
DA:525,0
DA:527,0
DA:528,0
DA:529,0
DA:533,0
DA:536,0
DA:537,0
DA:538,0
DA:539,0
DA:541,0
DA:545,0
DA:546,0
DA:548,0
DA:549,0
DA:550,0
DA:553,0
DA:566,0
DA:567,0
DA:568,0
DA:569,0
DA:574,0
DA:576,0
DA:577,0
DA:591,0
DA:592,0
DA:692,0
DA:693,0
DA:694,0
DA:697,0
DA:698,0
DA:699,0
DA:713,0
DA:742,0
DA:743,0
DA:744,0
DA:750,0
DA:761,0
DA:762,0
DA:767,0
DA:770,0
DA:771,0
DA:772,0
DA:791,0
DA:792,0
DA:793,0
DA:794,0
DA:817,0
DA:831,0
DA:833,0
DA:834,0
DA:835,0
DA:838,0
DA:839,0
DA:840,0
DA:841,0
DA:842,0
DA:844,0
DA:845,0
DA:846,0
DA:847,0
DA:848,0
DA:850,0
DA:851,0
DA:853,0
DA:856,0
DA:857,0
DA:859,0
DA:860,0
DA:880,0
DA:881,0
DA:892,0
DA:894,0
DA:896,0
DA:897,0
DA:900,0
DA:919,0
DA:920,0
DA:921,0
DA:925,0
DA:930,0
DA:932,0
DA:933,0
DA:935,0
DA:946,0
LF:297
LH:0
BRDA:36,0,0,0
BRDA:36,0,1,0
BRDA:38,1,0,0
BRDA:38,1,1,0
BRDA:38,2,0,0
BRDA:38,2,1,0
BRDA:99,3,0,0
BRDA:99,3,1,0
BRDA:100,4,0,0
BRDA:100,4,1,0
BRDA:101,5,0,0
BRDA:101,5,1,0
BRDA:102,6,0,0
BRDA:102,6,1,0
BRDA:103,7,0,0
BRDA:103,7,1,0
BRDA:103,8,0,0
BRDA:103,8,1,0
BRDA:105,9,0,0
BRDA:105,9,1,0
BRDA:106,10,0,0
BRDA:106,10,1,0
BRDA:107,11,0,0
BRDA:107,11,1,0
BRDA:108,12,0,0
BRDA:108,12,1,0
BRDA:109,13,0,0
BRDA:109,13,1,0
BRDA:111,14,0,0
BRDA:111,14,1,0
BRDA:121,15,0,0
BRDA:121,15,1,0
BRDA:124,16,0,0
BRDA:124,16,1,0
BRDA:137,17,0,0
BRDA:137,17,1,0
BRDA:149,18,0,0
BRDA:149,18,1,0
BRDA:194,19,0,0
BRDA:194,19,1,0
BRDA:195,20,0,0
BRDA:195,20,1,0
BRDA:195,21,0,0
BRDA:195,21,1,0
BRDA:211,22,0,0
BRDA:211,22,1,0
BRDA:222,23,0,0
BRDA:222,23,1,0
BRDA:230,24,0,0
BRDA:230,24,1,0
BRDA:246,25,0,0
BRDA:246,25,1,0
BRDA:260,26,0,0
BRDA:260,26,1,0
BRDA:260,26,2,0
BRDA:260,26,3,0
BRDA:260,26,4,0
BRDA:260,26,5,0
BRDA:265,27,0,0
BRDA:265,27,1,0
BRDA:282,28,0,0
BRDA:282,28,1,0
BRDA:315,29,0,0
BRDA:315,29,1,0
BRDA:327,30,0,0
BRDA:327,30,1,0
BRDA:330,31,0,0
BRDA:330,31,1,0
BRDA:361,32,0,0
BRDA:361,32,1,0
BRDA:382,33,0,0
BRDA:382,33,1,0
BRDA:401,34,0,0
BRDA:401,34,1,0
BRDA:401,35,0,0
BRDA:401,35,1,0
BRDA:423,36,0,0
BRDA:423,36,1,0
BRDA:434,37,0,0
BRDA:434,37,1,0
BRDA:451,38,0,0
BRDA:451,38,1,0
BRDA:463,39,0,0
BRDA:463,39,1,0
BRDA:463,39,2,0
BRDA:463,39,3,0
BRDA:463,39,4,0
BRDA:463,39,5,0
BRDA:468,40,0,0
BRDA:468,40,1,0
BRDA:483,41,0,0
BRDA:483,41,1,0
BRDA:519,42,0,0
BRDA:519,42,1,0
BRDA:522,43,0,0
BRDA:522,43,1,0
BRDA:576,44,0,0
BRDA:576,44,1,0
BRDA:716,45,0,0
BRDA:716,45,1,0
BRDA:737,46,0,0
BRDA:737,46,1,0
BRDA:770,47,0,0
BRDA:770,47,1,0
BRDA:770,48,0,0
BRDA:770,48,1,0
BRDA:802,49,0,0
BRDA:802,49,1,0
BRDA:831,50,0,0
BRDA:831,50,1,0
BRDA:833,51,0,0
BRDA:833,51,1,0
BRDA:838,52,0,0
BRDA:838,52,1,0
BRDA:856,53,0,0
BRDA:856,53,1,0
BRDA:863,54,0,0
BRDA:863,54,1,0
BRDA:864,55,0,0
BRDA:864,55,1,0
BRDA:884,56,0,0
BRDA:884,56,1,0
BRDA:886,57,0,0
BRDA:886,57,1,0
BRDA:892,58,0,0
BRDA:892,58,1,0
BRDA:894,59,0,0
BRDA:894,59,1,0
BRDA:914,60,0,0
BRDA:914,60,1,0
BRDA:919,61,0,0
BRDA:919,61,1,0
BRDA:932,62,0,0
BRDA:932,62,1,0
BRF:134
BRH:0
end_of_record
TN:
SF:src\index.tsx
FNF:0
FNH:0
DA:6,0
DA:10,0
LF:2
LH:0
BRF:0
BRH:0
end_of_record
TN:
SF:src\vHealthApp.tsx
FN:31,(anonymous_0)
FN:49,(anonymous_1)
FN:50,(anonymous_2)
FN:75,(anonymous_3)
FN:78,(anonymous_4)
FN:175,(anonymous_5)
FN:183,(anonymous_6)
FN:195,(anonymous_7)
FN:202,(anonymous_8)
FN:206,(anonymous_9)
FN:213,(anonymous_10)
FN:220,(anonymous_11)
FN:237,(anonymous_12)
FN:249,(anonymous_13)
FN:253,(anonymous_14)
FN:259,(anonymous_15)
FN:263,(anonymous_16)
FN:276,(anonymous_17)
FN:280,(anonymous_18)
FN:286,(anonymous_19)
FN:291,(anonymous_20)
FN:310,(anonymous_21)
FN:314,(anonymous_22)
FN:318,(anonymous_23)
FN:353,(anonymous_24)
FN:365,(anonymous_25)
FN:425,(anonymous_26)
FN:432,(anonymous_27)
FN:448,(anonymous_28)
FNF:29
FNH:0
FNDA:0,(anonymous_0)
FNDA:0,(anonymous_1)
FNDA:0,(anonymous_2)
FNDA:0,(anonymous_3)
FNDA:0,(anonymous_4)
FNDA:0,(anonymous_5)
FNDA:0,(anonymous_6)
FNDA:0,(anonymous_7)
FNDA:0,(anonymous_8)
FNDA:0,(anonymous_9)
FNDA:0,(anonymous_10)
FNDA:0,(anonymous_11)
FNDA:0,(anonymous_12)
FNDA:0,(anonymous_13)
FNDA:0,(anonymous_14)
FNDA:0,(anonymous_15)
FNDA:0,(anonymous_16)
FNDA:0,(anonymous_17)
FNDA:0,(anonymous_18)
FNDA:0,(anonymous_19)
FNDA:0,(anonymous_20)
FNDA:0,(anonymous_21)
FNDA:0,(anonymous_22)
FNDA:0,(anonymous_23)
FNDA:0,(anonymous_24)
FNDA:0,(anonymous_25)
FNDA:0,(anonymous_26)
FNDA:0,(anonymous_27)
FNDA:0,(anonymous_28)
DA:31,0
DA:32,0
DA:36,0
DA:37,0
DA:38,0
DA:39,0
DA:40,0
DA:41,0
DA:42,0
DA:43,0
DA:44,0
DA:46,0
DA:49,0
DA:50,0
DA:51,0
DA:52,0
DA:53,0
DA:54,0
DA:55,0
DA:56,0
DA:57,0
DA:60,0
DA:61,0
DA:62,0
DA:66,0
DA:69,0
DA:70,0
DA:71,0
DA:72,0
DA:75,0
DA:78,0
DA:79,0
DA:82,0
DA:83,0
DA:85,0
DA:87,0
DA:90,0
DA:92,0
DA:93,0
DA:95,0
DA:96,0
DA:97,0
DA:98,0
DA:100,0
DA:101,0
DA:102,0
DA:109,0
DA:111,0
DA:112,0
DA:113,0
DA:114,0
DA:119,0
DA:121,0
DA:132,0
DA:134,0
DA:135,0
DA:137,0
DA:141,0
DA:142,0
DA:143,0
DA:147,0
DA:148,0
DA:149,0
DA:161,0
DA:163,0
DA:164,0
DA:165,0
DA:166,0
DA:168,0
DA:169,0
DA:170,0
DA:175,0
DA:176,0
DA:179,0
DA:180,0
DA:182,0
DA:183,0
DA:186,0
DA:187,0
DA:190,0
DA:192,0
DA:195,0
DA:196,0
DA:197,0
DA:198,0
DA:199,0
DA:202,0
DA:203,0
DA:206,0
DA:207,0
DA:208,0
DA:209,0
DA:210,0
DA:213,0
DA:214,0
DA:215,0
DA:216,0
DA:220,0
DA:221,0
DA:222,0
DA:223,0
DA:226,0
DA:227,0
DA:228,0
DA:231,0
DA:232,0
DA:233,0
DA:237,0
DA:238,0
DA:239,0
DA:240,0
DA:243,0
DA:244,0
DA:245,0
DA:246,0
DA:247,0
DA:249,0
DA:250,0
DA:253,0
DA:254,0
DA:255,0
DA:256,0
DA:259,0
DA:260,0
DA:263,0
DA:264,0
DA:267,0
DA:268,0
DA:270,0
DA:271,0
DA:276,0
DA:277,0
DA:280,0
DA:282,0
DA:286,0
DA:287,0
DA:291,0
DA:292,0
DA:293,0
DA:296,0
DA:299,0
DA:302,0
DA:305,0
DA:306,0
DA:310,0
DA:311,0
DA:314,0
DA:315,0
DA:318,0
DA:319,0
DA:322,0
DA:323,0
DA:335,0
DA:353,0
DA:366,0
DA:367,0
DA:368,0
DA:369,0
DA:370,0
DA:425,0
DA:432,0
DA:448,0
LF:162
LH:0
BRDA:52,0,0,0
BRDA:52,0,1,0
BRDA:54,1,0,0
BRDA:54,1,1,0
BRDA:55,2,0,0
BRDA:55,2,1,0
BRDA:56,3,0,0
BRDA:56,3,1,0
BRDA:71,4,0,0
BRDA:71,4,1,0
BRDA:78,5,0,0
BRDA:85,6,0,0
BRDA:85,6,1,0
BRDA:92,7,0,0
BRDA:92,7,1,0
BRDA:100,8,0,0
BRDA:100,8,1,0
BRDA:119,9,0,0
BRDA:119,9,1,0
BRDA:141,10,0,0
BRDA:141,10,1,0
BRDA:141,11,0,0
BRDA:141,11,1,0
BRDA:147,12,0,0
BRDA:147,12,1,0
BRDA:161,13,0,0
BRDA:161,13,1,0
BRDA:182,14,0,0
BRDA:182,14,1,0
BRDA:182,15,0,0
BRDA:182,15,1,0
BRDA:186,16,0,0
BRDA:186,16,1,0
BRDA:186,17,0,0
BRDA:186,17,1,0
BRDA:208,18,0,0
BRDA:208,18,1,0
BRDA:214,19,0,0
BRDA:214,19,1,0
BRDA:227,20,0,0
BRDA:227,20,1,0
BRDA:232,21,0,0
BRDA:232,21,1,0
BRDA:238,22,0,0
BRDA:238,22,1,0
BRDA:243,23,0,0
BRDA:243,23,1,0
BRDA:322,24,0,0
BRDA:322,24,1,0
BRDA:359,25,0,0
BRDA:359,25,1,0
BRDA:369,26,0,0
BRDA:369,26,1,0
BRDA:382,27,0,0
BRDA:382,27,1,0
BRDA:382,27,2,0
BRDA:409,28,0,0
BRDA:409,28,1,0
BRDA:410,29,0,0
BRDA:410,29,1,0
BRDA:439,30,0,0
BRDA:439,30,1,0
BRF:62
BRH:0
end_of_record
TN:
SF:src\components\App.tsx
FN:4,(anonymous_0)
FNF:1
FNH:0
FNDA:0,(anonymous_0)
DA:4,0
DA:5,0
LF:2
LH:0
BRF:0
BRH:0
end_of_record
TN:
SF:src\components\ChatWidget.tsx
FN:20,(anonymous_0)
FN:33,(anonymous_1)
FN:37,(anonymous_2)
FN:42,(anonymous_3)
FN:53,(anonymous_4)
FN:63,(anonymous_5)
FN:74,(anonymous_6)
FN:116,(anonymous_7)
FN:130,(anonymous_8)
FN:135,(anonymous_9)
FN:185,(anonymous_10)
FN:192,(anonymous_11)
FN:282,(anonymous_12)
FN:426,(anonymous_13)
FNF:14
FNH:0
FNDA:0,(anonymous_0)
FNDA:0,(anonymous_1)
FNDA:0,(anonymous_2)
FNDA:0,(anonymous_3)
FNDA:0,(anonymous_4)
FNDA:0,(anonymous_5)
FNDA:0,(anonymous_6)
FNDA:0,(anonymous_7)
FNDA:0,(anonymous_8)
FNDA:0,(anonymous_9)
FNDA:0,(anonymous_10)
FNDA:0,(anonymous_11)
FNDA:0,(anonymous_12)
FNDA:0,(anonymous_13)
DA:20,0
DA:21,0
DA:29,0
DA:30,0
DA:31,0
DA:33,0
DA:34,0
DA:37,0
DA:38,0
DA:42,0
DA:43,0
DA:44,0
DA:53,0
DA:54,0
DA:55,0
DA:56,0
DA:58,0
DA:63,0
DA:64,0
DA:66,0
DA:74,0
DA:75,0
DA:76,0
DA:78,0
DA:80,0
DA:82,0
DA:87,0
DA:89,0
DA:91,0
DA:93,0
DA:95,0
DA:96,0
DA:99,0
DA:100,0
DA:102,0
DA:104,0
DA:106,0
DA:109,0
DA:116,0
DA:117,0
DA:119,0
DA:122,0
DA:123,0
DA:130,0
DA:131,0
DA:135,0
DA:136,0
DA:139,0
DA:140,0
DA:141,0
DA:143,0
DA:144,0
DA:148,0
DA:149,0
DA:150,0
DA:152,0
DA:153,0
DA:158,0
DA:159,0
DA:162,0
DA:163,0
DA:166,0
DA:167,0
DA:170,0
DA:171,0
DA:175,0
DA:182,0
DA:185,0
DA:186,0
DA:187,0
DA:188,0
DA:192,0
DA:193,0
DA:196,0
DA:197,0
DA:200,0
DA:283,0
DA:426,0
LF:78
LH:0
BRDA:20,0,0,0
BRDA:43,1,0,0
BRDA:43,1,1,0
BRDA:43,2,0,0
BRDA:43,2,1,0
BRDA:55,3,0,0
BRDA:55,3,1,0
BRDA:64,4,0,0
BRDA:64,4,1,0
BRDA:84,5,0,0
BRDA:84,5,1,0
BRDA:91,6,0,0
BRDA:91,6,1,0
BRDA:93,7,0,0
BRDA:93,7,1,0
BRDA:139,8,0,0
BRDA:139,8,1,0
BRDA:139,9,0,0
BRDA:139,9,1,0
BRDA:140,10,0,0
BRDA:140,10,1,0
BRDA:140,11,0,0
BRDA:140,11,1,0
BRDA:143,12,0,0
BRDA:143,12,1,0
BRDA:143,13,0,0
BRDA:143,13,1,0
BRDA:143,13,2,0
BRDA:148,14,0,0
BRDA:148,14,1,0
BRDA:148,15,0,0
BRDA:148,15,1,0
BRDA:149,16,0,0
BRDA:149,16,1,0
BRDA:149,17,0,0
BRDA:149,17,1,0
BRDA:152,18,0,0
BRDA:152,18,1,0
BRDA:152,19,0,0
BRDA:152,19,1,0
BRDA:158,20,0,0
BRDA:158,20,1,0
BRDA:158,21,0,0
BRDA:158,21,1,0
BRDA:162,22,0,0
BRDA:162,22,1,0
BRDA:162,23,0,0
BRDA:162,23,1,0
BRDA:162,23,2,0
BRDA:166,24,0,0
BRDA:166,24,1,0
BRDA:166,25,0,0
BRDA:166,25,1,0
BRDA:170,26,0,0
BRDA:170,26,1,0
BRDA:170,27,0,0
BRDA:170,27,1,0
BRDA:170,27,2,0
BRDA:186,28,0,0
BRDA:186,28,1,0
BRDA:186,29,0,0
BRDA:186,29,1,0
BRDA:196,30,0,0
BRDA:196,30,1,0
BRDA:204,31,0,0
BRDA:204,31,1,0
BRDA:205,32,0,0
BRDA:205,32,1,0
BRDA:206,33,0,0
BRDA:206,33,1,0
BRDA:207,34,0,0
BRDA:207,34,1,0
BRDA:208,35,0,0
BRDA:208,35,1,0
BRDA:210,36,0,0
BRDA:210,36,1,0
BRDA:211,37,0,0
BRDA:211,37,1,0
BRDA:212,38,0,0
BRDA:212,38,1,0
BRDA:215,39,0,0
BRDA:215,39,1,0
BRDA:217,40,0,0
BRDA:217,40,1,0
BRDA:218,41,0,0
BRDA:218,41,1,0
BRDA:223,42,0,0
BRDA:223,42,1,0
BRDA:248,43,0,0
BRDA:248,43,1,0
BRDA:252,44,0,0
BRDA:252,44,1,0
BRDA:277,45,0,0
BRDA:277,45,1,0
BRDA:287,46,0,0
BRDA:287,46,1,0
BRDA:292,47,0,0
BRDA:292,47,1,0
BRDA:330,48,0,0
BRDA:330,48,1,0
BRDA:331,49,0,0
BRDA:331,49,1,0
BRDA:333,50,0,0
BRDA:333,50,1,0
BRDA:342,51,0,0
BRDA:342,51,1,0
BRDA:343,52,0,0
BRDA:343,52,1,0
BRDA:344,53,0,0
BRDA:344,53,1,0
BRDA:347,54,0,0
BRDA:347,54,1,0
BRDA:357,55,0,0
BRDA:357,55,1,0
BRDA:445,56,0,0
BRDA:445,56,1,0
BRDA:447,57,0,0
BRDA:447,57,1,0
BRDA:452,58,0,0
BRDA:452,58,1,0
BRF:120
BRH:0
end_of_record
TN:
SF:src\components\CleanHealthSearch.tsx
FN:10,(anonymous_0)
FN:17,(anonymous_1)
FN:50,(anonymous_2)
FN:63,(anonymous_3)
FN:97,(anonymous_4)
FN:98,(anonymous_5)
FNF:6
FNH:0
FNDA:0,(anonymous_0)
FNDA:0,(anonymous_1)
FNDA:0,(anonymous_2)
FNDA:0,(anonymous_3)
FNDA:0,(anonymous_4)
FNDA:0,(anonymous_5)
DA:10,0
DA:11,0
DA:12,0
DA:13,0
DA:14,0
DA:15,0
DA:17,0
DA:18,0
DA:20,0
DA:21,0
DA:22,0
DA:24,0
DA:25,0
DA:28,0
DA:30,0
DA:31,0
DA:32,0
DA:33,0
DA:36,0
DA:37,0
DA:40,0
DA:43,0
DA:44,0
DA:46,0
DA:50,0
DA:51,0
DA:52,0
DA:56,0
DA:63,0
DA:97,0
DA:98,0
LF:31
LH:0
BRDA:18,0,0,0
BRDA:18,0,1,0
BRDA:30,1,0,0
BRDA:30,1,1,0
BRDA:36,2,0,0
BRDA:36,2,1,0
BRDA:51,3,0,0
BRDA:51,3,1,0
BRDA:51,4,0,0
BRDA:51,4,1,0
BRDA:71,5,0,0
BRDA:71,5,1,0
BRDA:74,6,0,0
BRDA:74,6,1,0
BRDA:79,7,0,0
BRDA:79,7,1,0
BRDA:87,8,0,0
BRDA:87,8,1,0
BRDA:94,9,0,0
BRDA:94,9,1,0
BRDA:94,9,2,0
BRDA:105,10,0,0
BRDA:105,10,1,0
BRF:23
BRH:0
end_of_record
TN:
SF:src\components\HealthNewsFeed.tsx
FN:67,(anonymous_0)
FN:77,(anonymous_1)
FN:93,(anonymous_2)
FN:108,(anonymous_3)
FN:110,(anonymous_4)
FN:143,(anonymous_5)
FN:155,(anonymous_6)
FN:162,(anonymous_7)
FN:174,(anonymous_8)
FN:181,(anonymous_9)
FN:187,(anonymous_10)
FN:240,(anonymous_11)
FN:265,(anonymous_12)
FN:302,(anonymous_13)
FN:307,(anonymous_14)
FN:337,(anonymous_15)
FN:343,(anonymous_16)
FN:358,(anonymous_17)
FN:380,(anonymous_18)
FN:389,(anonymous_19)
FN:394,(anonymous_20)
FN:417,(anonymous_21)
FN:423,(anonymous_22)
FN:440,(anonymous_23)
FN:483,(anonymous_24)
FN:509,(anonymous_25)
FN:516,(anonymous_26)
FN:520,(anonymous_27)
FN:546,(anonymous_28)
FN:550,(anonymous_29)
FN:558,(anonymous_30)
FN:563,(anonymous_31)
FN:571,(anonymous_32)
FN:607,(anonymous_33)
FN:647,(anonymous_34)
FNF:35
FNH:0
FNDA:0,(anonymous_0)
FNDA:0,(anonymous_1)
FNDA:0,(anonymous_2)
FNDA:0,(anonymous_3)
FNDA:0,(anonymous_4)
FNDA:0,(anonymous_5)
FNDA:0,(anonymous_6)
FNDA:0,(anonymous_7)
FNDA:0,(anonymous_8)
FNDA:0,(anonymous_9)
FNDA:0,(anonymous_10)
FNDA:0,(anonymous_11)
FNDA:0,(anonymous_12)
FNDA:0,(anonymous_13)
FNDA:0,(anonymous_14)
FNDA:0,(anonymous_15)
FNDA:0,(anonymous_16)
FNDA:0,(anonymous_17)
FNDA:0,(anonymous_18)
FNDA:0,(anonymous_19)
FNDA:0,(anonymous_20)
FNDA:0,(anonymous_21)
FNDA:0,(anonymous_22)
FNDA:0,(anonymous_23)
FNDA:0,(anonymous_24)
FNDA:0,(anonymous_25)
FNDA:0,(anonymous_26)
FNDA:0,(anonymous_27)
FNDA:0,(anonymous_28)
FNDA:0,(anonymous_29)
FNDA:0,(anonymous_30)
FNDA:0,(anonymous_31)
FNDA:0,(anonymous_32)
FNDA:0,(anonymous_33)
FNDA:0,(anonymous_34)
DA:15,0
DA:67,0
DA:69,0
DA:72,0
DA:73,0
DA:77,0
DA:78,0
DA:80,0
DA:90,0
DA:93,0
DA:94,0
DA:96,0
DA:97,0
DA:98,0
DA:100,0
DA:101,0
DA:102,0
DA:103,0
DA:105,0
DA:108,0
DA:112,0
DA:114,0
DA:119,0
DA:120,0
DA:121,0
DA:122,0
DA:123,0
DA:124,0
DA:125,0
DA:126,0
DA:128,0
DA:129,0
DA:131,0
DA:143,0
DA:145,0
DA:146,0
DA:147,0
DA:148,0
DA:149,0
DA:150,0
DA:155,0
DA:156,0
DA:157,0
DA:158,0
DA:162,0
DA:163,0
DA:164,0
DA:170,0
DA:172,0
DA:174,0
DA:175,0
DA:181,0
DA:182,0
DA:183,0
DA:184,0
DA:186,0
DA:187,0
DA:190,0
DA:191,0
DA:192,0
DA:197,0
DA:207,0
DA:209,0
DA:210,0
DA:212,0
DA:215,0
DA:216,0
DA:217,0
DA:220,0
DA:222,0
DA:225,0
DA:228,0
DA:229,0
DA:232,0
DA:236,0
DA:237,0
DA:240,0
DA:244,0
DA:245,0
DA:248,0
DA:251,0
DA:253,0
DA:254,0
DA:256,0
DA:257,0
DA:258,0
DA:260,0
DA:261,0
DA:262,0
DA:263,0
DA:265,0
DA:267,0
DA:269,0
DA:270,0
DA:272,0
DA:275,0
DA:276,0
DA:277,0
DA:279,0
DA:282,0
DA:283,0
DA:285,0
DA:289,0
DA:290,0
DA:291,0
DA:293,0
DA:295,0
DA:296,0
DA:302,0
DA:304,0
DA:307,0
DA:308,0
DA:311,0
DA:312,0
DA:313,0
DA:318,0
DA:319,0
DA:320,0
DA:325,0
DA:326,0
DA:327,0
DA:328,0
DA:330,0
DA:337,0
DA:338,0
DA:342,0
DA:343,0
DA:344,0
DA:347,0
DA:351,0
DA:355,0
DA:358,0
DA:359,0
DA:360,0
DA:363,0
DA:364,0
DA:368,0
DA:369,0
DA:371,0
DA:372,0
DA:375,0
DA:379,0
DA:380,0
DA:381,0
DA:382,0
DA:385,0
DA:389,0
DA:390,0
DA:393,0
DA:394,0
DA:395,0
DA:396,0
DA:397,0
DA:399,0
DA:403,0
DA:404,0
DA:407,0
DA:410,0
DA:411,0
DA:414,0
DA:417,0
DA:418,0
DA:419,0
DA:422,0
DA:423,0
DA:428,0
DA:429,0
DA:430,0
DA:433,0
DA:435,0
DA:440,0
DA:441,0
DA:442,0
DA:444,0
DA:446,0
DA:448,0
DA:453,0
DA:456,0
DA:457,0
DA:459,0
DA:460,0
DA:463,0
DA:466,0
DA:467,0
DA:469,0
DA:470,0
DA:473,0
DA:474,0
DA:475,0
DA:478,0
DA:479,0
DA:483,0
DA:484,0
DA:488,0
DA:489,0
DA:490,0
DA:495,0
DA:497,0
DA:498,0
DA:502,0
DA:503,0
DA:509,0
DA:512,0
DA:513,0
DA:517,0
DA:520,0
DA:543,0
DA:547,0
DA:550,0
DA:559,0
DA:563,0
DA:572,0
DA:574,0
DA:576,0
DA:607,0
DA:648,0
LF:216
LH:0
BRDA:69,0,0,0
BRDA:69,0,1,0
BRDA:69,1,0,0
BRDA:69,1,1,0
BRDA:78,2,0,0
BRDA:78,2,1,0
BRDA:90,3,0,0
BRDA:90,3,1,0
BRDA:94,4,0,0
BRDA:94,4,1,0
BRDA:100,5,0,0
BRDA:100,5,1,0
BRDA:101,6,0,0
BRDA:101,6,1,0
BRDA:102,7,0,0
BRDA:102,7,1,0
BRDA:103,8,0,0
BRDA:103,8,1,0
BRDA:109,9,0,0
BRDA:110,10,0,0
BRDA:146,11,0,0
BRDA:146,11,1,0
BRDA:146,12,0,0
BRDA:146,12,1,0
BRDA:157,13,0,0
BRDA:157,13,1,0
BRDA:157,14,0,0
BRDA:157,14,1,0
BRDA:157,14,2,0
BRDA:157,14,3,0
BRDA:172,15,0,0
BRDA:172,15,1,0
BRDA:175,16,0,0
BRDA:175,16,1,0
BRDA:181,17,0,0
BRDA:182,18,0,0
BRDA:182,18,1,0
BRDA:191,19,0,0
BRDA:191,19,1,0
BRDA:207,20,0,0
BRDA:207,20,1,0
BRDA:215,21,0,0
BRDA:215,21,1,0
BRDA:215,22,0,0
BRDA:215,22,1,0
BRDA:215,22,2,0
BRDA:220,23,0,0
BRDA:220,23,1,0
BRDA:228,24,0,0
BRDA:228,24,1,0
BRDA:236,25,0,0
BRDA:236,25,1,0
BRDA:244,26,0,0
BRDA:244,26,1,0
BRDA:253,27,0,0
BRDA:253,27,1,0
BRDA:260,28,0,0
BRDA:260,28,1,0
BRDA:260,29,0,0
BRDA:260,29,1,0
BRDA:260,29,2,0
BRDA:262,30,0,0
BRDA:262,30,1,0
BRDA:269,31,0,0
BRDA:269,31,1,0
BRDA:276,32,0,0
BRDA:276,32,1,0
BRDA:282,33,0,0
BRDA:282,33,1,0
BRDA:290,34,0,0
BRDA:290,34,1,0
BRDA:308,35,0,0
BRDA:308,35,1,0
BRDA:312,36,0,0
BRDA:312,36,1,0
BRDA:319,37,0,0
BRDA:319,37,1,0
BRDA:325,38,0,0
BRDA:325,38,1,0
BRDA:326,39,0,0
BRDA:326,39,1,0
BRDA:337,40,0,0
BRDA:337,40,1,0
BRDA:343,41,0,0
BRDA:343,41,1,0
BRDA:344,42,0,0
BRDA:344,42,1,0
BRDA:363,43,0,0
BRDA:363,43,1,0
BRDA:368,44,0,0
BRDA:368,44,1,0
BRDA:369,45,0,0
BRDA:369,45,1,0
BRDA:371,46,0,0
BRDA:371,46,1,0
BRDA:371,47,0,0
BRDA:371,47,1,0
BRDA:382,48,0,0
BRDA:382,48,1,0
BRDA:390,49,0,0
BRDA:390,49,1,0
BRDA:390,50,0,0
BRDA:390,50,1,0
BRDA:395,51,0,0
BRDA:395,51,1,0
BRDA:396,52,0,0
BRDA:396,52,1,0
BRDA:407,53,0,0
BRDA:407,53,1,0
BRDA:428,54,0,0
BRDA:428,54,1,0
BRDA:444,55,0,0
BRDA:444,55,1,0
BRDA:449,56,0,0
BRDA:449,56,1,0
BRDA:449,56,2,0
BRDA:450,57,0,0
BRDA:450,57,1,0
BRDA:451,58,0,0
BRDA:451,58,1,0
BRDA:456,59,0,0
BRDA:456,59,1,0
BRDA:459,60,0,0
BRDA:459,60,1,0
BRDA:467,61,0,0
BRDA:467,61,1,0
BRDA:474,62,0,0
BRDA:474,62,1,0
BRDA:478,63,0,0
BRDA:478,63,1,0
BRDA:489,64,0,0
BRDA:489,64,1,0
BRDA:497,65,0,0
BRDA:497,65,1,0
BRDA:502,66,0,0
BRDA:502,66,1,0
BRDA:512,67,0,0
BRDA:512,67,1,0
BRDA:512,68,0,0
BRDA:512,68,1,0
BRDA:519,69,0,0
BRDA:519,69,1,0
BRDA:549,70,0,0
BRDA:549,70,1,0
BRDA:563,71,0,0
BRDA:563,71,1,0
BRDA:567,72,0,0
BRDA:567,72,1,0
BRDA:567,73,0,0
BRDA:567,73,1,0
BRDA:567,73,2,0
BRDA:567,73,3,0
BRDA:569,74,0,0
BRDA:569,74,1,0
BRDA:569,74,2,0
BRDA:569,74,3,0
BRDA:572,75,0,0
BRDA:572,75,1,0
BRDA:583,76,0,0
BRDA:583,76,1,0
BRDA:594,77,0,0
BRDA:594,77,1,0
BRDA:597,78,0,0
BRDA:597,78,1,0
BRDA:598,79,0,0
BRDA:598,79,1,0
BRDA:616,80,0,0
BRDA:616,80,1,0
BRDA:621,81,0,0
BRDA:621,81,1,0
BRDA:640,82,0,0
BRDA:640,82,1,0
BRDA:644,83,0,0
BRDA:644,83,1,0
BRDA:654,84,0,0
BRDA:654,84,1,0
BRDA:666,85,0,0
BRDA:666,85,1,0
BRDA:666,85,2,0
BRDA:673,86,0,0
BRDA:673,86,1,0
BRDA:681,87,0,0
BRDA:681,87,1,0
BRDA:681,87,2,0
BRDA:681,87,3,0
BRF:185
BRH:0
end_of_record
TN:
SF:src\components\ImageUploadModal.tsx
FN:15,(anonymous_0)
FN:29,(anonymous_1)
FN:34,(anonymous_2)
FN:44,(anonymous_3)
FN:49,(anonymous_4)
FN:55,(anonymous_5)
FN:67,(anonymous_6)
FN:93,(anonymous_7)
FN:145,(anonymous_8)
FN:155,(anonymous_9)
FN:196,(anonymous_10)
FN:227,(anonymous_11)
FN:228,(anonymous_12)
FNF:13
FNH:0
FNDA:0,(anonymous_0)
FNDA:0,(anonymous_1)
FNDA:0,(anonymous_2)
FNDA:0,(anonymous_3)
FNDA:0,(anonymous_4)
FNDA:0,(anonymous_5)
FNDA:0,(anonymous_6)
FNDA:0,(anonymous_7)
FNDA:0,(anonymous_8)
FNDA:0,(anonymous_9)
FNDA:0,(anonymous_10)
FNDA:0,(anonymous_11)
FNDA:0,(anonymous_12)
DA:15,0
DA:22,0
DA:23,0
DA:24,0
DA:26,0
DA:29,0
DA:30,0
DA:31,0
DA:33,0
DA:34,0
DA:36,0
DA:37,0
DA:39,0
DA:44,0
DA:45,0
DA:46,0
DA:49,0
DA:50,0
DA:51,0
DA:55,0
DA:56,0
DA:57,0
DA:58,0
DA:59,0
DA:60,0
DA:62,0
DA:67,0
DA:68,0
DA:69,0
DA:70,0
DA:73,0
DA:74,0
DA:75,0
DA:76,0
DA:78,0
DA:79,0
DA:82,0
DA:83,0
DA:85,0
DA:86,0
DA:88,0
DA:93,0
DA:94,0
DA:100,0
DA:102,0
DA:103,0
DA:104,0
DA:105,0
DA:107,0
DA:108,0
DA:113,0
DA:119,0
DA:120,0
DA:123,0
DA:131,0
DA:132,0
DA:134,0
DA:135,0
DA:138,0
DA:140,0
DA:145,0
DA:146,0
DA:147,0
DA:148,0
DA:149,0
DA:153,0
DA:155,0
DA:196,0
DA:227,0
DA:229,0
DA:230,0
LF:71
LH:0
BRDA:19,0,0,0
BRDA:20,1,0,0
BRDA:26,2,0,0
BRDA:26,2,1,0
BRDA:36,3,0,0
BRDA:36,3,1,0
BRDA:59,4,0,0
BRDA:59,4,1,0
BRDA:68,5,0,0
BRDA:68,5,1,0
BRDA:78,6,0,0
BRDA:78,6,1,0
BRDA:125,7,0,0
BRDA:125,7,1,0
BRDA:131,8,0,0
BRDA:131,8,1,0
BRDA:131,8,2,0
BRDA:131,8,3,0
BRDA:146,9,0,0
BRDA:146,9,1,0
BRDA:154,10,0,0
BRDA:154,10,1,0
BRDA:171,11,0,0
BRDA:171,11,1,0
BRDA:171,12,0,0
BRDA:171,12,1,0
BRDA:178,13,0,0
BRDA:178,13,1,0
BRDA:189,14,0,0
BRDA:189,14,1,0
BRDA:193,15,0,0
BRDA:193,15,1,0
BRDA:229,16,0,0
BRDA:229,16,1,0
BRDA:236,17,0,0
BRDA:236,17,1,0
BRDA:238,18,0,0
BRDA:238,18,1,0
BRDA:240,19,0,0
BRDA:240,19,1,0
BRF:40
BRH:0
end_of_record
TN:
SF:src\components\NovaChart.tsx
FN:19,(anonymous_0)
FN:81,(anonymous_1)
FNF:2
FNH:0
FNDA:0,(anonymous_0)
FNDA:0,(anonymous_1)
DA:10,0
DA:19,0
DA:20,0
DA:21,0
DA:22,0
DA:24,0
DA:25,0
DA:26,0
DA:29,0
DA:30,0
DA:33,0
DA:34,0
DA:35,0
DA:38,0
DA:40,0
DA:41,0
DA:44,0
DA:45,0
DA:46,0
DA:48,0
DA:49,0
DA:61,0
DA:62,0
DA:63,0
DA:65,0
DA:67,0
DA:68,0
DA:71,0
DA:72,0
DA:73,0
DA:77,0
DA:78,0
DA:81,0
DA:83,0
DA:86,0
DA:87,0
DA:90,0
DA:93,0
DA:101,0
DA:115,0
DA:128,0
LF:41
LH:0
BRDA:24,0,0,0
BRDA:24,0,1,0
BRDA:29,1,0,0
BRDA:29,1,1,0
BRDA:33,2,0,0
BRDA:33,2,1,0
BRDA:33,3,0,0
BRDA:33,3,1,0
BRDA:46,4,0,0
BRDA:46,4,1,0
BRDA:48,5,0,0
BRDA:48,5,1,0
BRDA:48,6,0,0
BRDA:48,6,1,0
BRDA:50,7,0,0
BRDA:50,7,1,0
BRDA:51,8,0,0
BRDA:51,8,1,0
BRDA:52,9,0,0
BRDA:52,9,1,0
BRDA:53,10,0,0
BRDA:53,10,1,0
BRDA:54,11,0,0
BRDA:54,11,1,0
BRDA:55,12,0,0
BRDA:55,12,1,0
BRDA:56,13,0,0
BRDA:56,13,1,0
BRDA:57,14,0,0
BRDA:57,14,1,0
BRDA:58,15,0,0
BRDA:58,15,1,0
BRDA:58,15,2,0
BRDA:86,16,0,0
BRDA:86,16,1,0
BRDA:86,17,0,0
BRDA:86,17,1,0
BRF:37
BRH:0
end_of_record
TN:
SF:src\components\NutritionChart.tsx
FN:19,(anonymous_0)
FN:80,(anonymous_1)
FN:119,(anonymous_2)
FNF:3
FNH:0
FNDA:0,(anonymous_0)
FNDA:0,(anonymous_1)
FNDA:0,(anonymous_2)
DA:10,0
DA:19,0
DA:20,0
DA:21,0
DA:22,0
DA:24,0
DA:25,0
DA:26,0
DA:29,0
DA:30,0
DA:33,0
DA:34,0
DA:35,0
DA:38,0
DA:40,0
DA:41,0
DA:44,0
DA:45,0
DA:46,0
DA:48,0
DA:49,0
DA:61,0
DA:62,0
DA:64,0
DA:66,0
DA:67,0
DA:70,0
DA:71,0
DA:72,0
DA:76,0
DA:77,0
DA:80,0
DA:82,0
DA:85,0
DA:86,0
DA:89,0
DA:92,0
DA:95,0
DA:110,0
DA:120,0
DA:121,0
DA:122,0
DA:123,0
DA:124,0
DA:131,0
LF:45
LH:0
BRDA:24,0,0,0
BRDA:24,0,1,0
BRDA:29,1,0,0
BRDA:29,1,1,0
BRDA:33,2,0,0
BRDA:33,2,1,0
BRDA:33,3,0,0
BRDA:33,3,1,0
BRDA:46,4,0,0
BRDA:46,4,1,0
BRDA:48,5,0,0
BRDA:48,5,1,0
BRDA:48,6,0,0
BRDA:48,6,1,0
BRDA:50,7,0,0
BRDA:50,7,1,0
BRDA:51,8,0,0
BRDA:51,8,1,0
BRDA:52,9,0,0
BRDA:52,9,1,0
BRDA:53,10,0,0
BRDA:53,10,1,0
BRDA:54,11,0,0
BRDA:54,11,1,0
BRDA:55,12,0,0
BRDA:55,12,1,0
BRDA:56,13,0,0
BRDA:56,13,1,0
BRDA:57,14,0,0
BRDA:57,14,1,0
BRDA:58,15,0,0
BRDA:58,15,1,0
BRDA:58,15,2,0
BRDA:85,16,0,0
BRDA:85,16,1,0
BRDA:85,17,0,0
BRDA:85,17,1,0
BRDA:123,18,0,0
BRDA:123,18,1,0
BRDA:190,19,0,0
BRDA:190,19,1,0
BRDA:201,20,0,0
BRDA:201,20,1,0
BRDA:212,21,0,0
BRDA:212,21,1,0
BRF:45
BRH:0
end_of_record
TN:
SF:src\components\ResultQualityPie.tsx
FN:44,(anonymous_0)
FN:46,(anonymous_1)
FN:49,(anonymous_2)
FN:59,(anonymous_3)
FN:62,(anonymous_4)
FN:65,(anonymous_5)
FN:68,(anonymous_6)
FN:73,(anonymous_7)
FN:74,(anonymous_8)
FN:80,(anonymous_9)
FN:98,evaluateEvidenceConfidence
FN:160,(anonymous_11)
FN:173,(anonymous_12)
FN:184,(anonymous_13)
FN:210,(anonymous_14)
FN:213,(anonymous_15)
FNF:16
FNH:0
FNDA:0,(anonymous_0)
FNDA:0,(anonymous_1)
FNDA:0,(anonymous_2)
FNDA:0,(anonymous_3)
FNDA:0,(anonymous_4)
FNDA:0,(anonymous_5)
FNDA:0,(anonymous_6)
FNDA:0,(anonymous_7)
FNDA:0,(anonymous_8)
FNDA:0,(anonymous_9)
FNDA:0,evaluateEvidenceConfidence
FNDA:0,(anonymous_11)
FNDA:0,(anonymous_12)
FNDA:0,(anonymous_13)
FNDA:0,(anonymous_14)
FNDA:0,(anonymous_15)
DA:10,0
DA:24,0
DA:44,0
DA:45,0
DA:46,0
DA:49,0
DA:50,0
DA:51,0
DA:52,0
DA:53,0
DA:55,0
DA:59,0
DA:60,0
DA:62,0
DA:63,0
DA:65,0
DA:66,0
DA:68,0
DA:69,0
DA:73,0
DA:74,0
DA:75,0
DA:76,0
DA:77,0
DA:80,0
DA:82,0
DA:85,0
DA:86,0
DA:87,0
DA:88,0
DA:89,0
DA:91,0
DA:104,0
DA:105,0
DA:108,0
DA:109,0
DA:111,0
DA:112,0
DA:114,0
DA:115,0
DA:119,0
DA:120,0
DA:123,0
DA:131,0
DA:132,0
DA:135,0
DA:136,0
DA:137,0
DA:138,0
DA:139,0
DA:140,0
DA:142,0
DA:146,0
DA:148,0
DA:149,0
DA:150,0
DA:151,0
DA:152,0
DA:153,0
DA:155,0
DA:160,0
DA:166,0
DA:173,0
DA:174,0
DA:184,0
DA:185,0
DA:186,0
DA:187,0
DA:188,0
DA:189,0
DA:191,0
DA:197,0
DA:205,0
DA:206,0
DA:207,0
DA:210,0
DA:211,0
DA:213,0
DA:214,0
DA:216,0
DA:217,0
DA:219,0
DA:230,0
DA:239,0
DA:240,0
DA:242,0
LF:86
LH:0
BRDA:60,0,0,0
BRDA:60,0,1,0
BRDA:63,1,0,0
BRDA:63,1,1,0
BRDA:69,2,0,0
BRDA:69,2,1,0
BRDA:69,2,2,0
BRDA:74,3,0,0
BRDA:74,3,1,0
BRDA:75,4,0,0
BRDA:75,4,1,0
BRDA:82,5,0,0
BRDA:82,5,1,0
BRDA:82,6,0,0
BRDA:82,6,1,0
BRDA:82,6,2,0
BRDA:85,7,0,0
BRDA:85,7,1,0
BRDA:89,8,0,0
BRDA:89,8,1,0
BRDA:89,9,0,0
BRDA:89,9,1,0
BRDA:104,10,0,0
BRDA:104,10,1,0
BRDA:108,11,0,0
BRDA:108,11,1,0
BRDA:108,12,0,0
BRDA:108,12,1,0
BRDA:111,13,0,0
BRDA:111,13,1,0
BRDA:114,14,0,0
BRDA:114,14,1,0
BRDA:114,15,0,0
BRDA:114,15,1,0
BRDA:119,16,0,0
BRDA:119,16,1,0
BRDA:125,17,0,0
BRDA:125,17,1,0
BRDA:127,18,0,0
BRDA:127,18,1,0
BRDA:132,19,0,0
BRDA:132,19,1,0
BRDA:132,19,2,0
BRDA:135,20,0,0
BRDA:135,20,1,0
BRDA:135,21,0,0
BRDA:135,21,1,0
BRDA:135,21,2,0
BRDA:135,21,3,0
BRDA:137,22,0,0
BRDA:137,22,1,0
BRDA:137,23,0,0
BRDA:137,23,1,0
BRDA:139,24,0,0
BRDA:139,24,1,0
BRDA:139,25,0,0
BRDA:139,25,1,0
BRDA:146,26,0,0
BRDA:146,26,1,0
BRDA:146,27,0,0
BRDA:146,27,1,0
BRDA:149,28,0,0
BRDA:149,28,1,0
BRDA:150,29,0,0
BRDA:150,29,1,0
BRDA:151,30,0,0
BRDA:151,30,1,0
BRDA:152,31,0,0
BRDA:152,31,1,0
BRDA:153,32,0,0
BRDA:153,32,1,0
BRDA:179,33,0,0
BRDA:179,33,1,0
BRDA:185,34,0,0
BRDA:185,34,1,0
BRDA:185,35,0,0
BRDA:185,35,1,0
BRDA:185,35,2,0
BRDA:185,35,3,0
BRDA:193,36,0,0
BRDA:193,36,1,0
BRDA:211,37,0,0
BRDA:211,37,1,0
BRDA:211,38,0,0
BRDA:211,38,1,0
BRDA:214,39,0,0
BRDA:214,39,1,0
BRDA:214,40,0,0
BRDA:214,40,1,0
BRDA:239,41,0,0
BRDA:239,41,1,0
BRDA:240,42,0,0
BRDA:240,42,1,0
BRDA:317,43,0,0
BRDA:317,43,1,0
BRDA:317,43,2,0
BRDA:317,43,3,0
BRF:97
BRH:0
end_of_record
TN:
SF:src\components\Spinner.tsx
FN:27,ensurePortal
FN:37,Spinner
FN:48,(anonymous_2)
FN:50,(anonymous_3)
FN:61,(anonymous_4)
FNF:5
FNH:0
FNDA:0,ensurePortal
FNDA:0,Spinner
FNDA:0,(anonymous_2)
FNDA:0,(anonymous_3)
FNDA:0,(anonymous_4)
DA:25,0
DA:28,0
DA:29,0
DA:30,0
DA:31,0
DA:32,0
DA:34,0
DA:48,0
DA:49,0
DA:50,0
DA:51,0
DA:52,0
DA:53,0
DA:54,0
DA:56,0
DA:60,0
DA:61,0
DA:65,0
DA:66,0
DA:75,0
DA:77,0
DA:82,0
DA:112,0
LF:23
LH:0
BRDA:29,0,0,0
BRDA:29,0,1,0
BRDA:38,1,0,0
BRDA:39,2,0,0
BRDA:40,3,0,0
BRDA:42,4,0,0
BRDA:44,5,0,0
BRDA:45,6,0,0
BRDA:49,7,0,0
BRDA:49,7,1,0
BRDA:51,8,0,0
BRDA:51,8,1,0
BRDA:52,9,0,0
BRDA:52,9,1,0
BRDA:65,10,0,0
BRDA:65,10,1,0
BRDA:69,11,0,0
BRDA:69,11,1,0
BRDA:77,12,0,0
BRDA:77,12,1,0
BRDA:93,13,0,0
BRDA:93,13,1,0
BRDA:95,14,0,0
BRDA:95,14,1,0
BRDA:99,15,0,0
BRDA:99,15,1,0
BRDA:100,16,0,0
BRDA:100,16,1,0
BRDA:104,17,0,0
BRDA:104,17,1,0
BRF:30
BRH:0
end_of_record
TN:
SF:src\components\foodAnalysisService.tsx
FN:50,(anonymous_0)
FNF:1
FNH:0
FNDA:0,(anonymous_0)
DA:43,0
DA:48,0
DA:51,0
DA:53,0
DA:54,0
DA:57,0
DA:63,0
DA:64,0
DA:67,0
DA:68,0
DA:71,0
DA:74,0
DA:75,0
DA:80,0
LF:14
LH:0
BRDA:63,0,0,0
BRDA:63,0,1,0
BRDA:71,1,0,0
BRDA:71,1,1,0
BRDA:71,1,2,0
BRDA:71,1,3,0
BRF:6
BRH:0
end_of_record
TN:
SF:src\components\vNutrition.tsx
FN:5,(anonymous_0)
FN:12,(anonymous_1)
FN:18,(anonymous_2)
FN:24,(anonymous_3)
FN:50,(anonymous_4)
FN:73,(anonymous_5)
FNF:6
FNH:0
FNDA:0,(anonymous_0)
FNDA:0,(anonymous_1)
FNDA:0,(anonymous_2)
FNDA:0,(anonymous_3)
FNDA:0,(anonymous_4)
FNDA:0,(anonymous_5)
DA:5,0
DA:6,0
DA:7,0
DA:8,0
DA:9,0
DA:10,0
DA:12,0
DA:13,0
DA:14,0
DA:15,0
DA:18,0
DA:19,0
DA:20,0
DA:21,0
DA:24,0
DA:25,0
DA:26,0
DA:27,0
DA:30,0
DA:31,0
DA:32,0
DA:34,0
DA:35,0
DA:37,0
DA:38,0
DA:40,0
DA:43,0
DA:44,0
DA:46,0
DA:50,0
DA:51,0
DA:53,0
DA:54,0
DA:56,0
DA:57,0
DA:59,0
DA:60,0
DA:63,0
DA:66,0
DA:67,0
DA:69,0
DA:73,0
DA:74,0
DA:75,0
DA:76,0
DA:77,0
DA:79,0
DA:80,0
DA:82,0
DA:83,0
DA:87,0
DA:88,0
DA:89,0
DA:91,0
DA:93,0
DA:97,0
LF:56
LH:0
BRDA:13,0,0,0
BRDA:13,0,1,0
BRDA:25,1,0,0
BRDA:25,1,1,0
BRDA:37,2,0,0
BRDA:37,2,1,0
BRDA:40,3,0,0
BRDA:40,3,1,0
BRDA:44,4,0,0
BRDA:44,4,1,0
BRDA:51,5,0,0
BRDA:51,5,1,0
BRDA:59,6,0,0
BRDA:59,6,1,0
BRDA:59,7,0,0
BRDA:59,7,1,0
BRDA:74,8,0,0
BRDA:74,8,1,0
BRDA:87,9,0,0
BRDA:87,9,1,0
BRDA:91,10,0,0
BRDA:91,10,1,0
BRDA:106,11,0,0
BRDA:106,11,1,0
BRDA:107,12,0,0
BRDA:107,12,1,0
BRDA:118,13,0,0
BRDA:118,13,1,0
BRDA:119,14,0,0
BRDA:119,14,1,0
BRDA:123,15,0,0
BRDA:123,15,1,0
BRDA:125,16,0,0
BRDA:125,16,1,0
BRDA:133,17,0,0
BRDA:133,17,1,0
BRF:36
BRH:0
end_of_record
TN:
SF:src\components\shared\authService.ts
FN:24,(anonymous_0)
FN:26,(anonymous_1)
FN:29,(anonymous_2)
FN:33,(anonymous_3)
FN:35,(anonymous_4)
FN:38,(anonymous_5)
FN:42,(anonymous_6)
FN:65,(anonymous_7)
FN:72,(anonymous_8)
FNF:9
FNH:0
FNDA:0,(anonymous_0)
FNDA:0,(anonymous_1)
FNDA:0,(anonymous_2)
FNDA:0,(anonymous_3)
FNDA:0,(anonymous_4)
FNDA:0,(anonymous_5)
FNDA:0,(anonymous_6)
FNDA:0,(anonymous_7)
FNDA:0,(anonymous_8)
DA:17,0
DA:18,0
DA:25,0
DA:26,0
DA:30,0
DA:34,0
DA:35,0
DA:39,0
DA:41,0
DA:42,0
DA:44,0
DA:51,0
DA:52,0
DA:55,0
DA:57,0
DA:61,0
DA:66,0
DA:67,0
DA:69,0
DA:73,0
DA:74,0
DA:75,0
DA:76,0
DA:77,0
DA:78,0
DA:80,0
DA:83,0
DA:89,0
LF:28
LH:0
BRDA:51,0,0,0
BRDA:51,0,1,0
BRDA:59,1,0,0
BRDA:59,1,1,0
BRDA:66,2,0,0
BRDA:66,2,1,0
BRDA:73,3,0,0
BRDA:73,3,1,0
BRDA:75,4,0,0
BRDA:75,4,1,0
BRF:10
BRH:0
end_of_record
TN:
SF:src\components\shared\components\Header.tsx
FN:25,(anonymous_0)
FN:58,(anonymous_1)
FN:62,(anonymous_2)
FN:77,(anonymous_3)
FN:86,(anonymous_4)
FN:106,(anonymous_5)
FN:126,(anonymous_6)
FN:151,(anonymous_7)
FN:153,(anonymous_8)
FN:164,(anonymous_9)
FN:187,(anonymous_10)
FN:215,(anonymous_11)
FN:271,(anonymous_12)
FN:274,(anonymous_13)
FN:300,(anonymous_14)
FN:316,(anonymous_15)
FN:326,(anonymous_16)
FN:338,(anonymous_17)
FN:359,(anonymous_18)
FN:379,(anonymous_19)
FN:380,(anonymous_20)
FN:385,(anonymous_21)
FN:386,(anonymous_22)
FN:402,(anonymous_23)
FN:417,(anonymous_24)
FN:422,(anonymous_25)
FN:426,(anonymous_26)
FN:431,(anonymous_27)
FN:438,(anonymous_28)
FN:455,(anonymous_29)
FN:456,(anonymous_30)
FN:470,(anonymous_31)
FN:607,(anonymous_32)
FN:608,(anonymous_33)
FN:609,(anonymous_34)
FN:717,(anonymous_35)
FNF:36
FNH:0
FNDA:0,(anonymous_0)
FNDA:0,(anonymous_1)
FNDA:0,(anonymous_2)
FNDA:0,(anonymous_3)
FNDA:0,(anonymous_4)
FNDA:0,(anonymous_5)
FNDA:0,(anonymous_6)
FNDA:0,(anonymous_7)
FNDA:0,(anonymous_8)
FNDA:0,(anonymous_9)
FNDA:0,(anonymous_10)
FNDA:0,(anonymous_11)
FNDA:0,(anonymous_12)
FNDA:0,(anonymous_13)
FNDA:0,(anonymous_14)
FNDA:0,(anonymous_15)
FNDA:0,(anonymous_16)
FNDA:0,(anonymous_17)
FNDA:0,(anonymous_18)
FNDA:0,(anonymous_19)
FNDA:0,(anonymous_20)
FNDA:0,(anonymous_21)
FNDA:0,(anonymous_22)
FNDA:0,(anonymous_23)
FNDA:0,(anonymous_24)
FNDA:0,(anonymous_25)
FNDA:0,(anonymous_26)
FNDA:0,(anonymous_27)
FNDA:0,(anonymous_28)
FNDA:0,(anonymous_29)
FNDA:0,(anonymous_30)
FNDA:0,(anonymous_31)
FNDA:0,(anonymous_32)
FNDA:0,(anonymous_33)
FNDA:0,(anonymous_34)
FNDA:0,(anonymous_35)
DA:25,0
DA:40,0
DA:41,0
DA:42,0
DA:43,0
DA:44,0
DA:46,0
DA:47,0
DA:48,0
DA:49,0
DA:52,0
DA:58,0
DA:59,0
DA:60,0
DA:62,0
DA:63,0
DA:64,0
DA:68,0
DA:71,0
DA:72,0
DA:75,0
DA:77,0
DA:78,0
DA:79,0
DA:86,0
DA:88,0
DA:89,0
DA:90,0
DA:93,0
DA:94,0
DA:98,0
DA:99,0
DA:102,0
DA:105,0
DA:106,0
DA:107,0
DA:108,0
DA:110,0
DA:111,0
DA:114,0
DA:126,0
DA:127,0
DA:128,0
DA:131,0
DA:132,0
DA:133,0
DA:134,0
DA:138,0
DA:139,0
DA:140,0
DA:143,0
DA:144,0
DA:151,0
DA:152,0
DA:153,0
DA:154,0
DA:155,0
DA:164,0
DA:165,0
DA:166,0
DA:167,0
DA:168,0
DA:169,0
DA:170,0
DA:171,0
DA:172,0
DA:173,0
DA:174,0
DA:175,0
DA:176,0
DA:187,0
DA:188,0
DA:189,0
DA:192,0
DA:193,0
DA:194,0
DA:198,0
DA:199,0
DA:201,0
DA:202,0
DA:204,0
DA:206,0
DA:208,0
DA:209,0
DA:211,0
DA:212,0
DA:213,0
DA:214,0
DA:215,0
DA:217,0
DA:218,0
DA:225,0
DA:228,0
DA:229,0
DA:230,0
DA:232,0
DA:236,0
DA:238,0
DA:239,0
DA:240,0
DA:242,0
DA:244,0
DA:254,0
DA:259,0
DA:261,0
DA:263,0
DA:271,0
DA:273,0
DA:274,0
DA:276,0
DA:277,0
DA:284,0
DA:286,0
DA:289,0
DA:293,0
DA:294,0
DA:295,0
DA:297,0
DA:299,0
DA:300,0
DA:301,0
DA:302,0
DA:304,0
DA:308,0
DA:309,0
DA:310,0
DA:313,0
DA:314,0
DA:316,0
DA:317,0
DA:318,0
DA:326,0
DA:327,0
DA:328,0
DA:329,0
DA:331,0
DA:332,0
DA:338,0
DA:339,0
DA:340,0
DA:341,0
DA:344,0
DA:345,0
DA:346,0
DA:347,0
DA:351,0
DA:352,0
DA:353,0
DA:359,0
DA:360,0
DA:361,0
DA:362,0
DA:366,0
DA:368,0
DA:369,0
DA:370,0
DA:373,0
DA:374,0
DA:375,0
DA:376,0
DA:377,0
DA:379,0
DA:380,0
DA:381,0
DA:382,0
DA:383,0
DA:385,0
DA:386,0
DA:388,0
DA:391,0
DA:392,0
DA:394,0
DA:395,0
DA:402,0
DA:403,0
DA:404,0
DA:405,0
DA:409,0
DA:417,0
DA:418,0
DA:422,0
DA:423,0
DA:426,0
DA:427,0
DA:428,0
DA:431,0
DA:432,0
DA:433,0
DA:434,0
DA:438,0
DA:439,0
DA:440,0
DA:443,0
DA:455,0
DA:456,0
DA:457,0
DA:458,0
DA:470,0
DA:471,0
DA:577,0
DA:579,0
DA:607,0
DA:608,0
DA:609,0
DA:717,0
LF:205
LH:0
BRDA:26,0,0,0
BRDA:31,1,0,0
BRDA:32,2,0,0
BRDA:33,3,0,0
BRDA:34,4,0,0
BRDA:35,5,0,0
BRDA:52,6,0,0
BRDA:52,6,1,0
BRDA:60,7,0,0
BRDA:60,7,1,0
BRDA:89,8,0,0
BRDA:89,8,1,0
BRDA:108,9,0,0
BRDA:108,9,1,0
BRDA:128,10,0,0
BRDA:128,10,1,0
BRDA:131,11,0,0
BRDA:131,11,1,0
BRDA:144,12,0,0
BRDA:144,12,1,0
BRDA:154,13,0,0
BRDA:154,13,1,0
BRDA:165,14,0,0
BRDA:165,14,1,0
BRDA:166,15,0,0
BRDA:166,15,1,0
BRDA:167,16,0,0
BRDA:167,16,1,0
BRDA:168,17,0,0
BRDA:168,17,1,0
BRDA:169,18,0,0
BRDA:169,18,1,0
BRDA:169,19,0,0
BRDA:169,19,1,0
BRDA:170,20,0,0
BRDA:170,20,1,0
BRDA:171,21,0,0
BRDA:171,21,1,0
BRDA:172,22,0,0
BRDA:172,22,1,0
BRDA:173,23,0,0
BRDA:173,23,1,0
BRDA:174,24,0,0
BRDA:174,24,1,0
BRDA:175,25,0,0
BRDA:175,25,1,0
BRDA:188,26,0,0
BRDA:188,26,1,0
BRDA:189,27,0,0
BRDA:189,27,1,0
BRDA:189,28,0,0
BRDA:189,28,1,0
BRDA:192,29,0,0
BRDA:192,29,1,0
BRDA:211,30,0,0
BRDA:211,30,1,0
BRDA:221,31,0,0
BRDA:221,31,1,0
BRDA:228,32,0,0
BRDA:228,32,1,0
BRDA:242,33,0,0
BRDA:242,33,1,0
BRDA:254,34,0,0
BRDA:254,34,1,0
BRDA:254,34,2,0
BRDA:254,34,3,0
BRDA:254,34,4,0
BRDA:254,34,5,0
BRDA:259,35,0,0
BRDA:259,35,1,0
BRDA:293,36,0,0
BRDA:293,36,1,0
BRDA:308,37,0,0
BRDA:308,37,1,0
BRDA:327,38,0,0
BRDA:327,38,1,0
BRDA:339,39,0,0
BRDA:339,39,1,0
BRDA:339,40,0,0
BRDA:339,40,1,0
BRDA:344,41,0,0
BRDA:344,41,1,0
BRDA:360,42,0,0
BRDA:360,42,1,0
BRDA:366,43,0,0
BRDA:366,43,1,0
BRDA:368,44,0,0
BRDA:368,44,1,0
BRDA:373,45,0,0
BRDA:373,45,1,0
BRDA:391,46,0,0
BRDA:391,46,1,0
BRDA:403,47,0,0
BRDA:403,47,1,0
BRDA:432,48,0,0
BRDA:432,48,1,0
BRDA:432,49,0,0
BRDA:432,49,1,0
BRDA:439,50,0,0
BRDA:439,50,1,0
BRDA:592,51,0,0
BRDA:592,51,1,0
BRDA:603,52,0,0
BRDA:603,52,1,0
BRDA:625,53,0,0
BRDA:625,53,1,0
BRDA:630,54,0,0
BRDA:630,54,1,0
BRDA:670,55,0,0
BRDA:670,55,1,0
BRDA:697,56,0,0
BRDA:697,56,1,0
BRDA:699,57,0,0
BRDA:699,57,1,0
BRF:114
BRH:0
end_of_record
TN:
SF:src\components\shared\components\MultiAuthLogin.tsx
FN:33,(anonymous_0)
FN:109,(anonymous_1)
FN:136,(anonymous_2)
FN:150,(anonymous_3)
FN:175,(anonymous_4)
FN:176,(anonymous_5)
FN:180,(anonymous_6)
FN:195,(anonymous_7)
FN:205,(anonymous_8)
FN:214,(anonymous_9)
FN:262,(anonymous_10)
FN:268,(anonymous_11)
FN:272,(anonymous_12)
FN:310,(anonymous_13)
FN:323,(anonymous_14)
FNF:15
FNH:0
FNDA:0,(anonymous_0)
FNDA:0,(anonymous_1)
FNDA:0,(anonymous_2)
FNDA:0,(anonymous_3)
FNDA:0,(anonymous_4)
FNDA:0,(anonymous_5)
FNDA:0,(anonymous_6)
FNDA:0,(anonymous_7)
FNDA:0,(anonymous_8)
FNDA:0,(anonymous_9)
FNDA:0,(anonymous_10)
FNDA:0,(anonymous_11)
FNDA:0,(anonymous_12)
FNDA:0,(anonymous_13)
FNDA:0,(anonymous_14)
DA:33,0
DA:44,0
DA:45,0
DA:46,0
DA:47,0
DA:50,0
DA:107,0
DA:109,0
DA:111,0
DA:112,0
DA:113,0
DA:114,0
DA:115,0
DA:117,0
DA:118,0
DA:121,0
DA:122,0
DA:127,0
DA:128,0
DA:129,0
DA:131,0
DA:132,0
DA:136,0
DA:137,0
DA:138,0
DA:139,0
DA:150,0
DA:152,0
DA:160,0
DA:161,0
DA:162,0
DA:163,0
DA:166,0
DA:169,0
DA:171,0
DA:175,0
DA:176,0
DA:177,0
DA:180,0
DA:181,0
DA:191,0
DA:192,0
DA:195,0
DA:196,0
DA:202,0
DA:205,0
DA:206,0
DA:207,0
DA:208,0
DA:209,0
DA:210,0
DA:211,0
DA:214,0
DA:215,0
DA:216,0
DA:218,0
DA:222,0
DA:262,0
DA:269,0
DA:272,0
DA:311,0
DA:312,0
DA:323,0
DA:324,0
DA:325,0
DA:326,0
DA:329,0
DA:330,0
DA:331,0
DA:333,0
DA:336,0
LF:71
LH:0
BRDA:34,0,0,0
BRDA:35,1,0,0
BRDA:40,2,0,0
BRDA:41,3,0,0
BRDA:42,4,0,0
BRDA:63,5,0,0
BRDA:63,5,1,0
BRDA:78,6,0,0
BRDA:78,6,1,0
BRDA:90,7,0,0
BRDA:90,7,1,0
BRDA:102,8,0,0
BRDA:102,8,1,0
BRDA:107,9,0,0
BRDA:107,9,1,0
BRDA:112,10,0,0
BRDA:112,10,1,0
BRDA:117,11,0,0
BRDA:117,11,1,0
BRDA:131,12,0,0
BRDA:131,12,1,0
BRDA:131,13,0,0
BRDA:131,13,1,0
BRDA:131,13,2,0
BRDA:155,14,0,0
BRDA:155,14,1,0
BRDA:177,15,0,0
BRDA:177,15,1,0
BRDA:187,16,0,0
BRDA:187,16,1,0
BRDA:188,17,0,0
BRDA:188,17,1,0
BRDA:202,18,0,0
BRDA:202,18,1,0
BRDA:215,19,0,0
BRDA:215,19,1,0
BRDA:226,20,0,0
BRDA:226,20,1,0
BRDA:229,21,0,0
BRDA:229,21,1,0
BRDA:231,22,0,0
BRDA:231,22,1,0
BRDA:233,23,0,0
BRDA:233,23,1,0
BRDA:234,24,0,0
BRDA:234,24,1,0
BRDA:245,25,0,0
BRDA:245,25,1,0
BRDA:256,26,0,0
BRDA:256,26,1,0
BRDA:256,26,2,0
BRDA:287,27,0,0
BRDA:287,27,1,0
BRDA:287,27,2,0
BRDA:307,28,0,0
BRDA:307,28,1,0
BRDA:307,28,2,0
BRDA:324,29,0,0
BRDA:324,29,1,0
BRDA:330,30,0,0
BRDA:330,30,1,0
BRDA:330,31,0,0
BRDA:330,31,1,0
BRF:63
BRH:0
end_of_record
TN:
SF:src\config\apiConfig.ts
FN:17,(anonymous_0)
FN:23,(anonymous_1)
FNF:2
FNH:0
FNDA:0,(anonymous_0)
FNDA:0,(anonymous_1)
DA:2,0
DA:14,0
DA:17,0
DA:18,0
DA:19,0
DA:23,0
DA:24,0
LF:7
LH:0
BRDA:4,0,0,0
BRDA:4,0,1,0
BRDA:7,1,0,0
BRDA:7,1,1,0
BRDA:8,2,0,0
BRDA:8,2,1,0
BRDA:9,3,0,0
BRDA:9,3,1,0
BRDA:10,4,0,0
BRDA:10,4,1,0
BRDA:17,5,0,0
BRDA:23,6,0,0
BRF:12
BRH:0
end_of_record
TN:
SF:src\config\dbConfig.ts
FNF:0
FNH:0
DA:2,0
LF:1
LH:0
BRF:0
BRH:0
end_of_record
TN:
SF:src\hooks\useChartData.ts
FN:35,(anonymous_0)
FN:40,(anonymous_1)
FN:48,(anonymous_2)
FN:57,(anonymous_3)
FN:82,(anonymous_4)
FNF:5
FNH:0
FNDA:0,(anonymous_0)
FNDA:0,(anonymous_1)
FNDA:0,(anonymous_2)
FNDA:0,(anonymous_3)
FNDA:0,(anonymous_4)
DA:35,0
DA:36,0
DA:37,0
DA:38,0
DA:40,0
DA:41,0
DA:42,0
DA:43,0
DA:47,0
DA:48,0
DA:49,0
DA:52,0
DA:53,0
DA:54,0
DA:57,0
DA:58,0
DA:59,0
DA:61,0
DA:62,0
DA:63,0
DA:65,0
DA:66,0
DA:68,0
DA:71,0
DA:72,0
DA:73,0
DA:75,0
DA:80,0
DA:82,0
DA:85,0
LF:30
LH:0
BRDA:41,0,0,0
BRDA:41,0,1,0
BRDA:41,1,0,0
BRDA:41,1,1,0
BRDA:48,2,0,0
BRDA:48,2,1,0
BRDA:48,2,2,0
BRDA:52,3,0,0
BRDA:52,3,1,0
BRDA:65,4,0,0
BRDA:65,4,1,0
BRDA:65,5,0,0
BRDA:65,5,1,0
BRF:13
BRH:0
end_of_record
TN:
SF:src\services\ChatWidget.tsx
FN:18,(anonymous_0)
FN:31,(anonymous_1)
FN:35,(anonymous_2)
FN:40,(anonymous_3)
FN:51,(anonymous_4)
FN:61,(anonymous_5)
FN:72,(anonymous_6)
FN:77,(anonymous_7)
FN:86,(anonymous_8)
FN:91,(anonymous_9)
FN:148,(anonymous_10)
FN:155,(anonymous_11)
FN:241,(anonymous_12)
FN:385,(anonymous_13)
FNF:14
FNH:0
FNDA:0,(anonymous_0)
FNDA:0,(anonymous_1)
FNDA:0,(anonymous_2)
FNDA:0,(anonymous_3)
FNDA:0,(anonymous_4)
FNDA:0,(anonymous_5)
FNDA:0,(anonymous_6)
FNDA:0,(anonymous_7)
FNDA:0,(anonymous_8)
FNDA:0,(anonymous_9)
FNDA:0,(anonymous_10)
FNDA:0,(anonymous_11)
FNDA:0,(anonymous_12)
FNDA:0,(anonymous_13)
DA:18,0
DA:19,0
DA:27,0
DA:28,0
DA:29,0
DA:31,0
DA:32,0
DA:35,0
DA:36,0
DA:40,0
DA:41,0
DA:42,0
DA:51,0
DA:52,0
DA:53,0
DA:54,0
DA:56,0
DA:61,0
DA:62,0
DA:64,0
DA:72,0
DA:73,0
DA:74,0
DA:77,0
DA:78,0
DA:79,0
DA:86,0
DA:87,0
DA:91,0
DA:92,0
DA:95,0
DA:96,0
DA:97,0
DA:99,0
DA:100,0
DA:104,0
DA:105,0
DA:106,0
DA:108,0
DA:109,0
DA:113,0
DA:114,0
DA:115,0
DA:117,0
DA:118,0
DA:122,0
DA:123,0
DA:124,0
DA:126,0
DA:127,0
DA:132,0
DA:133,0
DA:136,0
DA:137,0
DA:140,0
DA:141,0
DA:145,0
DA:148,0
DA:149,0
DA:150,0
DA:151,0
DA:155,0
DA:156,0
DA:159,0
DA:160,0
DA:163,0
DA:242,0
DA:385,0
LF:68
LH:0
BRDA:41,0,0,0
BRDA:41,0,1,0
BRDA:41,1,0,0
BRDA:41,1,1,0
BRDA:53,2,0,0
BRDA:53,2,1,0
BRDA:62,3,0,0
BRDA:62,3,1,0
BRDA:95,4,0,0
BRDA:95,4,1,0
BRDA:96,5,0,0
BRDA:96,5,1,0
BRDA:96,6,0,0
BRDA:96,6,1,0
BRDA:99,7,0,0
BRDA:99,7,1,0
BRDA:99,8,0,0
BRDA:99,8,1,0
BRDA:104,9,0,0
BRDA:104,9,1,0
BRDA:105,10,0,0
BRDA:105,10,1,0
BRDA:105,11,0,0
BRDA:105,11,1,0
BRDA:108,12,0,0
BRDA:108,12,1,0
BRDA:108,13,0,0
BRDA:108,13,1,0
BRDA:113,14,0,0
BRDA:113,14,1,0
BRDA:114,15,0,0
BRDA:114,15,1,0
BRDA:114,16,0,0
BRDA:114,16,1,0
BRDA:117,17,0,0
BRDA:117,17,1,0
BRDA:117,18,0,0
BRDA:117,18,1,0
BRDA:122,19,0,0
BRDA:122,19,1,0
BRDA:123,20,0,0
BRDA:123,20,1,0
BRDA:123,21,0,0
BRDA:123,21,1,0
BRDA:126,22,0,0
BRDA:126,22,1,0
BRDA:126,23,0,0
BRDA:126,23,1,0
BRDA:132,24,0,0
BRDA:132,24,1,0
BRDA:132,25,0,0
BRDA:132,25,1,0
BRDA:136,26,0,0
BRDA:136,26,1,0
BRDA:136,27,0,0
BRDA:136,27,1,0
BRDA:140,28,0,0
BRDA:140,28,1,0
BRDA:140,29,0,0
BRDA:140,29,1,0
BRDA:149,30,0,0
BRDA:149,30,1,0
BRDA:149,31,0,0
BRDA:149,31,1,0
BRDA:159,32,0,0
BRDA:159,32,1,0
BRDA:209,33,0,0
BRDA:209,33,1,0
BRDA:246,34,0,0
BRDA:246,34,1,0
BRDA:251,35,0,0
BRDA:251,35,1,0
BRDA:289,36,0,0
BRDA:289,36,1,0
BRDA:290,37,0,0
BRDA:290,37,1,0
BRDA:292,38,0,0
BRDA:292,38,1,0
BRDA:301,39,0,0
BRDA:301,39,1,0
BRDA:302,40,0,0
BRDA:302,40,1,0
BRDA:303,41,0,0
BRDA:303,41,1,0
BRDA:306,42,0,0
BRDA:306,42,1,0
BRDA:316,43,0,0
BRDA:316,43,1,0
BRDA:404,44,0,0
BRDA:404,44,1,0
BRDA:406,45,0,0
BRDA:406,45,1,0
BRDA:411,46,0,0
BRDA:411,46,1,0
BRF:94
BRH:0
end_of_record
TN:
SF:src\services\apiService.ts
FN:55,(anonymous_0)
FN:65,(anonymous_1)
FN:101,(anonymous_2)
FN:118,(anonymous_3)
FNF:4
FNH:0
FNDA:0,(anonymous_0)
FNDA:0,(anonymous_1)
FNDA:0,(anonymous_2)
FNDA:0,(anonymous_3)
DA:6,0
DA:55,0
DA:56,0
DA:58,0
DA:65,0
DA:66,0
DA:68,0
DA:69,0
DA:71,0
DA:72,0
DA:77,0
DA:79,0
DA:80,0
DA:81,0
DA:82,0
DA:85,0
DA:86,0
DA:89,0
DA:92,0
DA:93,0
DA:101,0
DA:102,0
DA:103,0
DA:104,0
DA:105,0
DA:107,0
DA:109,0
DA:110,0
DA:118,0
DA:119,0
DA:121,0
LF:31
LH:0
BRDA:79,0,0,0
BRDA:79,0,1,0
BRF:2
BRH:0
end_of_record
TN:
SF:src\services\foodAnalysisService.ts
FN:8,(anonymous_0)
FNF:1
FNH:0
FNDA:0,(anonymous_0)
DA:6,0
DA:9,0
DA:10,0
DA:11,0
DA:13,0
DA:18,0
DA:19,0
DA:22,0
DA:23,0
DA:26,0
DA:27,0
DA:32,0
LF:12
LH:0
BRDA:18,0,0,0
BRDA:18,0,1,0
BRDA:23,1,0,0
BRDA:23,1,1,0
BRDA:23,1,2,0
BRF:5
BRH:0
end_of_record
TN:
SF:src\services\healthAPI.ts
FN:81,(anonymous_0)
FN:106,(anonymous_1)
FN:110,(anonymous_2)
FN:119,(anonymous_3)
FN:174,(anonymous_4)
FN:190,(anonymous_5)
FN:194,(anonymous_6)
FN:198,(anonymous_7)
FN:202,(anonymous_8)
FN:206,(anonymous_9)
FN:210,(anonymous_10)
FN:216,(anonymous_11)
FN:218,(anonymous_12)
FN:221,(anonymous_13)
FNF:14
FNH:0
FNDA:0,(anonymous_0)
FNDA:0,(anonymous_1)
FNDA:0,(anonymous_2)
FNDA:0,(anonymous_3)
FNDA:0,(anonymous_4)
FNDA:0,(anonymous_5)
FNDA:0,(anonymous_6)
FNDA:0,(anonymous_7)
FNDA:0,(anonymous_8)
FNDA:0,(anonymous_9)
FNDA:0,(anonymous_10)
FNDA:0,(anonymous_11)
FNDA:0,(anonymous_12)
FNDA:0,(anonymous_13)
DA:20,0
DA:82,0
DA:85,0
DA:86,0
DA:87,0
DA:91,0
DA:92,0
DA:93,0
DA:97,0
DA:98,0
DA:99,0
DA:103,0
DA:107,0
DA:111,0
DA:112,0
DA:113,0
DA:116,0
DA:120,0
DA:165,0
DA:166,0
DA:167,0
DA:171,0
DA:175,0
DA:191,0
DA:193,0
DA:194,0
DA:197,0
DA:198,0
DA:201,0
DA:202,0
DA:205,0
DA:206,0
DA:209,0
DA:210,0
DA:213,0
DA:217,0
DA:218,0
DA:222,0
DA:243,0
LF:39
LH:0
BRDA:86,0,0,0
BRDA:86,0,1,0
BRDA:92,1,0,0
BRDA:92,1,1,0
BRDA:98,2,0,0
BRDA:98,2,1,0
BRDA:107,3,0,0
BRDA:107,3,1,0
BRDA:112,4,0,0
BRDA:112,4,1,0
BRDA:112,5,0,0
BRDA:112,5,1,0
BRDA:166,6,0,0
BRDA:166,6,1,0
BRDA:166,7,0,0
BRDA:166,7,1,0
BRDA:193,8,0,0
BRDA:193,8,1,0
BRDA:197,9,0,0
BRDA:197,9,1,0
BRDA:201,10,0,0
BRDA:201,10,1,0
BRDA:205,11,0,0
BRDA:205,11,1,0
BRDA:209,12,0,0
BRDA:209,12,1,0
BRF:26
BRH:0
end_of_record
TN:
SF:src\services\healthSearchService.ts
FN:8,(anonymous_0)
FN:26,(anonymous_1)
FN:37,(anonymous_2)
FN:49,(anonymous_3)
FN:86,(anonymous_4)
FN:97,(anonymous_5)
FNF:6
FNH:0
FNDA:0,(anonymous_0)
FNDA:0,(anonymous_1)
FNDA:0,(anonymous_2)
FNDA:0,(anonymous_3)
FNDA:0,(anonymous_4)
FNDA:0,(anonymous_5)
DA:8,0
DA:9,0
DA:10,0
DA:11,0
DA:14,0
DA:15,0
DA:16,0
DA:18,0
DA:21,0
DA:26,0
DA:27,0
DA:28,0
DA:29,0
DA:30,0
DA:32,0
DA:33,0
DA:37,0
DA:38,0
DA:48,0
DA:50,0
DA:51,0
DA:53,0
DA:55,0
DA:56,0
DA:60,0
DA:61,0
DA:62,0
DA:74,0
DA:77,0
DA:78,0
DA:80,0
DA:81,0
DA:87,0
DA:88,0
DA:89,0
DA:91,0
DA:92,0
DA:98,0
LF:38
LH:0
BRDA:9,0,0,0
BRDA:9,0,1,0
BRDA:15,1,0,0
BRDA:15,1,1,0
BRDA:15,2,0,0
BRDA:15,2,1,0
BRDA:29,3,0,0
BRDA:29,3,1,0
BRDA:55,4,0,0
BRDA:55,4,1,0
BRDA:60,5,0,0
BRDA:60,5,1,0
BRDA:77,6,0,0
BRDA:77,6,1,0
BRF:14
BRH:0
end_of_record
TN:
SF:src\services\newsService.ts
FN:104,(anonymous_0)
FN:111,(anonymous_1)
FN:133,(anonymous_2)
FN:166,(anonymous_3)
FN:185,(anonymous_4)
FN:199,(anonymous_5)
FN:213,(anonymous_6)
FN:226,(anonymous_7)
FN:267,(anonymous_8)
FN:283,sortArticlesByPriority
FN:288,(anonymous_10)
FN:330,(anonymous_11)
FN:341,(anonymous_12)
FN:354,(anonymous_13)
FN:376,(anonymous_14)
FN:388,(anonymous_15)
FN:404,(anonymous_16)
FN:434,(anonymous_17)
FN:484,(anonymous_18)
FN:533,(anonymous_19)
FN:546,(anonymous_20)
FN:547,(anonymous_21)
FNF:22
FNH:0
FNDA:0,(anonymous_0)
FNDA:0,(anonymous_1)
FNDA:0,(anonymous_2)
FNDA:0,(anonymous_3)
FNDA:0,(anonymous_4)
FNDA:0,(anonymous_5)
FNDA:0,(anonymous_6)
FNDA:0,(anonymous_7)
FNDA:0,(anonymous_8)
FNDA:0,sortArticlesByPriority
FNDA:0,(anonymous_10)
FNDA:0,(anonymous_11)
FNDA:0,(anonymous_12)
FNDA:0,(anonymous_13)
FNDA:0,(anonymous_14)
FNDA:0,(anonymous_15)
FNDA:0,(anonymous_16)
FNDA:0,(anonymous_17)
FNDA:0,(anonymous_18)
FNDA:0,(anonymous_19)
FNDA:0,(anonymous_20)
FNDA:0,(anonymous_21)
DA:4,0
DA:105,0
DA:112,0
DA:114,0
DA:124,0
DA:126,0
DA:129,0
DA:132,0
DA:133,0
DA:136,0
DA:138,0
DA:139,0
DA:167,0
DA:186,0
DA:187,0
DA:189,0
DA:191,0
DA:192,0
DA:200,0
DA:201,0
DA:203,0
DA:205,0
DA:206,0
DA:214,0
DA:216,0
DA:222,0
DA:226,0
DA:228,0
DA:231,0
DA:232,0
DA:236,0
DA:239,0
DA:240,0
DA:242,0
DA:245,0
DA:247,0
DA:249,0
DA:260,0
DA:263,0
DA:266,0
DA:267,0
DA:268,0
DA:272,0
DA:279,0
DA:285,0
DA:288,0
DA:289,0
DA:290,0
DA:294,0
DA:299,0
DA:300,0
DA:304,0
DA:305,0
DA:306,0
DA:311,0
DA:312,0
DA:313,0
DA:318,0
DA:319,0
DA:320,0
DA:321,0
DA:323,0
DA:330,0
DA:331,0
DA:335,0
DA:341,0
DA:342,0
DA:345,0
DA:346,0
DA:350,0
DA:354,0
DA:355,0
DA:356,0
DA:359,0
DA:360,0
DA:364,0
DA:365,0
DA:367,0
DA:368,0
DA:371,0
DA:375,0
DA:376,0
DA:378,0
DA:379,0
DA:380,0
DA:383,0
DA:388,0
DA:389,0
DA:390,0
DA:393,0
DA:400,0
DA:402,0
DA:404,0
DA:405,0
DA:406,0
DA:408,0
DA:409,0
DA:412,0
DA:416,0
DA:419,0
DA:426,0
DA:434,0
DA:435,0
DA:436,0
DA:441,0
DA:442,0
DA:446,0
DA:447,0
DA:449,0
DA:451,0
DA:453,0
DA:455,0
DA:465,0
DA:468,0
DA:471,0
DA:478,0
DA:484,0
DA:485,0
DA:487,0
DA:508,0
DA:515,0
DA:517,0
DA:519,0
DA:522,0
DA:533,0
DA:535,0
DA:536,0
DA:537,0
DA:542,0
DA:543,0
DA:546,0
DA:547,0
DA:550,0
DA:551,0
DA:552,0
DA:556,0
DA:557,0
DA:558,0
DA:559,0
DA:563,0
DA:564,0
DA:566,0
DA:567,0
DA:570,0
DA:574,0
DA:576,0
DA:583,0
LF:147
LH:0
BRDA:111,0,0,0
BRDA:132,1,0,0
BRDA:132,1,1,0
BRDA:132,2,0,0
BRDA:132,2,1,0
BRDA:157,3,0,0
BRDA:157,3,1,0
BRDA:158,4,0,0
BRDA:158,4,1,0
BRDA:170,5,0,0
BRDA:170,5,1,0
BRDA:171,6,0,0
BRDA:171,6,1,0
BRDA:172,7,0,0
BRDA:172,7,1,0
BRDA:173,8,0,0
BRDA:173,8,1,0
BRDA:174,9,0,0
BRDA:174,9,1,0
BRDA:175,10,0,0
BRDA:175,10,1,0
BRDA:176,11,0,0
BRDA:176,11,1,0
BRDA:177,12,0,0
BRDA:177,12,1,0
BRDA:178,13,0,0
BRDA:178,13,1,0
BRDA:189,14,0,0
BRDA:189,14,1,0
BRDA:203,15,0,0
BRDA:203,15,1,0
BRDA:214,16,0,0
BRDA:214,16,1,0
BRDA:216,17,0,0
BRDA:216,17,1,0
BRDA:216,17,2,0
BRDA:231,18,0,0
BRDA:231,18,1,0
BRDA:231,19,0,0
BRDA:231,19,1,0
BRDA:236,20,0,0
BRDA:236,20,1,0
BRDA:247,21,0,0
BRDA:247,21,1,0
BRDA:247,22,0,0
BRDA:247,22,1,0
BRDA:247,22,2,0
BRDA:263,23,0,0
BRDA:263,23,1,0
BRDA:268,24,0,0
BRDA:268,24,1,0
BRDA:289,25,0,0
BRDA:289,25,1,0
BRDA:294,26,0,0
BRDA:294,26,1,0
BRDA:294,27,0,0
BRDA:294,27,1,0
BRDA:294,27,2,0
BRDA:294,27,3,0
BRDA:294,27,4,0
BRDA:305,28,0,0
BRDA:305,28,1,0
BRDA:312,29,0,0
BRDA:312,29,1,0
BRDA:318,30,0,0
BRDA:318,30,1,0
BRDA:319,31,0,0
BRDA:319,31,1,0
BRDA:330,32,0,0
BRDA:330,32,1,0
BRDA:341,33,0,0
BRDA:341,33,1,0
BRDA:359,34,0,0
BRDA:359,34,1,0
BRDA:364,35,0,0
BRDA:364,35,1,0
BRDA:365,36,0,0
BRDA:365,36,1,0
BRDA:367,37,0,0
BRDA:367,37,1,0
BRDA:367,38,0,0
BRDA:367,38,1,0
BRDA:379,39,0,0
BRDA:379,39,1,0
BRDA:389,40,0,0
BRDA:389,40,1,0
BRDA:395,41,0,0
BRDA:395,41,1,0
BRDA:402,42,0,0
BRDA:402,42,1,0
BRDA:402,43,0,0
BRDA:402,43,1,0
BRDA:402,43,2,0
BRDA:405,44,0,0
BRDA:405,44,1,0
BRDA:406,45,0,0
BRDA:406,45,1,0
BRDA:408,46,0,0
BRDA:408,46,1,0
BRDA:408,47,0,0
BRDA:408,47,1,0
BRDA:416,48,0,0
BRDA:416,48,1,0
BRDA:438,49,0,0
BRDA:438,49,1,0
BRDA:441,50,0,0
BRDA:441,50,1,0
BRDA:441,51,0,0
BRDA:441,51,1,0
BRDA:453,52,0,0
BRDA:453,52,1,0
BRDA:453,53,0,0
BRDA:453,53,1,0
BRDA:453,53,2,0
BRDA:468,54,0,0
BRDA:468,54,1,0
BRDA:485,55,0,0
BRDA:485,55,1,0
BRDA:485,56,0,0
BRDA:485,56,1,0
BRDA:510,57,0,0
BRDA:510,57,1,0
BRDA:519,58,0,0
BRDA:519,58,1,0
BRDA:519,59,0,0
BRDA:519,59,1,0
BRDA:519,59,2,0
BRDA:535,60,0,0
BRDA:535,60,1,0
BRDA:535,61,0,0
BRDA:535,61,1,0
BRDA:536,62,0,0
BRDA:536,62,1,0
BRDA:542,63,0,0
BRDA:542,63,1,0
BRDA:543,64,0,0
BRDA:543,64,1,0
BRDA:550,65,0,0
BRDA:550,65,1,0
BRDA:550,66,0,0
BRDA:550,66,1,0
BRDA:551,67,0,0
BRDA:551,67,1,0
BRDA:556,68,0,0
BRDA:556,68,1,0
BRDA:558,69,0,0
BRDA:558,69,1,0
BRDA:563,70,0,0
BRDA:563,70,1,0
BRDA:564,71,0,0
BRDA:564,71,1,0
BRDA:566,72,0,0
BRDA:566,72,1,0
BRDA:566,73,0,0
BRDA:566,73,1,0
BRDA:574,74,0,0
BRDA:574,74,1,0
BRF:157
BRH:0
end_of_record
TN:
SF:src\services\nutritionService.ts
FN:5,(anonymous_0)
FN:15,(anonymous_1)
FN:31,(anonymous_2)
FNF:3
FNH:0
FNDA:0,(anonymous_0)
FNDA:0,(anonymous_1)
FNDA:0,(anonymous_2)
DA:5,0
DA:6,0
DA:7,0
DA:8,0
DA:10,0
DA:11,0
DA:15,0
DA:16,0
DA:17,0
DA:18,0
DA:20,0
DA:24,0
DA:26,0
DA:27,0
DA:31,0
DA:33,0
DA:34,0
DA:35,0
DA:37,0
LF:19
LH:0
BRF:0
BRH:0
end_of_record
TN:
SF:src\services\openFoodFactsAPI.ts
FN:48,(anonymous_0)
FN:59,(anonymous_1)
FN:87,(anonymous_2)
FN:120,(anonymous_3)
FN:148,(anonymous_4)
FN:176,(anonymous_5)
FNF:6
FNH:0
FNDA:0,(anonymous_0)
FNDA:0,(anonymous_1)
FNDA:0,(anonymous_2)
FNDA:0,(anonymous_3)
FNDA:0,(anonymous_4)
FNDA:0,(anonymous_5)
DA:49,0
DA:50,0
DA:51,0
DA:53,0
DA:60,0
DA:61,0
DA:63,0
DA:71,0
DA:72,0
DA:74,0
DA:76,0
DA:77,0
DA:88,0
DA:89,0
DA:91,0
DA:96,0
DA:104,0
DA:105,0
DA:107,0
DA:109,0
DA:110,0
DA:121,0
DA:122,0
DA:124,0
DA:132,0
DA:133,0
DA:135,0
DA:137,0
DA:138,0
DA:149,0
DA:150,0
DA:152,0
DA:160,0
DA:161,0
DA:163,0
DA:165,0
DA:166,0
DA:177,0
DA:178,0
DA:186,0
DA:187,0
DA:189,0
DA:190,0
DA:198,0
LF:44
LH:0
BRDA:49,0,0,0
BRDA:49,0,1,0
BRDA:51,1,0,0
BRDA:51,1,1,0
BRDA:79,2,0,0
BRDA:79,2,1,0
BRDA:87,3,0,0
BRDA:112,4,0,0
BRDA:112,4,1,0
BRDA:140,5,0,0
BRDA:140,5,1,0
BRDA:168,6,0,0
BRDA:168,6,1,0
BRF:13
BRH:0
end_of_record
TN:
SF:src\services\openaiAPI.ts
FN:22,(anonymous_0)
FN:31,(anonymous_1)
FN:35,(anonymous_2)
FN:62,(anonymous_3)
FN:85,(anonymous_4)
FN:168,(anonymous_5)
FN:183,(anonymous_6)
FN:188,(anonymous_7)
FN:197,(anonymous_8)
FN:225,(anonymous_9)
FN:227,(anonymous_10)
FN:231,(anonymous_11)
FN:260,(anonymous_12)
FNF:13
FNH:0
FNDA:0,(anonymous_0)
FNDA:0,(anonymous_1)
FNDA:0,(anonymous_2)
FNDA:0,(anonymous_3)
FNDA:0,(anonymous_4)
FNDA:0,(anonymous_5)
FNDA:0,(anonymous_6)
FNDA:0,(anonymous_7)
FNDA:0,(anonymous_8)
FNDA:0,(anonymous_9)
FNDA:0,(anonymous_10)
FNDA:0,(anonymous_11)
FNDA:0,(anonymous_12)
DA:23,0
DA:24,0
DA:25,0
DA:26,0
DA:27,0
DA:31,0
DA:32,0
DA:36,0
DA:37,0
DA:48,0
DA:49,0
DA:51,0
DA:52,0
DA:55,0
DA:57,0
DA:58,0
DA:63,0
DA:70,0
DA:71,0
DA:72,0
DA:74,0
DA:75,0
DA:78,0
DA:79,0
DA:81,0
DA:85,0
DA:86,0
DA:89,0
DA:91,0
DA:92,0
DA:93,0
DA:94,0
DA:104,0
DA:106,0
DA:129,0
DA:130,0
DA:131,0
DA:134,0
DA:136,0
DA:137,0
DA:138,0
DA:141,0
DA:144,0
DA:145,0
DA:146,0
DA:147,0
DA:148,0
DA:151,0
DA:153,0
DA:162,0
DA:163,0
DA:170,0
DA:171,0
DA:173,0
DA:174,0
DA:175,0
DA:179,0
DA:184,0
DA:185,0
DA:190,0
DA:191,0
DA:192,0
DA:194,0
DA:198,0
DA:199,0
DA:201,0
DA:203,0
DA:204,0
DA:205,0
DA:206,0
DA:209,0
DA:210,0
DA:211,0
DA:212,0
DA:217,0
DA:218,0
DA:219,0
DA:222,0
DA:226,0
DA:227,0
DA:232,0
DA:261,0
DA:281,0
LF:83
LH:0
BRDA:23,0,0,0
BRDA:23,0,1,0
BRDA:27,1,0,0
BRDA:27,1,1,0
BRDA:32,2,0,0
BRDA:32,2,1,0
BRDA:49,3,0,0
BRDA:49,3,1,0
BRDA:51,4,0,0
BRDA:51,4,1,0
BRDA:62,5,0,0
BRDA:62,6,0,0
BRDA:71,7,0,0
BRDA:71,7,1,0
BRDA:74,8,0,0
BRDA:74,8,1,0
BRDA:92,9,0,0
BRDA:92,9,1,0
BRDA:129,10,0,0
BRDA:129,10,1,0
BRDA:136,11,0,0
BRDA:136,11,1,0
BRDA:136,12,0,0
BRDA:136,12,1,0
BRDA:136,12,2,0
BRDA:174,13,0,0
BRDA:174,13,1,0
BRDA:174,14,0,0
BRDA:174,14,1,0
BRDA:174,14,2,0
BRDA:185,15,0,0
BRDA:185,15,1,0
BRDA:191,16,0,0
BRDA:191,16,1,0
BRDA:204,17,0,0
BRDA:204,17,1,0
BRDA:204,18,0,0
BRDA:204,18,1,0
BRDA:209,19,0,0
BRDA:209,19,1,0
BRDA:209,20,0,0
BRDA:209,20,1,0
BRDA:209,20,2,0
BRDA:211,21,0,0
BRDA:211,21,1,0
BRDA:211,22,0,0
BRDA:211,22,1,0
BRDA:217,23,0,0
BRDA:217,23,1,0
BRF:49
BRH:0
end_of_record
TN:
SF:src\services\photoStorageService.ts
FN:19,(anonymous_0)
FN:49,(anonymous_1)
FN:52,(anonymous_2)
FN:67,(anonymous_3)
FN:78,(anonymous_4)
FN:81,(anonymous_5)
FN:89,(anonymous_6)
FN:92,(anonymous_7)
FN:100,(anonymous_8)
FN:104,(anonymous_9)
FN:105,(anonymous_10)
FN:107,(anonymous_11)
FN:113,(anonymous_12)
FN:119,(anonymous_13)
FN:129,(anonymous_14)
FN:135,(anonymous_15)
FNF:16
FNH:0
FNDA:0,(anonymous_0)
FNDA:0,(anonymous_1)
FNDA:0,(anonymous_2)
FNDA:0,(anonymous_3)
FNDA:0,(anonymous_4)
FNDA:0,(anonymous_5)
FNDA:0,(anonymous_6)
FNDA:0,(anonymous_7)
FNDA:0,(anonymous_8)
FNDA:0,(anonymous_9)
FNDA:0,(anonymous_10)
FNDA:0,(anonymous_11)
FNDA:0,(anonymous_12)
FNDA:0,(anonymous_13)
FNDA:0,(anonymous_14)
FNDA:0,(anonymous_15)
DA:16,0
DA:20,0
DA:21,0
DA:22,0
DA:24,0
DA:38,0
DA:40,0
DA:41,0
DA:43,0
DA:44,0
DA:50,0
DA:51,0
DA:52,0
DA:54,0
DA:56,0
DA:57,0
DA:58,0
DA:59,0
DA:61,0
DA:62,0
DA:68,0
DA:69,0
DA:70,0
DA:72,0
DA:73,0
DA:79,0
DA:80,0
DA:81,0
DA:83,0
DA:84,0
DA:90,0
DA:91,0
DA:92,0
DA:94,0
DA:95,0
DA:101,0
DA:105,0
DA:106,0
DA:107,0
DA:108,0
DA:109,0
DA:114,0
DA:115,0
DA:116,0
DA:120,0
DA:121,0
DA:122,0
DA:123,0
DA:125,0
DA:130,0
DA:131,0
DA:132,0
DA:133,0
DA:135,0
DA:136,0
DA:139,0
DA:140,0
DA:142,0
DA:147,0
LF:59
LH:0
BRDA:54,0,0,0
BRDA:54,0,1,0
BRDA:70,1,0,0
BRDA:70,1,1,0
BRDA:121,2,0,0
BRDA:121,2,1,0
BRDA:129,3,0,0
BRF:7
BRH:0
end_of_record
TN:
SF:src\services\readabilityService.ts
FN:4,getReadability
FNF:1
FNH:0
FNDA:0,getReadability
DA:2,0
DA:5,0
DA:6,0
LF:3
LH:0
BRF:0
BRH:0
end_of_record
TN:
SF:src\services\searchCache.ts
FN:14,(anonymous_0)
FN:19,(anonymous_1)
FN:32,(anonymous_2)
FN:38,(anonymous_3)
FN:64,(anonymous_4)
FN:67,(anonymous_5)
FN:84,(anonymous_6)
FN:87,(anonymous_7)
FN:100,(anonymous_8)
FN:109,(anonymous_9)
FN:120,(anonymous_10)
FN:129,(anonymous_11)
FN:132,(anonymous_12)
FNF:13
FNH:0
FNDA:0,(anonymous_0)
FNDA:0,(anonymous_1)
FNDA:0,(anonymous_2)
FNDA:0,(anonymous_3)
FNDA:0,(anonymous_4)
FNDA:0,(anonymous_5)
FNDA:0,(anonymous_6)
FNDA:0,(anonymous_7)
FNDA:0,(anonymous_8)
FNDA:0,(anonymous_9)
FNDA:0,(anonymous_10)
FNDA:0,(anonymous_11)
FNDA:0,(anonymous_12)
DA:9,0
DA:10,0
DA:11,0
DA:15,0
DA:16,0
DA:17,0
DA:19,0
DA:20,0
DA:24,0
DA:26,0
DA:27,0
DA:33,0
DA:34,0
DA:35,0
DA:38,0
DA:39,0
DA:43,0
DA:50,0
DA:53,0
DA:54,0
DA:57,0
DA:59,0
DA:65,0
DA:66,0
DA:67,0
DA:69,0
DA:70,0
DA:76,0
DA:78,0
DA:79,0
DA:85,0
DA:86,0
DA:87,0
DA:88,0
DA:91,0
DA:92,0
DA:95,0
DA:101,0
DA:102,0
DA:104,0
DA:110,0
DA:111,0
DA:112,0
DA:114,0
DA:115,0
DA:121,0
DA:122,0
DA:124,0
DA:130,0
DA:131,0
DA:132,0
DA:135,0
DA:142,0
LF:53
LH:0
BRDA:20,0,0,0
BRDA:20,0,1,0
BRDA:24,1,0,0
BRDA:24,1,1,0
BRDA:53,2,0,0
BRDA:53,2,1,0
BRDA:69,3,0,0
BRDA:69,3,1,0
BRDA:69,4,0,0
BRDA:69,4,1,0
BRDA:91,5,0,0
BRDA:91,5,1,0
BRDA:112,6,0,0
BRDA:112,6,1,0
BRDA:131,7,0,0
BRDA:131,7,1,0
BRDA:137,8,0,0
BRDA:137,8,1,0
BRF:18
BRH:0
end_of_record
TN:
SF:src\services\searchService.ts
FN:29,(anonymous_0)
FN:63,(anonymous_1)
FN:67,(anonymous_2)
FN:94,(anonymous_3)
FNF:4
FNH:0
FNDA:0,(anonymous_0)
FNDA:0,(anonymous_1)
FNDA:0,(anonymous_2)
FNDA:0,(anonymous_3)
DA:29,0
DA:30,0
DA:31,0
DA:34,0
DA:35,0
DA:38,0
DA:48,0
DA:50,0
DA:63,0
DA:64,0
DA:67,0
DA:70,0
DA:71,0
DA:82,0
DA:94,0
DA:95,0
DA:96,0
DA:98,0
DA:99,0
LF:19
LH:0
BRDA:39,0,0,0
BRDA:39,0,1,0
BRDA:40,1,0,0
BRDA:40,1,1,0
BRDA:41,2,0,0
BRDA:41,2,1,0
BRDA:42,3,0,0
BRDA:42,3,1,0
BRDA:42,3,2,0
BRDA:43,4,0,0
BRDA:43,4,1,0
BRDA:44,5,0,0
BRDA:44,5,1,0
BRDA:45,6,0,0
BRDA:45,6,1,0
BRDA:70,7,0,0
BRDA:70,7,1,0
BRF:17
BRH:0
end_of_record
TN:
SF:src\services\wihyAPI.ts
FN:98,(anonymous_0)
FN:105,(anonymous_1)
FN:151,(anonymous_2)
FN:204,(anonymous_3)
FN:214,(anonymous_4)
FN:232,(anonymous_5)
FN:257,(anonymous_6)
FN:275,(anonymous_7)
FN:294,(anonymous_8)
FN:310,(anonymous_9)
FN:337,(anonymous_10)
FN:348,(anonymous_11)
FN:357,(anonymous_12)
FN:376,(anonymous_13)
FN:386,(anonymous_14)
FN:395,(anonymous_15)
FN:408,(anonymous_16)
FN:412,(anonymous_17)
FN:423,(anonymous_18)
FN:427,(anonymous_19)
FN:438,(anonymous_20)
FNF:21
FNH:0
FNDA:0,(anonymous_0)
FNDA:0,(anonymous_1)
FNDA:0,(anonymous_2)
FNDA:0,(anonymous_3)
FNDA:0,(anonymous_4)
FNDA:0,(anonymous_5)
FNDA:0,(anonymous_6)
FNDA:0,(anonymous_7)
FNDA:0,(anonymous_8)
FNDA:0,(anonymous_9)
FNDA:0,(anonymous_10)
FNDA:0,(anonymous_11)
FNDA:0,(anonymous_12)
FNDA:0,(anonymous_13)
FNDA:0,(anonymous_14)
FNDA:0,(anonymous_15)
FNDA:0,(anonymous_16)
FNDA:0,(anonymous_17)
FNDA:0,(anonymous_18)
FNDA:0,(anonymous_19)
FNDA:0,(anonymous_20)
DA:99,0
DA:106,0
DA:107,0
DA:111,0
DA:113,0
DA:120,0
DA:124,0
DA:130,0
DA:131,0
DA:134,0
DA:135,0
DA:136,0
DA:138,0
DA:140,0
DA:141,0
DA:144,0
DA:153,0
DA:154,0
DA:192,0
DA:204,0
DA:214,0
DA:233,0
DA:237,0
DA:246,0
DA:247,0
DA:249,0
DA:251,0
DA:258,0
DA:264,0
DA:265,0
DA:267,0
DA:269,0
DA:276,0
DA:282,0
DA:283,0
DA:285,0
DA:287,0
DA:296,0
DA:297,0
DA:299,0
DA:301,0
DA:302,0
DA:303,0
DA:304,0
DA:305,0
DA:306,0
DA:307,0
DA:308,0
DA:309,0
DA:310,0
DA:311,0
DA:315,0
DA:316,0
DA:317,0
DA:320,0
DA:321,0
DA:325,0
DA:326,0
DA:328,0
DA:331,0
DA:332,0
DA:335,0
DA:336,0
DA:337,0
DA:338,0
DA:339,0
DA:340,0
DA:341,0
DA:346,0
DA:347,0
DA:348,0
DA:349,0
DA:351,0
DA:355,0
DA:356,0
DA:357,0
DA:358,0
DA:359,0
DA:360,0
DA:361,0
DA:362,0
DA:363,0
DA:368,0
DA:369,0
DA:374,0
DA:375,0
DA:376,0
DA:377,0
DA:378,0
DA:383,0
DA:384,0
DA:385,0
DA:386,0
DA:387,0
DA:389,0
DA:393,0
DA:394,0
DA:395,0
DA:396,0
DA:400,0
DA:402,0
DA:409,0
DA:411,0
DA:412,0
DA:413,0
DA:417,0
DA:424,0
DA:426,0
DA:427,0
DA:428,0
DA:432,0
DA:440,0
DA:443,0
DA:445,0
DA:447,0
DA:448,0
DA:460,0
DA:464,0
DA:465,0
DA:468,0
DA:469,0
DA:472,0
DA:473,0
DA:474,0
DA:475,0
DA:477,0
DA:481,0
DA:486,0
LF:128
LH:0
BRDA:111,0,0,0
BRDA:111,0,1,0
BRDA:116,1,0,0
BRDA:116,1,1,0
BRDA:130,2,0,0
BRDA:130,2,1,0
BRDA:140,3,0,0
BRDA:140,3,1,0
BRDA:141,4,0,0
BRDA:141,4,1,0
BRDA:153,5,0,0
BRDA:153,5,1,0
BRDA:153,6,0,0
BRDA:153,6,1,0
BRDA:200,7,0,0
BRDA:200,7,1,0
BRDA:200,7,2,0
BRDA:204,8,0,0
BRDA:204,8,1,0
BRDA:214,9,0,0
BRDA:214,9,1,0
BRDA:225,10,0,0
BRDA:225,10,1,0
BRDA:225,10,2,0
BRDA:233,11,0,0
BRDA:233,11,1,0
BRDA:233,12,0,0
BRDA:233,12,1,0
BRDA:247,13,0,0
BRDA:247,13,1,0
BRDA:261,14,0,0
BRDA:261,14,1,0
BRDA:265,15,0,0
BRDA:265,15,1,0
BRDA:279,16,0,0
BRDA:279,16,1,0
BRDA:283,17,0,0
BRDA:283,17,1,0
BRDA:296,18,0,0
BRDA:296,18,1,0
BRDA:296,19,0,0
BRDA:296,19,1,0
BRDA:301,20,0,0
BRDA:301,20,1,0
BRDA:303,21,0,0
BRDA:303,21,1,0
BRDA:305,22,0,0
BRDA:305,22,1,0
BRDA:308,23,0,0
BRDA:308,23,1,0
BRDA:308,24,0,0
BRDA:308,24,1,0
BRDA:331,25,0,0
BRDA:331,25,1,0
BRDA:335,26,0,0
BRDA:335,26,1,0
BRDA:346,27,0,0
BRDA:346,27,1,0
BRDA:355,28,0,0
BRDA:355,28,1,0
BRDA:368,29,0,0
BRDA:368,29,1,0
BRDA:374,30,0,0
BRDA:374,30,1,0
BRDA:383,31,0,0
BRDA:383,31,1,0
BRDA:393,32,0,0
BRDA:393,32,1,0
BRDA:411,33,0,0
BRDA:411,33,1,0
BRDA:426,34,0,0
BRDA:426,34,1,0
BRDA:440,35,0,0
BRDA:440,35,1,0
BRDA:440,36,0,0
BRDA:440,36,1,0
BRDA:445,37,0,0
BRDA:445,37,1,0
BRDA:447,38,0,0
BRDA:447,38,1,0
BRDA:464,39,0,0
BRDA:464,39,1,0
BRDA:468,40,0,0
BRDA:468,40,1,0
BRDA:472,41,0,0
BRDA:472,41,1,0
BRDA:474,42,0,0
BRDA:474,42,1,0
BRDA:474,43,0,0
BRDA:474,43,1,0
BRF:90
BRH:0
end_of_record
TN:
SF:src\types\healthTypes.ts
FNF:0
FNH:0
LF:0
LH:0
BRF:0
BRH:0
end_of_record
TN:
SF:src\types\index.ts
FNF:0
FNH:0
LF:0
LH:0
BRF:0
BRH:0
end_of_record
